Log file open, 10/21/19 09:56:08
LogWindows: Failed to load 'aqProf.dll' (GetLastError=126)
LogWindows: File 'aqProf.dll' does not exist
LogWindows: Failed to load 'VtuneApi.dll' (GetLastError=126)
LogWindows: File 'VtuneApi.dll' does not exist
LogWindows: Failed to load 'VtuneApi32e.dll' (GetLastError=126)
LogWindows: File 'VtuneApi32e.dll' does not exist
LogConsoleResponse: Display: Failed to find resolution value strings in scalability ini. Falling back to default.
LogInit: Display: Running engine for game: Risk_of_Rhythm
LogPakFile: Registered encryption key '00000000000000000000000000000000': 0 pak files mounted, 0 remain pending
LogPlatformFile: Not using cached read wrapper
LogTaskGraph: Started task graph with 5 named threads and 23 total threads with 3 sets of task threads.
LogStats: Stats thread started at 0.280173
LogD3D11RHI: Loaded GFSDK_Aftermath_Lib.x64.dll
LogICUInternationalization: ICU TimeZone Detection - Raw Offset: +10:00, Platform Override: ''
LogPluginManager: Mounting plugin Paper2D
LogPluginManager: Mounting plugin AISupport
LogPluginManager: Mounting plugin LightPropagationVolume
LogPluginManager: Mounting plugin ActorLayerUtilities
LogPluginManager: Mounting plugin AnimationSharing
LogPluginManager: Mounting plugin CLionSourceCodeAccess
LogPluginManager: Mounting plugin CodeLiteSourceCodeAccess
LogPluginManager: Mounting plugin GitSourceControl
LogPluginManager: Mounting plugin KDevelopSourceCodeAccess
LogPluginManager: Mounting plugin NullSourceCodeAccess
LogPluginManager: Mounting plugin PerforceSourceControl
LogPluginManager: Mounting plugin SubversionSourceControl
LogPluginManager: Mounting plugin UObjectPlugin
LogPluginManager: Mounting plugin VisualStudioCodeSourceCodeAccess
LogPluginManager: Mounting plugin VisualStudioSourceCodeAccess
LogPluginManager: Mounting plugin XCodeSourceCodeAccess
LogPluginManager: Mounting plugin AssetManagerEditor
LogPluginManager: Mounting plugin CryptoKeys
LogPluginManager: Mounting plugin DataValidation
LogPluginManager: Mounting plugin FacialAnimation
LogPluginManager: Mounting plugin GameplayTagsEditor
LogPluginManager: Mounting plugin MacGraphicsSwitching
LogPluginManager: Mounting plugin MaterialAnalyzer
LogPluginManager: Mounting plugin MobileLauncherProfileWizard
LogPluginManager: Mounting plugin PluginBrowser
LogPluginManager: Mounting plugin SpeedTreeImporter
LogPluginManager: Mounting plugin DatasmithContent
LogPluginManager: Mounting plugin VariantManagerContent
LogPluginManager: Mounting plugin AlembicImporter
LogPluginManager: Mounting plugin AppleImageUtils
LogPluginManager: Mounting plugin AppleVision
LogPluginManager: Mounting plugin BackChannel
LogPluginManager: Mounting plugin CharacterAI
LogPluginManager: Mounting plugin GeometryCache
LogPluginManager: Mounting plugin HTML5Networking
LogPluginManager: Mounting plugin ProxyLODPlugin
LogPluginManager: Mounting plugin SkeletalReduction
LogPluginManager: Mounting plugin MagicLeap
LogPluginManager: Mounting plugin MagicLeapMedia
LogPluginManager: Mounting plugin AndroidMedia
LogPluginManager: Mounting plugin AvfMedia
LogPluginManager: Mounting plugin ImgMedia
LogPluginManager: Mounting plugin LinearTimecode
LogPluginManager: Mounting plugin MediaCompositing
LogPluginManager: Mounting plugin MediaPlayerEditor
LogPluginManager: Mounting plugin WebMMedia
LogPluginManager: Mounting plugin WmfMedia
LogPluginManager: Mounting plugin TcpMessaging
LogPluginManager: Mounting plugin UdpMessaging
LogPluginManager: Mounting plugin ActorSequence
LogPluginManager: Mounting plugin LevelSequenceEditor
LogPluginManager: Mounting plugin MatineeToLevelSequence
LogPluginManager: Mounting plugin NetcodeUnitTest
LogPluginManager: Mounting plugin NUTUnrealEngine4
LogPluginManager: Mounting plugin OnlineSubsystemGooglePlay
LogPluginManager: Mounting plugin OnlineSubsystemIOS
LogPluginManager: Mounting plugin OnlineSubsystem
LogPluginManager: Mounting plugin OnlineSubsystemNull
LogPluginManager: Mounting plugin OnlineSubsystemUtils
LogPluginManager: Mounting plugin LauncherChunkInstaller
LogPluginManager: Mounting plugin AndroidDeviceProfileSelector
LogPluginManager: Mounting plugin AndroidMoviePlayer
LogPluginManager: Mounting plugin AndroidPermission
LogPluginManager: Mounting plugin AppleMoviePlayer
LogPluginManager: Mounting plugin ArchVisCharacter
LogPluginManager: Mounting plugin AudioCapture
LogPluginManager: Mounting plugin CableComponent
LogPluginManager: Mounting plugin CustomMeshComponent
LogPluginManager: Mounting plugin EditableMesh
LogPluginManager: Mounting plugin ExampleDeviceProfileSelector
LogPluginManager: Mounting plugin Firebase
LogPluginManager: Mounting plugin GoogleCloudMessaging
LogPluginManager: Mounting plugin IOSDeviceProfileSelector
LogPluginManager: Mounting plugin LinuxDeviceProfileSelector
LogPluginManager: Mounting plugin LocationServicesBPLibrary
LogPluginManager: Mounting plugin MobilePatchingUtils
LogPluginManager: Mounting plugin OculusVR
LogPluginManager: Mounting plugin PhysXVehicles
LogPluginManager: Mounting plugin ProceduralMeshComponent
LogPluginManager: Mounting plugin RuntimePhysXCooking
LogPluginManager: Mounting plugin SignificanceManager
LogPluginManager: Mounting plugin SoundVisualizations
LogPluginManager: Mounting plugin SteamVR
LogPluginManager: Mounting plugin WebMMoviePlayer
LogPluginManager: Mounting plugin WindowsMoviePlayer
LogInit: Using libcurl 7.55.1-DEV
LogInit:  - built for x86_64-pc-win32
LogInit:  - supports SSL with OpenSSL/1.1.1
LogInit:  - supports HTTP deflate (compression) using libz 1.2.8
LogInit:  - other features:
LogInit:      CURL_VERSION_SSL
LogInit:      CURL_VERSION_LIBZ
LogInit:      CURL_VERSION_IPV6
LogInit:      CURL_VERSION_ASYNCHDNS
LogInit:      CURL_VERSION_LARGEFILE
LogInit:      CURL_VERSION_IDN
LogInit:  CurlRequestOptions (configurable via config and command line):
LogInit:  - bVerifyPeer = true  - Libcurl will verify peer certificate
LogInit:  - bUseHttpProxy = false  - Libcurl will NOT use HTTP proxy
LogInit:  - bDontReuseConnections = false  - Libcurl will reuse connections
LogInit:  - MaxHostConnections = 16  - Libcurl will limit the number of connections to a host
LogInit:  - LocalHostAddr = Default
LogInit:  - BufferSize = 65536
LogInit: WinSock: version 1.1 (2.2), MaxSocks=32767, MaxUdp=65467
LogInit: Build: ++UE4+Release-4.22-CL-7053642
LogInit: Engine Version: 4.22.3-7053642+++UE4+Release-4.22
LogInit: Compatible Engine Version: 4.22.0-5660361+++UE4+Release-4.22
LogInit: Net CL: 5660361
LogInit: OS: Windows 10 (Release 1809) (), CPU: Intel(R) Core(TM) i7-6700K CPU @ 4.00GHz, GPU: NVIDIA GeForce GTX TITAN X
LogInit: Compiled (64-bit): Jun 18 2019 03:09:11
LogInit: Compiled with Visual C++: 19.16.27025.01
LogInit: Build Configuration: Development
LogInit: Branch Name: ++UE4+Release-4.22
LogInit: Command Line: 
LogInit: Base Directory: f:/Program Files/Epic Games/UE_4.22/Engine/Binaries/Win64/
LogInit: Installed Engine Build: 1
LogDevObjectVersion: Number of dev versions registered: 23
LogDevObjectVersion:   Dev-Blueprints (B0D832E4-1F89-4F0D-ACCF-7EB736FD4AA2): 10
LogDevObjectVersion:   Dev-Build (E1C64328-A22C-4D53-A36C-8E866417BD8C): 0
LogDevObjectVersion:   Dev-Core (375EC13C-06E4-48FB-B500-84F0262A717E): 3
LogDevObjectVersion:   Dev-Editor (E4B068ED-F494-42E9-A231-DA0B2E46BB41): 30
LogDevObjectVersion:   Dev-Framework (CFFC743F-43B0-4480-9391-14DF171D2073): 35
LogDevObjectVersion:   Dev-Mobile (B02B49B5-BB20-44E9-A304-32B752E40360): 2
LogDevObjectVersion:   Dev-Networking (A4E4105C-59A1-49B5-A7C5-40C4547EDFEE): 0
LogDevObjectVersion:   Dev-Online (39C831C9-5AE6-47DC-9A44-9C173E1C8E7C): 0
LogDevObjectVersion:   Dev-Physics (78F01B33-EBEA-4F98-B9B4-84EACCB95AA2): 0
LogDevObjectVersion:   Dev-Platform (6631380F-2D4D-43E0-8009-CF276956A95A): 0
LogDevObjectVersion:   Dev-Rendering (12F88B9F-8875-4AFC-A67C-D90C383ABD29): 28
LogDevObjectVersion:   Dev-Sequencer (7B5AE74C-D270-4C10-A958-57980B212A5A): 11
LogDevObjectVersion:   Dev-VR (D7296918-1DD6-4BDD-9DE2-64A83CC13884): 2
LogDevObjectVersion:   Dev-LoadTimes (C2A15278-BFE7-4AFE-6C17-90FF531DF755): 1
LogDevObjectVersion:   Private-Geometry (6EACA3D4-40EC-4CC1-B786-8BED09428FC5): 3
LogDevObjectVersion:   Dev-AnimPhys (29E575DD-E0A3-4627-9D10-D276232CDCEA): 17
LogDevObjectVersion:   Dev-Anim (AF43A65D-7FD3-4947-9873-3E8ED9C1BB05): 2
LogDevObjectVersion:   Dev-ReflectionCapture (6B266CEC-1EC7-4B8F-A30B-E4D90942FC07): 1
LogDevObjectVersion:   Dev-Automation (0DF73D61-A23F-47EA-B727-89E90C41499A): 1
LogDevObjectVersion:   FortniteMain (601D1886-AC64-4F84-AA16-D3DE0DEAC7D6): 25
LogDevObjectVersion:   Dev-Enterprise (9DFFBCD6-494F-0158-E221-12823C92A888): 6
LogDevObjectVersion:   Dev-Niagara (F2AED0AC-9AFE-416F-8664-AA7FFA26D6FC): 1
LogDevObjectVersion:   Dev-Destruction (174F1F0B-B4C6-45A5-B13F-2EE8D0FB917D): 2
LogInit: Presizing for max 16777216 objects, including 0 objects not considered by GC, pre-allocating 0 bytes for permanent pool.
LogInit: Object subsystem initialized
LogConfig: Setting CVar [[con.DebugEarlyDefault:1]]
LogConfig: Setting CVar [[r.setres:1280x720]]
[2019.10.20-22.56.08:640][  0]LogConfig: Setting CVar [[r.VSync:0]]
[2019.10.20-22.56.08:640][  0]LogConfig: Setting CVar [[r.RHICmdBypass:0]]
[2019.10.20-22.56.08:640][  0]LogConfig: Applying CVar settings from Section [/Script/Engine.RendererSettings] File [C:/Users/ASUS Z170-k/Documents/GitHub/FIT3145-Risk-of-Rhythem/Risk_of_Rhythm/Saved/Config/Windows/Engine.ini]
[2019.10.20-22.56.08:640][  0]LogConfig: Setting CVar [[r.GPUCrashDebugging:0]]
[2019.10.20-22.56.08:640][  0]LogConfig: Applying CVar settings from Section [/Script/Engine.RendererOverrideSettings] File [C:/Users/ASUS Z170-k/Documents/GitHub/FIT3145-Risk-of-Rhythem/Risk_of_Rhythm/Saved/Config/Windows/Engine.ini]
[2019.10.20-22.56.08:640][  0]LogConfig: Applying CVar settings from Section [/Script/Engine.StreamingSettings] File [C:/Users/ASUS Z170-k/Documents/GitHub/FIT3145-Risk-of-Rhythem/Risk_of_Rhythm/Saved/Config/Windows/Engine.ini]
[2019.10.20-22.56.08:640][  0]LogConfig: Setting CVar [[s.MinBulkDataSizeForAsyncLoading:131072]]
[2019.10.20-22.56.08:640][  0]LogConfig: Setting CVar [[s.AsyncLoadingThreadEnabled:0]]
[2019.10.20-22.56.08:640][  0]LogConfig: Setting CVar [[s.EventDrivenLoaderEnabled:1]]
[2019.10.20-22.56.08:640][  0]LogConfig: Setting CVar [[s.WarnIfTimeLimitExceeded:0]]
[2019.10.20-22.56.08:640][  0]LogConfig: Setting CVar [[s.TimeLimitExceededMultiplier:1.5]]
[2019.10.20-22.56.08:640][  0]LogConfig: Setting CVar [[s.TimeLimitExceededMinTime:0.005]]
[2019.10.20-22.56.08:640][  0]LogConfig: Setting CVar [[s.UseBackgroundLevelStreaming:1]]
[2019.10.20-22.56.08:640][  0]LogConfig: Setting CVar [[s.PriorityAsyncLoadingExtraTime:15.0]]
[2019.10.20-22.56.08:640][  0]LogConfig: Setting CVar [[s.LevelStreamingActorsUpdateTimeLimit:5.0]]
[2019.10.20-22.56.08:641][  0]LogConfig: Setting CVar [[s.PriorityLevelStreamingActorsUpdateExtraTime:5.0]]
[2019.10.20-22.56.08:641][  0]LogConfig: Setting CVar [[s.LevelStreamingComponentsRegistrationGranularity:10]]
[2019.10.20-22.56.08:641][  0]LogConfig: Setting CVar [[s.UnregisterComponentsTimeLimit:1.0]]
[2019.10.20-22.56.08:641][  0]LogConfig: Setting CVar [[s.LevelStreamingComponentsUnregistrationGranularity:5]]
[2019.10.20-22.56.08:641][  0]LogConfig: Applying CVar settings from Section [/Script/Engine.GarbageCollectionSettings] File [C:/Users/ASUS Z170-k/Documents/GitHub/FIT3145-Risk-of-Rhythem/Risk_of_Rhythm/Saved/Config/Windows/Engine.ini]
[2019.10.20-22.56.08:641][  0]LogConfig: Setting CVar [[gc.MaxObjectsNotConsideredByGC:1]]
[2019.10.20-22.56.08:641][  0]LogConfig: Setting CVar [[gc.SizeOfPermanentObjectPool:0]]
[2019.10.20-22.56.08:641][  0]LogConfig: Setting CVar [[gc.FlushStreamingOnGC:0]]
[2019.10.20-22.56.08:641][  0]LogConfig: Setting CVar [[gc.NumRetriesBeforeForcingGC:10]]
[2019.10.20-22.56.08:641][  0]LogConfig: Setting CVar [[gc.AllowParallelGC:1]]
[2019.10.20-22.56.08:641][  0]LogConfig: Setting CVar [[gc.TimeBetweenPurgingPendingKillObjects:61.1]]
[2019.10.20-22.56.08:641][  0]LogConfig: Setting CVar [[gc.MaxObjectsInEditor:16777216]]
[2019.10.20-22.56.08:641][  0]LogConfig: Setting CVar [[gc.IncrementalBeginDestroyEnabled:1]]
[2019.10.20-22.56.08:641][  0]LogConfig: Setting CVar [[gc.CreateGCClusters:1]]
[2019.10.20-22.56.08:641][  0]LogConfig: Setting CVar [[gc.MinGCClusterSize:5]]
[2019.10.20-22.56.08:641][  0]LogConfig: Setting CVar [[gc.ActorClusteringEnabled:0]]
[2019.10.20-22.56.08:641][  0]LogConfig: Setting CVar [[gc.BlueprintClusteringEnabled:0]]
[2019.10.20-22.56.08:641][  0]LogConfig: Setting CVar [[gc.UseDisregardForGCOnDedicatedServers:0]]
[2019.10.20-22.56.08:641][  0]LogConfig: Applying CVar settings from Section [/Script/Engine.NetworkSettings] File [C:/Users/ASUS Z170-k/Documents/GitHub/FIT3145-Risk-of-Rhythem/Risk_of_Rhythm/Saved/Config/Windows/Engine.ini]
[2019.10.20-22.56.08:641][  0]LogConfig: Applying CVar settings from Section [/Script/UnrealEd.CookerSettings] File [C:/Users/ASUS Z170-k/Documents/GitHub/FIT3145-Risk-of-Rhythem/Risk_of_Rhythm/Saved/Config/Windows/Engine.ini]
[2019.10.20-22.56.08:647][  0]LogConfig: Applying CVar settings from Section [ViewDistanceQuality@3] File [C:/Users/ASUS Z170-k/Documents/GitHub/FIT3145-Risk-of-Rhythem/Risk_of_Rhythm/Saved/Config/Windows/Scalability.ini]
[2019.10.20-22.56.08:647][  0]LogConfig: Setting CVar [[r.SkeletalMeshLODBias:0]]
[2019.10.20-22.56.08:647][  0]LogConfig: Setting CVar [[r.ViewDistanceScale:1.0]]
[2019.10.20-22.56.08:647][  0]LogConfig: Applying CVar settings from Section [AntiAliasingQuality@3] File [C:/Users/ASUS Z170-k/Documents/GitHub/FIT3145-Risk-of-Rhythem/Risk_of_Rhythm/Saved/Config/Windows/Scalability.ini]
[2019.10.20-22.56.08:647][  0]LogConfig: Setting CVar [[r.PostProcessAAQuality:4]]
[2019.10.20-22.56.08:647][  0]LogConfig: Applying CVar settings from Section [ShadowQuality@3] File [C:/Users/ASUS Z170-k/Documents/GitHub/FIT3145-Risk-of-Rhythem/Risk_of_Rhythm/Saved/Config/Windows/Scalability.ini]
[2019.10.20-22.56.08:647][  0]LogConfig: Setting CVar [[r.LightFunctionQuality:1]]
[2019.10.20-22.56.08:647][  0]LogConfig: Setting CVar [[r.ShadowQuality:5]]
[2019.10.20-22.56.08:647][  0]LogConfig: Setting CVar [[r.Shadow.CSM.MaxCascades:10]]
[2019.10.20-22.56.08:647][  0]LogConfig: Setting CVar [[r.Shadow.MaxResolution:2048]]
[2019.10.20-22.56.08:647][  0]LogConfig: Setting CVar [[r.Shadow.MaxCSMResolution:2048]]
[2019.10.20-22.56.08:647][  0]LogConfig: Setting CVar [[r.Shadow.RadiusThreshold:0.01]]
[2019.10.20-22.56.08:647][  0]LogConfig: Setting CVar [[r.Shadow.DistanceScale:1.0]]
[2019.10.20-22.56.08:647][  0]LogConfig: Setting CVar [[r.Shadow.CSM.TransitionScale:1.0]]
[2019.10.20-22.56.08:647][  0]LogConfig: Setting CVar [[r.Shadow.PreShadowResolutionFactor:1.0]]
[2019.10.20-22.56.08:647][  0]LogConfig: Setting CVar [[r.DistanceFieldShadowing:1]]
[2019.10.20-22.56.08:647][  0]LogConfig: Setting CVar [[r.DistanceFieldAO:1]]
[2019.10.20-22.56.08:647][  0]LogConfig: Setting CVar [[r.AOQuality:2]]
[2019.10.20-22.56.08:648][  0]LogConfig: Setting CVar [[r.VolumetricFog:1]]
[2019.10.20-22.56.08:648][  0]LogConfig: Setting CVar [[r.VolumetricFog.GridPixelSize:8]]
[2019.10.20-22.56.08:648][  0]LogConfig: Setting CVar [[r.VolumetricFog.GridSizeZ:128]]
[2019.10.20-22.56.08:648][  0]LogConfig: Setting CVar [[r.VolumetricFog.HistoryMissSupersampleCount:4]]
[2019.10.20-22.56.08:648][  0]LogConfig: Setting CVar [[r.LightMaxDrawDistanceScale:1]]
[2019.10.20-22.56.08:648][  0]LogConfig: Setting CVar [[r.CapsuleShadows:1]]
[2019.10.20-22.56.08:648][  0]LogConfig: Applying CVar settings from Section [PostProcessQuality@3] File [C:/Users/ASUS Z170-k/Documents/GitHub/FIT3145-Risk-of-Rhythem/Risk_of_Rhythm/Saved/Config/Windows/Scalability.ini]
[2019.10.20-22.56.08:648][  0]LogConfig: Setting CVar [[r.MotionBlurQuality:4]]
[2019.10.20-22.56.08:648][  0]LogConfig: Setting CVar [[r.AmbientOcclusionMipLevelFactor:0.4]]
[2019.10.20-22.56.08:648][  0]LogConfig: Setting CVar [[r.AmbientOcclusionMaxQuality:100]]
[2019.10.20-22.56.08:648][  0]LogConfig: Setting CVar [[r.AmbientOcclusionLevels:-1]]
[2019.10.20-22.56.08:648][  0]LogConfig: Setting CVar [[r.AmbientOcclusionRadiusScale:1.0]]
[2019.10.20-22.56.08:648][  0]LogConfig: Setting CVar [[r.DepthOfFieldQuality:2]]
[2019.10.20-22.56.08:648][  0]LogConfig: Setting CVar [[r.RenderTargetPoolMin:400]]
[2019.10.20-22.56.08:648][  0]LogConfig: Setting CVar [[r.LensFlareQuality:2]]
[2019.10.20-22.56.08:648][  0]LogConfig: Setting CVar [[r.SceneColorFringeQuality:1]]
[2019.10.20-22.56.08:648][  0]LogConfig: Setting CVar [[r.EyeAdaptationQuality:2]]
[2019.10.20-22.56.08:648][  0]LogConfig: Setting CVar [[r.BloomQuality:5]]
[2019.10.20-22.56.08:648][  0]LogConfig: Setting CVar [[r.FastBlurThreshold:100]]
[2019.10.20-22.56.08:648][  0]LogConfig: Setting CVar [[r.Upscale.Quality:3]]
[2019.10.20-22.56.08:648][  0]LogConfig: Setting CVar [[r.Tonemapper.GrainQuantization:1]]
[2019.10.20-22.56.08:648][  0]LogConfig: Setting CVar [[r.LightShaftQuality:1]]
[2019.10.20-22.56.08:648][  0]LogConfig: Setting CVar [[r.Filter.SizeScale:1]]
[2019.10.20-22.56.08:648][  0]LogConfig: Setting CVar [[r.Tonemapper.Quality:5]]
[2019.10.20-22.56.08:648][  0]LogConfig: Setting CVar [[r.DOF.Gather.AccumulatorQuality:1        ; higher gathering accumulator quality]]
[2019.10.20-22.56.08:648][  0]LogConfig: Setting CVar [[r.DOF.Gather.PostfilterMethod:1          ; Median3x3 postfilering method]]
[2019.10.20-22.56.08:648][  0]LogConfig: Setting CVar [[r.DOF.Gather.EnableBokehSettings:0       ; no bokeh simulation when gathering]]
[2019.10.20-22.56.08:648][  0]LogConfig: Setting CVar [[r.DOF.Gather.RingCount:4                 ; medium number of samples when gathering]]
[2019.10.20-22.56.08:648][  0]LogConfig: Setting CVar [[r.DOF.Scatter.ForegroundCompositing:1    ; additive foreground scattering]]
[2019.10.20-22.56.08:648][  0]LogConfig: Setting CVar [[r.DOF.Scatter.BackgroundCompositing:2    ; additive background scattering]]
[2019.10.20-22.56.08:648][  0]LogConfig: Setting CVar [[r.DOF.Scatter.EnableBokehSettings:1      ; bokeh simulation when scattering]]
[2019.10.20-22.56.08:648][  0]LogConfig: Setting CVar [[r.DOF.Scatter.MaxSpriteRatio:0.1         ; only a maximum of 10% of scattered bokeh]]
[2019.10.20-22.56.08:648][  0]LogConfig: Setting CVar [[r.DOF.Recombine.Quality:1                ; cheap slight out of focus]]
[2019.10.20-22.56.08:648][  0]LogConfig: Setting CVar [[r.DOF.Recombine.EnableBokehSettings:0    ; no bokeh simulation on slight out of focus]]
[2019.10.20-22.56.08:648][  0]LogConfig: Setting CVar [[r.DOF.TemporalAAQuality:1                ; more stable temporal accumulation]]
[2019.10.20-22.56.08:648][  0]LogConfig: Setting CVar [[r.DOF.Kernel.MaxForegroundRadius:0.025]]
[2019.10.20-22.56.08:648][  0]LogConfig: Setting CVar [[r.DOF.Kernel.MaxBackgroundRadius:0.025]]
[2019.10.20-22.56.08:648][  0]LogConfig: Applying CVar settings from Section [TextureQuality@3] File [C:/Users/ASUS Z170-k/Documents/GitHub/FIT3145-Risk-of-Rhythem/Risk_of_Rhythm/Saved/Config/Windows/Scalability.ini]
[2019.10.20-22.56.08:648][  0]LogConfig: Setting CVar [[r.Streaming.MipBias:0]]
[2019.10.20-22.56.08:648][  0]LogConfig: Setting CVar [[r.Streaming.AmortizeCPUToGPUCopy:0]]
[2019.10.20-22.56.08:648][  0]LogConfig: Setting CVar [[r.Streaming.MaxNumTexturesToStreamPerFrame:0]]
[2019.10.20-22.56.08:648][  0]LogConfig: Setting CVar [[r.Streaming.Boost:1]]
[2019.10.20-22.56.08:648][  0]LogConfig: Setting CVar [[r.MaxAnisotropy:8]]
[2019.10.20-22.56.08:648][  0]LogConfig: Setting CVar [[r.Streaming.LimitPoolSizeToVRAM:0]]
[2019.10.20-22.56.08:648][  0]LogConfig: Setting CVar [[r.Streaming.PoolSize:1000]]
[2019.10.20-22.56.08:648][  0]LogConfig: Setting CVar [[r.Streaming.MaxEffectiveScreenSize:0]]
[2019.10.20-22.56.08:648][  0]LogConfig: Applying CVar settings from Section [EffectsQuality@3] File [C:/Users/ASUS Z170-k/Documents/GitHub/FIT3145-Risk-of-Rhythem/Risk_of_Rhythm/Saved/Config/Windows/Scalability.ini]
[2019.10.20-22.56.08:648][  0]LogConfig: Setting CVar [[r.TranslucencyLightingVolumeDim:64]]
[2019.10.20-22.56.08:648][  0]LogConfig: Setting CVar [[r.RefractionQuality:2]]
[2019.10.20-22.56.08:648][  0]LogConfig: Setting CVar [[r.SSR.Quality:3]]
[2019.10.20-22.56.08:648][  0]LogConfig: Setting CVar [[r.SceneColorFormat:4]]
[2019.10.20-22.56.08:648][  0]LogConfig: Setting CVar [[r.DetailMode:2]]
[2019.10.20-22.56.08:648][  0]LogConfig: Setting CVar [[r.TranslucencyVolumeBlur:1]]
[2019.10.20-22.56.08:648][  0]LogConfig: Setting CVar [[r.MaterialQualityLevel:1 ; High quality]]
[2019.10.20-22.56.08:648][  0]LogConfig: Setting CVar [[r.SSS.Scale:1]]
[2019.10.20-22.56.08:648][  0]LogConfig: Setting CVar [[r.SSS.SampleSet:2]]
[2019.10.20-22.56.08:648][  0]LogConfig: Setting CVar [[r.SSS.Quality:1]]
[2019.10.20-22.56.08:648][  0]LogConfig: Setting CVar [[r.SSS.HalfRes:1]]
[2019.10.20-22.56.08:648][  0]LogConfig: Setting CVar [[r.EmitterSpawnRateScale:1.0]]
[2019.10.20-22.56.08:648][  0]LogConfig: Setting CVar [[r.ParticleLightQuality:2]]
[2019.10.20-22.56.08:648][  0]LogConfig: Applying CVar settings from Section [FoliageQuality@3] File [C:/Users/ASUS Z170-k/Documents/GitHub/FIT3145-Risk-of-Rhythem/Risk_of_Rhythm/Saved/Config/Windows/Scalability.ini]
[2019.10.20-22.56.08:648][  0]LogConfig: Setting CVar [[foliage.DensityScale:1.0]]
[2019.10.20-22.56.08:648][  0]LogConfig: Setting CVar [[grass.DensityScale:1.0]]
[2019.10.20-22.56.08:648][  0]LogInit: Selected Device Profile: [Windows]
[2019.10.20-22.56.08:648][  0]LogInit: Applying CVar settings loaded from the selected device profile: [Windows]
[2019.10.20-22.56.08:661][  0]LogHAL: Display: Platform has ~ 32 GB [34289971200 / 34359738368 / 32], which maps to Largest [LargestMinGB=32, LargerMinGB=12, DefaultMinGB=8, SmallerMinGB=6, SmallestMinGB=0)
[2019.10.20-22.56.08:661][  0]LogConfig: Setting CVar [[r.Vulkan.UseRealUBs:0		; Required until we fix HLR fall-out]]
[2019.10.20-22.56.08:661][  0]LogInit: Going up to parent DeviceProfile []
[2019.10.20-22.56.08:661][  0]LogConfig: Applying CVar settings from Section [ViewDistanceQuality@3] File [C:/Users/ASUS Z170-k/Documents/GitHub/FIT3145-Risk-of-Rhythem/Risk_of_Rhythm/Saved/Config/Windows/Scalability.ini]
[2019.10.20-22.56.08:661][  0]LogConfig: Setting CVar [[r.SkeletalMeshLODBias:0]]
[2019.10.20-22.56.08:661][  0]LogConfig: Setting CVar [[r.ViewDistanceScale:1.0]]
[2019.10.20-22.56.08:661][  0]LogConfig: Applying CVar settings from Section [AntiAliasingQuality@3] File [C:/Users/ASUS Z170-k/Documents/GitHub/FIT3145-Risk-of-Rhythem/Risk_of_Rhythm/Saved/Config/Windows/Scalability.ini]
[2019.10.20-22.56.08:661][  0]LogConfig: Setting CVar [[r.PostProcessAAQuality:4]]
[2019.10.20-22.56.08:661][  0]LogConfig: Applying CVar settings from Section [ShadowQuality@3] File [C:/Users/ASUS Z170-k/Documents/GitHub/FIT3145-Risk-of-Rhythem/Risk_of_Rhythm/Saved/Config/Windows/Scalability.ini]
[2019.10.20-22.56.08:661][  0]LogConfig: Setting CVar [[r.LightFunctionQuality:1]]
[2019.10.20-22.56.08:661][  0]LogConfig: Setting CVar [[r.ShadowQuality:5]]
[2019.10.20-22.56.08:661][  0]LogConfig: Setting CVar [[r.Shadow.CSM.MaxCascades:10]]
[2019.10.20-22.56.08:661][  0]LogConfig: Setting CVar [[r.Shadow.MaxResolution:2048]]
[2019.10.20-22.56.08:661][  0]LogConfig: Setting CVar [[r.Shadow.MaxCSMResolution:2048]]
[2019.10.20-22.56.08:661][  0]LogConfig: Setting CVar [[r.Shadow.RadiusThreshold:0.01]]
[2019.10.20-22.56.08:661][  0]LogConfig: Setting CVar [[r.Shadow.DistanceScale:1.0]]
[2019.10.20-22.56.08:661][  0]LogConfig: Setting CVar [[r.Shadow.CSM.TransitionScale:1.0]]
[2019.10.20-22.56.08:661][  0]LogConfig: Setting CVar [[r.Shadow.PreShadowResolutionFactor:1.0]]
[2019.10.20-22.56.08:661][  0]LogConfig: Setting CVar [[r.DistanceFieldShadowing:1]]
[2019.10.20-22.56.08:661][  0]LogConfig: Setting CVar [[r.DistanceFieldAO:1]]
[2019.10.20-22.56.08:661][  0]LogConfig: Setting CVar [[r.AOQuality:2]]
[2019.10.20-22.56.08:661][  0]LogConfig: Setting CVar [[r.VolumetricFog:1]]
[2019.10.20-22.56.08:661][  0]LogConfig: Setting CVar [[r.VolumetricFog.GridPixelSize:8]]
[2019.10.20-22.56.08:661][  0]LogConfig: Setting CVar [[r.VolumetricFog.GridSizeZ:128]]
[2019.10.20-22.56.08:661][  0]LogConfig: Setting CVar [[r.VolumetricFog.HistoryMissSupersampleCount:4]]
[2019.10.20-22.56.08:661][  0]LogConfig: Setting CVar [[r.LightMaxDrawDistanceScale:1]]
[2019.10.20-22.56.08:661][  0]LogConfig: Setting CVar [[r.CapsuleShadows:1]]
[2019.10.20-22.56.08:661][  0]LogConfig: Applying CVar settings from Section [PostProcessQuality@3] File [C:/Users/ASUS Z170-k/Documents/GitHub/FIT3145-Risk-of-Rhythem/Risk_of_Rhythm/Saved/Config/Windows/Scalability.ini]
[2019.10.20-22.56.08:661][  0]LogConfig: Setting CVar [[r.MotionBlurQuality:4]]
[2019.10.20-22.56.08:661][  0]LogConfig: Setting CVar [[r.AmbientOcclusionMipLevelFactor:0.4]]
[2019.10.20-22.56.08:661][  0]LogConfig: Setting CVar [[r.AmbientOcclusionMaxQuality:100]]
[2019.10.20-22.56.08:661][  0]LogConfig: Setting CVar [[r.AmbientOcclusionLevels:-1]]
[2019.10.20-22.56.08:661][  0]LogConfig: Setting CVar [[r.AmbientOcclusionRadiusScale:1.0]]
[2019.10.20-22.56.08:661][  0]LogConfig: Setting CVar [[r.DepthOfFieldQuality:2]]
[2019.10.20-22.56.08:661][  0]LogConfig: Setting CVar [[r.RenderTargetPoolMin:400]]
[2019.10.20-22.56.08:661][  0]LogConfig: Setting CVar [[r.LensFlareQuality:2]]
[2019.10.20-22.56.08:661][  0]LogConfig: Setting CVar [[r.SceneColorFringeQuality:1]]
[2019.10.20-22.56.08:661][  0]LogConfig: Setting CVar [[r.EyeAdaptationQuality:2]]
[2019.10.20-22.56.08:661][  0]LogConfig: Setting CVar [[r.BloomQuality:5]]
[2019.10.20-22.56.08:661][  0]LogConfig: Setting CVar [[r.FastBlurThreshold:100]]
[2019.10.20-22.56.08:661][  0]LogConfig: Setting CVar [[r.Upscale.Quality:3]]
[2019.10.20-22.56.08:661][  0]LogConfig: Setting CVar [[r.Tonemapper.GrainQuantization:1]]
[2019.10.20-22.56.08:661][  0]LogConfig: Setting CVar [[r.LightShaftQuality:1]]
[2019.10.20-22.56.08:661][  0]LogConfig: Setting CVar [[r.Filter.SizeScale:1]]
[2019.10.20-22.56.08:661][  0]LogConfig: Setting CVar [[r.Tonemapper.Quality:5]]
[2019.10.20-22.56.08:661][  0]LogConfig: Setting CVar [[r.DOF.Gather.AccumulatorQuality:1        ; higher gathering accumulator quality]]
[2019.10.20-22.56.08:661][  0]LogConfig: Setting CVar [[r.DOF.Gather.PostfilterMethod:1          ; Median3x3 postfilering method]]
[2019.10.20-22.56.08:661][  0]LogConfig: Setting CVar [[r.DOF.Gather.EnableBokehSettings:0       ; no bokeh simulation when gathering]]
[2019.10.20-22.56.08:661][  0]LogConfig: Setting CVar [[r.DOF.Gather.RingCount:4                 ; medium number of samples when gathering]]
[2019.10.20-22.56.08:661][  0]LogConfig: Setting CVar [[r.DOF.Scatter.ForegroundCompositing:1    ; additive foreground scattering]]
[2019.10.20-22.56.08:661][  0]LogConfig: Setting CVar [[r.DOF.Scatter.BackgroundCompositing:2    ; additive background scattering]]
[2019.10.20-22.56.08:661][  0]LogConfig: Setting CVar [[r.DOF.Scatter.EnableBokehSettings:1      ; bokeh simulation when scattering]]
[2019.10.20-22.56.08:661][  0]LogConfig: Setting CVar [[r.DOF.Scatter.MaxSpriteRatio:0.1         ; only a maximum of 10% of scattered bokeh]]
[2019.10.20-22.56.08:661][  0]LogConfig: Setting CVar [[r.DOF.Recombine.Quality:1                ; cheap slight out of focus]]
[2019.10.20-22.56.08:661][  0]LogConfig: Setting CVar [[r.DOF.Recombine.EnableBokehSettings:0    ; no bokeh simulation on slight out of focus]]
[2019.10.20-22.56.08:661][  0]LogConfig: Setting CVar [[r.DOF.TemporalAAQuality:1                ; more stable temporal accumulation]]
[2019.10.20-22.56.08:661][  0]LogConfig: Setting CVar [[r.DOF.Kernel.MaxForegroundRadius:0.025]]
[2019.10.20-22.56.08:661][  0]LogConfig: Setting CVar [[r.DOF.Kernel.MaxBackgroundRadius:0.025]]
[2019.10.20-22.56.08:662][  0]LogConfig: Applying CVar settings from Section [TextureQuality@3] File [C:/Users/ASUS Z170-k/Documents/GitHub/FIT3145-Risk-of-Rhythem/Risk_of_Rhythm/Saved/Config/Windows/Scalability.ini]
[2019.10.20-22.56.08:662][  0]LogConfig: Setting CVar [[r.Streaming.MipBias:0]]
[2019.10.20-22.56.08:662][  0]LogConfig: Setting CVar [[r.Streaming.AmortizeCPUToGPUCopy:0]]
[2019.10.20-22.56.08:662][  0]LogConfig: Setting CVar [[r.Streaming.MaxNumTexturesToStreamPerFrame:0]]
[2019.10.20-22.56.08:662][  0]LogConfig: Setting CVar [[r.Streaming.Boost:1]]
[2019.10.20-22.56.08:662][  0]LogConfig: Setting CVar [[r.MaxAnisotropy:8]]
[2019.10.20-22.56.08:662][  0]LogConfig: Setting CVar [[r.Streaming.LimitPoolSizeToVRAM:0]]
[2019.10.20-22.56.08:662][  0]LogConfig: Setting CVar [[r.Streaming.PoolSize:1000]]
[2019.10.20-22.56.08:662][  0]LogConfig: Setting CVar [[r.Streaming.MaxEffectiveScreenSize:0]]
[2019.10.20-22.56.08:662][  0]LogConfig: Applying CVar settings from Section [EffectsQuality@3] File [C:/Users/ASUS Z170-k/Documents/GitHub/FIT3145-Risk-of-Rhythem/Risk_of_Rhythm/Saved/Config/Windows/Scalability.ini]
[2019.10.20-22.56.08:662][  0]LogConfig: Setting CVar [[r.TranslucencyLightingVolumeDim:64]]
[2019.10.20-22.56.08:662][  0]LogConfig: Setting CVar [[r.RefractionQuality:2]]
[2019.10.20-22.56.08:662][  0]LogConfig: Setting CVar [[r.SSR.Quality:3]]
[2019.10.20-22.56.08:662][  0]LogConfig: Setting CVar [[r.SceneColorFormat:4]]
[2019.10.20-22.56.08:662][  0]LogConfig: Setting CVar [[r.DetailMode:2]]
[2019.10.20-22.56.08:662][  0]LogConfig: Setting CVar [[r.TranslucencyVolumeBlur:1]]
[2019.10.20-22.56.08:662][  0]LogConfig: Setting CVar [[r.MaterialQualityLevel:1 ; High quality]]
[2019.10.20-22.56.08:662][  0]LogConfig: Setting CVar [[r.SSS.Scale:1]]
[2019.10.20-22.56.08:662][  0]LogConfig: Setting CVar [[r.SSS.SampleSet:2]]
[2019.10.20-22.56.08:662][  0]LogConfig: Setting CVar [[r.SSS.Quality:1]]
[2019.10.20-22.56.08:662][  0]LogConfig: Setting CVar [[r.SSS.HalfRes:1]]
[2019.10.20-22.56.08:662][  0]LogConfig: Setting CVar [[r.EmitterSpawnRateScale:1.0]]
[2019.10.20-22.56.08:662][  0]LogConfig: Setting CVar [[r.ParticleLightQuality:2]]
[2019.10.20-22.56.08:662][  0]LogConfig: Applying CVar settings from Section [FoliageQuality@3] File [C:/Users/ASUS Z170-k/Documents/GitHub/FIT3145-Risk-of-Rhythem/Risk_of_Rhythm/Saved/Config/Windows/Scalability.ini]
[2019.10.20-22.56.08:662][  0]LogConfig: Setting CVar [[foliage.DensityScale:1.0]]
[2019.10.20-22.56.08:662][  0]LogConfig: Setting CVar [[grass.DensityScale:1.0]]
[2019.10.20-22.56.08:662][  0]LogConfig: Applying CVar settings from Section [Startup] File [../../../Engine/Config/ConsoleVariables.ini]
[2019.10.20-22.56.08:662][  0]LogConfig: Setting CVar [[net.UseAdaptiveNetUpdateFrequency:0]]
[2019.10.20-22.56.08:662][  0]LogConfig: Setting CVar [[p.chaos.AllowCreatePhysxBodies:1]]
[2019.10.20-22.56.08:662][  0]LogConfig: Applying CVar settings from Section [ConsoleVariables] File [C:/Users/ASUS Z170-k/Documents/GitHub/FIT3145-Risk-of-Rhythem/Risk_of_Rhythm/Saved/Config/Windows/Engine.ini]
[2019.10.20-22.56.08:662][  0]LogInit: Computer: 终极蛇皮
[2019.10.20-22.56.08:662][  0]LogInit: User: ASUSZ170k
[2019.10.20-22.56.08:662][  0]LogInit: CPU Page size=4096, Cores=4
[2019.10.20-22.56.08:662][  0]LogInit: High frequency timer resolution =10.000000 MHz
[2019.10.20-22.56.08:663][  0]LogMemory: Memory total: Physical=31.9GB (32GB approx)
[2019.10.20-22.56.08:663][  0]LogMemory: Platform Memory Stats for Windows
[2019.10.20-22.56.08:663][  0]LogMemory: Process Physical Memory: 98.56 MB used, 98.56 MB peak
[2019.10.20-22.56.08:663][  0]LogMemory: Process Virtual Memory: 88.99 MB used, 88.99 MB peak
[2019.10.20-22.56.08:663][  0]LogMemory: Physical Memory: 7945.47 MB used,  24756.00 MB free, 32701.46 MB total
[2019.10.20-22.56.08:663][  0]LogMemory: Virtual Memory: 4656.59 MB used,  134213072.00 MB free, 134217728.00 MB total
[2019.10.20-22.56.08:685][  0]LogInit: Using OS detected language (en-US).
[2019.10.20-22.56.08:685][  0]LogInit: Using OS detected locale (zh-CN).
[2019.10.20-22.56.08:686][  0]LogTextLocalizationManager: No specific localization for 'en-US' exists, so the 'en' localization will be used.
[2019.10.20-22.56.08:845][  0]LogInit: Setting process to per monitor DPI aware
[2019.10.20-22.56.08:887][  0]LogSlate: New Slate User Created.  User Index 0, Is Virtual User: 0
[2019.10.20-22.56.08:887][  0]LogSlate: Slate User Registered.  User Index 0, Is Virtual User: 0
[2019.10.20-22.56.09:113][  0]LogHMD: Failed to initialize OpenVR with code 101
[2019.10.20-22.56.09:113][  0]LogD3D11RHI: D3D11 adapters:
[2019.10.20-22.56.09:171][  0]LogD3D11RHI:    0. 'NVIDIA GeForce GTX TITAN X' (Feature Level 11_0)
[2019.10.20-22.56.09:171][  0]LogD3D11RHI:       12238/0/16350 MB DedicatedVideo/DedicatedSystem/SharedSystem, Outputs:2, VendorId:0x10de
[2019.10.20-22.56.09:172][  0]LogD3D11RHI:    1. 'Microsoft Basic Render Driver' (Feature Level 11_0)
[2019.10.20-22.56.09:172][  0]LogD3D11RHI:       0/0/16350 MB DedicatedVideo/DedicatedSystem/SharedSystem, Outputs:0, VendorId:0x1414
[2019.10.20-22.56.09:172][  0]LogD3D11RHI: Chosen D3D11 Adapter: 0
[2019.10.20-22.56.09:179][  0]LogD3D11RHI: Creating new Direct3DDevice
[2019.10.20-22.56.09:179][  0]LogD3D11RHI:     GPU DeviceId: 0x17c2 (for the marketing name, search the web for "GPU Device Id")
[2019.10.20-22.56.09:179][  0]LogWindows: EnumDisplayDevices:
[2019.10.20-22.56.09:179][  0]LogWindows:    0. 'NVIDIA GeForce GTX TITAN X' (P:0 D:1)
[2019.10.20-22.56.09:179][  0]LogWindows:    1. 'NVIDIA GeForce GTX TITAN X' (P:1 D:1)
[2019.10.20-22.56.09:180][  0]LogWindows:    2. 'NVIDIA GeForce GTX TITAN X' (P:0 D:0)
[2019.10.20-22.56.09:180][  0]LogWindows:    3. 'NVIDIA GeForce GTX TITAN X' (P:0 D:0)
[2019.10.20-22.56.09:180][  0]LogWindows: DebugString: FoundDriverCount:4 
[2019.10.20-22.56.09:180][  0]LogD3D11RHI:     Adapter Name: NVIDIA GeForce GTX TITAN X
[2019.10.20-22.56.09:180][  0]LogD3D11RHI:   Driver Version: 425.31 (internal:25.21.14.2531, unified:425.31)
[2019.10.20-22.56.09:180][  0]LogD3D11RHI:      Driver Date: 4-9-2019
[2019.10.20-22.56.09:180][  0]LogRHI: Texture pool is 8567 MB (70% of 12238 MB)
[2019.10.20-22.56.09:213][  0]LogD3D11RHI: Async texture creation enabled
[2019.10.20-22.56.09:216][  0]LogRendererCore: FGlobalReadBuffer::InitRHI
[2019.10.20-22.56.09:217][  0]LogRendererCore: FGlobalReadBuffer::InitRHI
[2019.10.20-22.56.09:217][  0]LogRendererCore: FGlobalReadBuffer::InitRHI
[2019.10.20-22.56.09:224][  0]LogD3D11RHI: GPU Timing Frequency: 1000.000000 (Debug: 2 1)
[2019.10.20-22.56.09:582][  0]LogTemp: Display: Module 'AllDesktopTargetPlatform' loaded TargetPlatform 'AllDesktop'
[2019.10.20-22.56.09:592][  0]LogTemp: Display: Module 'MacClientTargetPlatform' loaded TargetPlatform 'MacClient'
[2019.10.20-22.56.09:603][  0]LogTemp: Display: Module 'MacNoEditorTargetPlatform' loaded TargetPlatform 'MacNoEditor'
[2019.10.20-22.56.09:614][  0]LogTemp: Display: Module 'MacServerTargetPlatform' loaded TargetPlatform 'MacServer'
[2019.10.20-22.56.09:628][  0]LogTemp: Display: Module 'MacTargetPlatform' loaded TargetPlatform 'Mac'
[2019.10.20-22.56.09:640][  0]LogTemp: Display: Module 'WindowsClientTargetPlatform' loaded TargetPlatform 'WindowsClient'
[2019.10.20-22.56.09:651][  0]LogTemp: Display: Module 'WindowsNoEditorTargetPlatform' loaded TargetPlatform 'WindowsNoEditor'
[2019.10.20-22.56.09:664][  0]LogTemp: Display: Module 'WindowsServerTargetPlatform' loaded TargetPlatform 'WindowsServer'
[2019.10.20-22.56.09:671][  0]LogTemp: Display: Module 'WindowsTargetPlatform' loaded TargetPlatform 'Windows'
[2019.10.20-22.56.09:744][  0]LogTemp: Display: Module 'AndroidTargetPlatform' loaded TargetPlatform 'Android'
[2019.10.20-22.56.09:744][  0]LogTemp: Display: Module 'AndroidTargetPlatform' loaded TargetPlatform 'Android_ASTC'
[2019.10.20-22.56.09:744][  0]LogTemp: Display: Module 'AndroidTargetPlatform' loaded TargetPlatform 'Android_ATC'
[2019.10.20-22.56.09:744][  0]LogTemp: Display: Module 'AndroidTargetPlatform' loaded TargetPlatform 'Android_DXT'
[2019.10.20-22.56.09:744][  0]LogTemp: Display: Module 'AndroidTargetPlatform' loaded TargetPlatform 'Android_ETC1'
[2019.10.20-22.56.09:744][  0]LogTemp: Display: Module 'AndroidTargetPlatform' loaded TargetPlatform 'Android_ETC1a'
[2019.10.20-22.56.09:744][  0]LogTemp: Display: Module 'AndroidTargetPlatform' loaded TargetPlatform 'Android_ETC2'
[2019.10.20-22.56.09:744][  0]LogTemp: Display: Module 'AndroidTargetPlatform' loaded TargetPlatform 'Android_PVRTC'
[2019.10.20-22.56.09:744][  0]LogTemp: Display: Module 'AndroidTargetPlatform' loaded TargetPlatform 'AndroidClient'
[2019.10.20-22.56.09:744][  0]LogTemp: Display: Module 'AndroidTargetPlatform' loaded TargetPlatform 'Android_ASTCClient'
[2019.10.20-22.56.09:744][  0]LogTemp: Display: Module 'AndroidTargetPlatform' loaded TargetPlatform 'Android_ATCClient'
[2019.10.20-22.56.09:744][  0]LogTemp: Display: Module 'AndroidTargetPlatform' loaded TargetPlatform 'Android_DXTClient'
[2019.10.20-22.56.09:744][  0]LogTemp: Display: Module 'AndroidTargetPlatform' loaded TargetPlatform 'Android_ETC1Client'
[2019.10.20-22.56.09:744][  0]LogTemp: Display: Module 'AndroidTargetPlatform' loaded TargetPlatform 'Android_ETC1aClient'
[2019.10.20-22.56.09:744][  0]LogTemp: Display: Module 'AndroidTargetPlatform' loaded TargetPlatform 'Android_ETC2Client'
[2019.10.20-22.56.09:744][  0]LogTemp: Display: Module 'AndroidTargetPlatform' loaded TargetPlatform 'Android_PVRTCClient'
[2019.10.20-22.56.09:744][  0]LogTemp: Display: Module 'AndroidTargetPlatform' loaded TargetPlatform 'Android_Multi'
[2019.10.20-22.56.09:744][  0]LogTemp: Display: Module 'AndroidTargetPlatform' loaded TargetPlatform 'Android_MultiClient'
[2019.10.20-22.56.09:745][  0]LogTemp: Display: Module 'HTML5TargetPlatform' loaded TargetPlatform 'HTML5'
[2019.10.20-22.56.09:792][  0]LogTemp: Display: Module 'IOSTargetPlatform' loaded TargetPlatform 'IOSClient'
[2019.10.20-22.56.09:792][  0]LogTemp: Display: Module 'IOSTargetPlatform' loaded TargetPlatform 'IOS'
[2019.10.20-22.56.09:812][  0]LogTemp: Display: Module 'TVOSTargetPlatform' loaded TargetPlatform 'TVOSClient'
[2019.10.20-22.56.09:812][  0]LogTemp: Display: Module 'TVOSTargetPlatform' loaded TargetPlatform 'TVOS'
[2019.10.20-22.56.09:822][  0]LogTemp: Display: Module 'LinuxClientTargetPlatform' loaded TargetPlatform 'LinuxClient'
[2019.10.20-22.56.09:832][  0]LogTemp: Display: Module 'LinuxNoEditorTargetPlatform' loaded TargetPlatform 'LinuxNoEditor'
[2019.10.20-22.56.09:843][  0]LogTemp: Display: Module 'LinuxServerTargetPlatform' loaded TargetPlatform 'LinuxServer'
[2019.10.20-22.56.09:853][  0]LogTemp: Display: Module 'LinuxTargetPlatform' loaded TargetPlatform 'Linux'
[2019.10.20-22.56.09:897][  0]LogTemp: Display: Module 'LuminTargetPlatform' loaded TargetPlatform 'Lumin'
[2019.10.20-22.56.09:897][  0]LogTemp: Display: Module 'LuminTargetPlatform' loaded TargetPlatform 'LuminClient'
[2019.10.20-22.56.09:897][  0]LogTargetPlatformManager: Display: Building Assets For Windows
[2019.10.20-22.56.09:903][  0]LogAudioDebug: Display: Lib vorbis DLL was dynamically loaded.
[2019.10.20-22.56.09:933][  0]LogShaderCompilers: Guid format shader working directory is -25 characters bigger than the processId version (C:/Users/ASUS Z170-k/Documents/GitHub/FIT3145-Risk-of-Rhythem/Risk_of_Rhythm/Intermediate/Shaders/WorkingDirectory/14464/).
[2019.10.20-22.56.09:934][  0]LogShaderCompilers: Cleaned the shader compiler working directory 'C:/Users/ASUS Z170-k/AppData/Local/Temp/UnrealShaderWorkingDir/09E8A23C49983D2B791DB0854F582B83/'.
[2019.10.20-22.56.09:935][  0]LogXGEController: Cleaning working directory: C:/Users/ASUS Z170-k/AppData/Local/Temp/UnrealXGEWorkingDir/
[2019.10.20-22.56.09:935][  0]LogXGEController: Cannot use XGE Controller as Incredibuild is not installed on this machine.
[2019.10.20-22.56.09:935][  0]LogShaderCompilers: Cannot use XGE Shader Compiler as Incredibuild is not installed on this machine.
[2019.10.20-22.56.09:935][  0]LogShaderCompilers: Display: Using Local Shader Compiler.
[2019.10.20-22.56.10:538][  0]LogDerivedDataCache: Display: Max Cache Size: 512 MB
[2019.10.20-22.56.10:585][  0]LogDerivedDataCache: Loaded boot cache 0.05s 71MB C:/Users/ASUS Z170-k/AppData/Local/UnrealEngine/4.22/DerivedDataCache/Boot.ddc.
[2019.10.20-22.56.10:586][  0]LogDerivedDataCache: Display: Loaded Boot cache: C:/Users/ASUS Z170-k/AppData/Local/UnrealEngine/4.22/DerivedDataCache/Boot.ddc
[2019.10.20-22.56.10:586][  0]LogDerivedDataCache: FDerivedDataBackendGraph:  Pak pak cache file C:/Users/ASUS Z170-k/Documents/GitHub/FIT3145-Risk-of-Rhythem/Risk_of_Rhythm/DerivedDataCache/DDC.ddp not found, will not use a pak cache.
[2019.10.20-22.56.10:586][  0]LogDerivedDataCache: Unable to find inner node Pak for hierarchical cache Hierarchy.
[2019.10.20-22.56.10:586][  0]LogDerivedDataCache: FDerivedDataBackendGraph:  CompressedPak pak cache file C:/Users/ASUS Z170-k/Documents/GitHub/FIT3145-Risk-of-Rhythem/Risk_of_Rhythm/DerivedDataCache/Compressed.ddp not found, will not use a pak cache.
[2019.10.20-22.56.10:586][  0]LogDerivedDataCache: Unable to find inner node CompressedPak for hierarchical cache Hierarchy.
[2019.10.20-22.56.10:598][  0]LogDerivedDataCache: Display: Pak cache opened for reading ../../../Engine/DerivedDataCache/Compressed.ddp.
[2019.10.20-22.56.10:598][  0]LogDerivedDataCache: FDerivedDataBackendGraph:  EnterprisePak pak cache file ../../../Enterprise/DerivedDataCache/Compressed.ddp not found, will not use a pak cache.
[2019.10.20-22.56.10:598][  0]LogDerivedDataCache: Unable to find inner node EnterprisePak for hierarchical cache Hierarchy.
[2019.10.20-22.56.10:610][  0]LogDerivedDataCache: Using Local data cache path C:/Users/ASUS Z170-k/AppData/Local/UnrealEngine/Common/DerivedDataCache: Writable
[2019.10.20-22.56.10:610][  0]LogDerivedDataCache: Shared data cache path not found in *engine.ini, will not use an Shared cache.
[2019.10.20-22.56.10:610][  0]LogDerivedDataCache: Unable to find inner node Shared for hierarchical cache Hierarchy.
[2019.10.20-22.56.10:631][  0]LogMaterial: Verifying Global Shaders for PCD3D_SM5
[2019.10.20-22.56.10:633][  0]LogSlate: Using FreeType 2.6.0
[2019.10.20-22.56.10:633][  0]LogSlate: SlateFontServices - WITH_FREETYPE: 1, WITH_HARFBUZZ: 1
[2019.10.20-22.56.10:715][  0]LogAssetRegistry: FAssetRegistry took 0.0321 seconds to start up
[2019.10.20-22.56.11:044][  0]LogInit: Selected Device Profile: [Windows]
[2019.10.20-22.56.11:178][  0]LogMeshReduction: Using QuadricMeshReduction for automatic static mesh reduction
[2019.10.20-22.56.11:178][  0]LogMeshReduction: Using SimplygonMeshReduction for automatic skeletal mesh reduction
[2019.10.20-22.56.11:178][  0]LogMeshReduction: Using ProxyLODMeshReduction for automatic mesh merging
[2019.10.20-22.56.11:178][  0]LogMeshReduction: No distributed automatic mesh merging module available
[2019.10.20-22.56.11:179][  0]LogMeshMerging: No distributed automatic mesh merging module available
[2019.10.20-22.56.11:188][  0]LogNetVersion: Risk_of_Rhythm 1.0.0, NetCL: 5660361, EngineNetVer: 10, GameNetVer: 0 (Checksum: 3536271414)
[2019.10.20-22.56.11:561][  0]LogPackageLocalizationCache: Processed 10 localized package path(s) for 1 prioritized culture(s) in 0.040576 seconds
[2019.10.20-22.56.11:566][  0]LogUObjectArray: 42205 objects as part of root set at end of initial load.
[2019.10.20-22.56.11:567][  0]LogUObjectAllocator: 7325032 out of 0 bytes used by permanent object pool.
[2019.10.20-22.56.11:567][  0]LogUObjectArray: CloseDisregardForGC: 0/0 objects in disregard for GC pool
[2019.10.20-22.56.12:403][  0]LogTcpMessaging: Initializing TcpMessaging bridge
[2019.10.20-22.56.12:417][  0]LogUdpMessaging: Initializing bridge on interface 0.0.0.0:0 to multicast group 230.0.0.1:6666.
[2019.10.20-22.56.12:513][  0]SourceControl: Source control is disabled
[2019.10.20-22.56.12:513][  0]SourceControl: Source control is disabled
[2019.10.20-22.56.12:514][  0]SourceControl: Source control is disabled
[2019.10.20-22.56.12:515][  0]SourceControl: Source control is disabled
[2019.10.20-22.56.12:523][  0]LogVSAccessor: Display: Unable to create Visual Studio setup instance: 80040154
[2019.10.20-22.56.12:524][  0]LogVSAccessor: Display: Unable to create Visual Studio setup instance: 80040154
[2019.10.20-22.56.12:580][  0]LogAndroidPermission: UAndroidPermissionCallbackProxy::GetInstance
[2019.10.20-22.56.12:821][  0]LogOcInput: OculusInput pre-init called
[2019.10.20-22.56.13:514][  0]LogEngine: Initializing Engine...
[2019.10.20-22.56.13:515][  0]LogHMD: Failed to initialize OpenVR with code 101
[2019.10.20-22.56.13:516][  0]LogStats: UGameplayTagsManager::InitializeManager -  0.000 s
[2019.10.20-22.56.13:701][  0]LogInit: Initializing FReadOnlyCVARCache
[2019.10.20-22.56.13:708][  0]LogAIModule: Creating AISystem for world Untitled
[2019.10.20-22.56.13:812][  0]LogInit: XAudio2 using 'Headphones (Arctis Pro Wireless Game)' : 2 channels at 48 kHz using 16 bits per sample (channel mask 0x3)
[2019.10.20-22.56.13:894][  0]LogInit: FAudioDevice initialized.
[2019.10.20-22.56.13:894][  0]LogNetVersion: Set ProjectVersion to 1.0.0.0. Version Checksum will be recalculated on next use.
[2019.10.20-22.56.13:949][  0]LogDerivedDataCache: Saved boot cache 0.06s 71MB C:/Users/ASUS Z170-k/AppData/Local/UnrealEngine/4.22/DerivedDataCache/Boot.ddc.
[2019.10.20-22.56.13:960][  0]LogInit: Texture streaming: Enabled
[2019.10.20-22.56.13:970][  0]LogEngineSessionManager: EngineSessionManager initialized
[2019.10.20-22.56.13:985][  0]LogInit: Transaction tracking system initialized
[2019.10.20-22.56.13:999][  0]BlueprintLog: New page: Editor Load
[2019.10.20-22.56.14:049][  0]LocalizationService: Localization service is disabled
[2019.10.20-22.56.14:145][  0]LogVSAccessor: Display: Unable to create Visual Studio setup instance: 80040154
[2019.10.20-22.56.14:145][  0]LogVSAccessor: Display: Unable to create Visual Studio setup instance: 80040154
[2019.10.20-22.56.14:290][  0]LogCook: Display: Max memory allowance for cook 16384mb min free memory 0mb
[2019.10.20-22.56.14:291][  0]LogCook: Display: Mobile HDR setting 1
[2019.10.20-22.56.14:443][  0]LogFileCache: Scanning file cache for directory 'C:/Users/ASUS Z170-k/Documents/GitHub/FIT3145-Risk-of-Rhythem/Risk_of_Rhythm/Content/' took 0.03s
[2019.10.20-22.56.14:448][  0]SourceControl: Source control is disabled
[2019.10.20-22.56.14:448][  0]Cmd: MAP LOAD FILE="C:/Users/ASUS Z170-k/Documents/GitHub/FIT3145-Risk-of-Rhythem/Risk_of_Rhythm/Content/ZhengduoZhu/Map/Version2.umap" TEMPLATE=0 SHOWPROGRESS=1 FEATURELEVEL=3
[2019.10.20-22.56.14:448][  0]LightingResults: New page: Lighting Build
[2019.10.20-22.56.14:450][  0]MapCheck: New page: Map Check
[2019.10.20-22.56.14:450][  0]LightingResults: New page: Lighting Build
[2019.10.20-22.56.14:472][  0]LogUObjectHash: Compacting FUObjectHashTables data took   1.30ms
[2019.10.20-22.56.14:932][  0]LogBlueprint: Warning: [Compiler TopDownCharacter] InputAction Event references unknown Action 'ResetVR' for  InputAction ResetVR
[2019.10.20-22.56.14:942][  0]LogBlueprint: Warning: [Compiler Zheng_Character] InputAction Event references unknown Action 'RIGHT' for  InputAction RIGHT
[2019.10.20-22.56.14:942][  0]LogBlueprint: Warning: [Compiler Zheng_Character] InputAction Event references unknown Action 'LEFT' for  InputAction LEFT
[2019.10.20-22.56.14:942][  0]LogBlueprint: Warning: [Compiler Zheng_Character] InputAction Event references unknown Action 'DOWN' for  InputAction DOWN
[2019.10.20-22.56.14:942][  0]LogBlueprint: Warning: [Compiler Zheng_Character] InputAction Event references unknown Action 'UP' for  InputAction UP
[2019.10.20-22.56.14:943][  0]LogBlueprint: Warning: [Compiler Zheng_Character] InputAction Event references unknown Action 'ResetVR' for  InputAction ResetVR
[2019.10.20-22.56.15:056][  0]LogBlueprint: Warning: [Compiler TopDownCharacter] [0008.25] Compile of TopDownCharacter successful, but with 1 Warning(s) [in 240 ms] (/Game/TopDownBP/Blueprints/TopDownCharacter.TopDownCharacter)
[2019.10.20-22.56.15:056][  0]LogBlueprint: Warning: [Compiler Zheng_Character] [0008.25] Compile of Zheng_Character successful, but with 5 Warning(s) [in 240 ms] (/Game/ZhengduoZhu/Character/Zheng_Character.Zheng_Character)
[2019.10.20-22.56.15:495][  0]LogAIModule: Creating AISystem for world Version2
[2019.10.20-22.56.15:510][  0]LogEditorServer: Finished looking for orphan Actors (0.000 secs)
[2019.10.20-22.56.15:543][  0]LogUObjectHash: Compacting FUObjectHashTables data took   3.47ms
[2019.10.20-22.56.15:543][  0]Cmd: MAP CHECKDEP NOCLEARLOG
[2019.10.20-22.56.15:544][  0]MapCheck: Map check complete: 0 Error(s), 0 Warning(s), took 0.155ms to complete.
[2019.10.20-22.56.15:544][  0]LogFileHelpers: Loading map 'Version2' took 1.096
[2019.10.20-22.56.15:659][  0]LogSlate: Updating window title bar state: overlay mode, drag disabled, window buttons hidden, title bar hidden
[2019.10.20-22.56.15:665][  0]LogSlate: Updating window title bar state: overlay mode, drag disabled, window buttons hidden, title bar hidden
[2019.10.20-22.56.15:671][  0]LogSlate: Updating window title bar state: overlay mode, drag disabled, window buttons hidden, title bar hidden
[2019.10.20-22.56.15:680][  0]LogSlate: Updating window title bar state: overlay mode, drag disabled, window buttons hidden, title bar hidden
[2019.10.20-22.56.15:685][  0]LogCollectionManager: Loaded 0 collections in 0.001249 seconds
[2019.10.20-22.56.15:699][  0]LogFileCache: Scanning file cache for directory 'C:/Users/ASUS Z170-k/Documents/GitHub/FIT3145-Risk-of-Rhythem/Risk_of_Rhythm/Saved/Collections/' took 0.01s
[2019.10.20-22.56.15:700][  0]LogFileCache: Scanning file cache for directory 'C:/Users/ASUS Z170-k/Documents/GitHub/FIT3145-Risk-of-Rhythem/Risk_of_Rhythm/Content/Developers/ASUSZ170k/Collections/' took 0.00s
[2019.10.20-22.56.15:700][  0]LogFileCache: Scanning file cache for directory 'C:/Users/ASUS Z170-k/Documents/GitHub/FIT3145-Risk-of-Rhythem/Risk_of_Rhythm/Content/Collections/' took 0.00s
[2019.10.20-22.56.15:700][  0]LogCollectionManager: Rebuilt the GUID cache for 0 collections in 0.000000 seconds
[2019.10.20-22.56.15:707][  0]LogContentBrowser: Native class hierarchy populated in 0.0077 seconds. Added 2733 classes and 662 folders.
[2019.10.20-22.56.15:711][  0]LogContentBrowser: Native class hierarchy updated for 'WidgetCarousel' in 0.0002 seconds. Added 0 classes and 0 folders.
[2019.10.20-22.56.15:712][  0]LogPakFile: Registered encryption key '00000000000000000000000000000000': 0 pak files mounted, 0 remain pending
[2019.10.20-22.56.15:713][  0]LogPakFile: Registered encryption key '00000000000000000000000000000000': 0 pak files mounted, 0 remain pending
[2019.10.20-22.56.15:714][  0]LogPakFile: Registered encryption key '00000000000000000000000000000000': 0 pak files mounted, 0 remain pending
[2019.10.20-22.56.15:714][  0]LogPakFile: Registered encryption key '00000000000000000000000000000000': 0 pak files mounted, 0 remain pending
[2019.10.20-22.56.15:715][  0]LogPakFile: Registered encryption key '00000000000000000000000000000000': 0 pak files mounted, 0 remain pending
[2019.10.20-22.56.15:715][  0]LogPakFile: Registered encryption key '00000000000000000000000000000000': 0 pak files mounted, 0 remain pending
[2019.10.20-22.56.15:716][  0]LogPakFile: Registered encryption key '00000000000000000000000000000000': 0 pak files mounted, 0 remain pending
[2019.10.20-22.56.15:717][  0]LogPakFile: Registered encryption key '00000000000000000000000000000000': 0 pak files mounted, 0 remain pending
[2019.10.20-22.56.15:717][  0]LogPakFile: Registered encryption key '00000000000000000000000000000000': 0 pak files mounted, 0 remain pending
[2019.10.20-22.56.15:718][  0]LogPakFile: Registered encryption key '00000000000000000000000000000000': 0 pak files mounted, 0 remain pending
[2019.10.20-22.56.15:718][  0]LogPakFile: Registered encryption key '00000000000000000000000000000000': 0 pak files mounted, 0 remain pending
[2019.10.20-22.56.15:719][  0]LogPakFile: Registered encryption key '00000000000000000000000000000000': 0 pak files mounted, 0 remain pending
[2019.10.20-22.56.15:719][  0]LogPakFile: Registered encryption key '00000000000000000000000000000000': 0 pak files mounted, 0 remain pending
[2019.10.20-22.56.15:719][  0]LogPakFile: Registered encryption key '00000000000000000000000000000000': 0 pak files mounted, 0 remain pending
[2019.10.20-22.56.15:720][  0]LogPakFile: Registered encryption key '00000000000000000000000000000000': 0 pak files mounted, 0 remain pending
[2019.10.20-22.56.15:720][  0]LogPakFile: Registered encryption key '00000000000000000000000000000000': 0 pak files mounted, 0 remain pending
[2019.10.20-22.56.15:721][  0]LogPakFile: Registered encryption key '00000000000000000000000000000000': 0 pak files mounted, 0 remain pending
[2019.10.20-22.56.15:721][  0]LogPakFile: Registered encryption key '00000000000000000000000000000000': 0 pak files mounted, 0 remain pending
[2019.10.20-22.56.15:722][  0]LogPakFile: Registered encryption key '00000000000000000000000000000000': 0 pak files mounted, 0 remain pending
[2019.10.20-22.56.15:723][  0]LogPakFile: Registered encryption key '00000000000000000000000000000000': 0 pak files mounted, 0 remain pending
[2019.10.20-22.56.15:723][  0]LogPakFile: Registered encryption key '00000000000000000000000000000000': 0 pak files mounted, 0 remain pending
[2019.10.20-22.56.15:724][  0]LogPakFile: Registered encryption key '00000000000000000000000000000000': 0 pak files mounted, 0 remain pending
[2019.10.20-22.56.15:724][  0]LogPakFile: Registered encryption key '00000000000000000000000000000000': 0 pak files mounted, 0 remain pending
[2019.10.20-22.56.15:725][  0]LogPakFile: Registered encryption key '00000000000000000000000000000000': 0 pak files mounted, 0 remain pending
[2019.10.20-22.56.15:725][  0]LogPakFile: Registered encryption key '00000000000000000000000000000000': 0 pak files mounted, 0 remain pending
[2019.10.20-22.56.15:726][  0]LogPakFile: Registered encryption key '00000000000000000000000000000000': 0 pak files mounted, 0 remain pending
[2019.10.20-22.56.15:769][  0]LogContentBrowser: Native class hierarchy updated for 'AddContentDialog' in 0.0003 seconds. Added 0 classes and 0 folders.
[2019.10.20-22.56.15:774][  0]LogContentBrowser: Native class hierarchy updated for 'SceneOutliner' in 0.0003 seconds. Added 1 classes and 2 folders.
[2019.10.20-22.56.15:851][  0]LogSlate: Took 0.000221 seconds to synchronously load lazily loaded font '../../../Engine/Content/Slate/Fonts/Roboto-Regular.ttf' (155K)
[2019.10.20-22.56.15:853][  0]LogSlate: Took 0.000230 seconds to synchronously load lazily loaded font '../../../Engine/Content/Slate/Fonts/Roboto-Bold.ttf' (160K)
[2019.10.20-22.56.15:920][  0]LogRenderer: Reallocating scene render targets to support 1060x596 Format 10 NumSamples 1 (Frame:1).
[2019.10.20-22.56.16:036][  0]LogContentBrowser: Native class hierarchy updated for 'HierarchicalLODOutliner' in 0.0002 seconds. Added 0 classes and 0 folders.
[2019.10.20-22.56.16:036][  0]LogLoad: (Engine Initialization) Total time: 9.23 seconds
[2019.10.20-22.56.16:036][  0]LogLoad: (Engine Initialization) Total Blueprint compile time: 0.00 seconds
[2019.10.20-22.56.16:079][  0]LogAssetRegistry: Asset discovery search completed in 5.3850 seconds
[2019.10.20-22.56.16:080][  0]LogCollectionManager: Rebuilt the object cache for 0 collections in 0.000000 seconds (found 0 objects)
[2019.10.20-22.56.16:080][  0]LogCollectionManager: Fixed up redirectors for 0 collections in 0.000035 seconds (updated 0 objects)
[2019.10.20-22.56.16:082][  0]LogContentStreaming: Texture pool size now 1000 MB
[2019.10.20-22.56.17:070][111]LogSlate: Took 0.000175 seconds to synchronously load lazily loaded font '../../../Engine/Content/Slate/Fonts/Roboto-Light.ttf' (167K)
[2019.10.20-22.56.17:073][111]LogSlate: FSceneViewport::OnFocusLost() reason 2
[2019.10.20-22.56.17:077][111]LogAssetEditorManager: Opening Asset editor for Blueprint /Game/ZhengduoZhu/Blueprint/Version2/BP_MonsterVersion2.BP_MonsterVersion2
[2019.10.20-22.56.17:266][111]LogContentBrowser: Native class hierarchy updated for 'BlueprintGraph' in 0.0005 seconds. Added 121 classes and 0 folders.
[2019.10.20-22.56.17:992][111]LogAssetEditorManager: Opening Asset editor for WidgetBlueprint /Game/ZhengduoZhu/UI/PlayerHealthBar.PlayerHealthBar
[2019.10.20-22.56.18:244][111]LogBlueprintActionDatabase: Requesting refresh due to module change: SequencerWidgets (loaded)
[2019.10.20-22.56.18:299][111]LogAssetEditorManager: Opening Asset editor for Blueprint /Game/ZhengduoZhu/Character/Version2_Character.Version2_Character
[2019.10.20-22.56.18:634][111]LogAssetEditorManager: Opening Asset editor for Blueprint /Game/ZhengduoZhu/Blueprint/Version2/Version2_GM.Version2_GM
[2019.10.20-22.56.18:934][111]LogAssetEditorManager: Opening Asset editor for Blueprint /Game/ZhengduoZhu/Blueprint/BP_Beat.BP_Beat
[2019.10.20-22.56.19:255][111]LogAssetEditorManager: Opening Asset editor for WidgetBlueprint /Game/ZhengduoZhu/UI/PlayerManaBar.PlayerManaBar
[2019.10.20-22.56.19:555][111]LogAssetEditorManager: Opening Asset editor for LevelSequence /Game/General/Squencer/effectedByJeffrey/newVerSeq/whatThisCouldBe/whatThisCouldBeNormalOffsetNew.whatThisCouldBeNormalOffsetNew
[2019.10.20-22.56.19:954][111]LogSlate: Took 0.000252 seconds to synchronously load lazily loaded font '../../../Engine/Content/Editor/Slate/Fonts/FontAwesome.ttf' (139K)
[2019.10.20-22.56.26:044][813]LogTemp: IOS device listing is disabled (to many failed attempts)!
[2019.10.20-22.56.50:168][704]LogSlate: Took 0.000153 seconds to synchronously load lazily loaded font '../../../Engine/Content/Slate/Fonts/Roboto-Light.ttf' (167K)
[2019.10.20-22.56.51:424][854]LogAssetEditorManager: Opening Asset editor for WidgetBlueprint /Game/Nicolas/UI/SongDetails.SongDetails
[2019.10.20-22.56.51:810][854]LogSlate: Took 0.000279 seconds to synchronously load lazily loaded font '../../../Engine/Content/Slate/Fonts/Roboto-BoldCondensed.ttf' (158K)
[2019.10.20-22.56.53:418][ 45]LogSlate: Window 'SongDetails' being destroyed
[2019.10.20-22.56.57:469][523]LogSlate: Took 0.000243 seconds to synchronously load lazily loaded font '../../../Engine/Content/Slate/Fonts/Roboto-Italic.ttf' (157K)
[2019.10.20-22.57.08:653][863]BlueprintLog: New page: Compile SongDetails
[2019.10.20-22.57.08:731][863]LogUObjectHash: Compacting FUObjectHashTables data took   5.45ms
[2019.10.20-22.57.56:499][585]BlueprintLog: New page: Compile SongDetails
[2019.10.20-22.57.56:556][585]LogUObjectHash: Compacting FUObjectHashTables data took   3.69ms
[2019.10.20-22.57.57:040][637]Cmd: OBJ SAVEPACKAGE PACKAGE="/Game/Nicolas/UI/SongDetails" FILE="C:/Users/ASUS Z170-k/Documents/GitHub/FIT3145-Risk-of-Rhythem/Risk_of_Rhythm/Content/Nicolas/UI/SongDetails.uasset" SILENT=true
[2019.10.20-22.57.57:127][637]LogSavePackage: Moving 'C:/Users/ASUS Z170-k/Documents/GitHub/FIT3145-Risk-of-Rhythem/Risk_of_Rhythm/Saved/SongDetails7C30953944AA2883322AE9BCC8DDFED8.tmp' to 'C:/Users/ASUS Z170-k/Documents/GitHub/FIT3145-Risk-of-Rhythem/Risk_of_Rhythm/Content/Nicolas/UI/SongDetails.uasset'
[2019.10.20-23.04.13:913][741]LogUObjectHash: Compacting FUObjectHashTables data took   4.09ms
[2019.10.20-23.04.14:087][741]LogActorComponent: UnregisterComponent: (/Engine/Transient.EditorFloorComp) Not registered. Aborting.
[2019.10.20-23.04.14:150][741]LogActorComponent: UnregisterComponent: (/Engine/Transient.EditorFloorComp) Not registered. Aborting.
[2019.10.20-23.04.14:208][741]LogActorComponent: UnregisterComponent: (/Engine/Transient.EditorFloorComp) Not registered. Aborting.
[2019.10.20-23.04.14:319][741]LogSlate: Window 'Risk_of_Rhythm - Unreal Editor' being destroyed
[2019.10.20-23.04.14:479][742]Cmd: QUIT_EDITOR
[2019.10.20-23.04.14:510][742]LogWindowsTextInputMethodSystem: Display: IME system now activated using TSF (Microsoft Pinyin).
[2019.10.20-23.04.14:519][742]LogExit: Preparing to exit.
[2019.10.20-23.04.14:712][742]LogExit: Editor shut down
[2019.10.20-23.04.14:712][742]LogExit: Transaction tracking system shut down
[2019.10.20-23.04.14:965][742]LogExit: Object subsystem successfully closed.
[2019.10.20-23.04.14:986][742]LogShaderCompilers: Display: Shaders left to compile 0
[2019.10.20-23.04.14:989][742]LogD3D11RHI: Shutdown
[2019.10.20-23.04.14:989][742]LogD3D11RHI: CleanupD3DDevice
[2019.10.20-23.04.14:989][742]LogRendererCore: FGlobalReadBuffer::ReleaseRHI
[2019.10.20-23.04.14:990][742]LogRendererCore: FGlobalDynamicReadBuffer::Cleanup()
[2019.10.20-23.04.14:990][742]LogRendererCore: FGlobalReadBuffer::ReleaseRHI
[2019.10.20-23.04.14:990][742]LogRendererCore: FGlobalDynamicReadBuffer::Cleanup()
[2019.10.20-23.04.14:990][742]LogRendererCore: FGlobalReadBuffer::ReleaseRHI
[2019.10.20-23.04.14:990][742]LogRendererCore: FGlobalDynamicReadBuffer::Cleanup()
[2019.10.20-23.04.15:058][742]LogD3D11RHI: ~FD3D11DynamicRHI
[2019.10.20-23.04.15:067][742]LogModuleManager: Shutting down and abandoning module SequencerWidgets (648)
[2019.10.20-23.04.15:067][742]LogModuleManager: Shutting down and abandoning module BlueprintGraph (646)
[2019.10.20-23.04.15:067][742]LogModuleManager: Shutting down and abandoning module HierarchicalLODOutliner (644)
[2019.10.20-23.04.15:067][742]LogModuleManager: Shutting down and abandoning module SceneOutliner (642)
[2019.10.20-23.04.15:067][742]LogModuleManager: Shutting down and abandoning module AddContentDialog (640)
[2019.10.20-23.04.15:067][742]LogModuleManager: Shutting down and abandoning module WidgetCarousel (639)
[2019.10.20-23.04.15:067][742]LogModuleManager: Shutting down and abandoning module EditorWidgets (636)
[2019.10.20-23.04.15:067][742]LogModuleManager: Shutting down and abandoning module CollectionManager (634)
[2019.10.20-23.04.15:068][742]LogModuleManager: Shutting down and abandoning module StatsViewer (632)
[2019.10.20-23.04.15:068][742]LogModuleManager: Shutting down and abandoning module FoliageEdit (630)
[2019.10.20-23.04.15:068][742]LogModuleManager: Shutting down and abandoning module LandscapeEditor (628)
[2019.10.20-23.04.15:068][742]LogModuleManager: Shutting down and abandoning module MeshPaintMode (626)
[2019.10.20-23.04.15:068][742]LogModuleManager: Shutting down and abandoning module SceneDepthPickerMode (624)
[2019.10.20-23.04.15:068][742]LogModuleManager: Shutting down and abandoning module ActorPickerMode (622)
[2019.10.20-23.04.15:068][742]LogModuleManager: Shutting down and abandoning module GeometryMode (620)
[2019.10.20-23.04.15:068][742]LogModuleManager: Shutting down and abandoning module TextureAlignMode (618)
[2019.10.20-23.04.15:068][742]LogModuleManager: Shutting down and abandoning module BspMode (616)
[2019.10.20-23.04.15:068][742]LogModuleManager: Shutting down and abandoning module PIEPreviewDeviceProfileSelector (614)
[2019.10.20-23.04.15:068][742]LogModuleManager: Shutting down and abandoning module SequenceRecorderSections (612)
[2019.10.20-23.04.15:068][742]LogModuleManager: Shutting down and abandoning module AutomationWorker (610)
[2019.10.20-23.04.15:068][742]LogModuleManager: Shutting down and abandoning module OculusMR (608)
[2019.10.20-23.04.15:068][742]LogModuleManager: Shutting down and abandoning module AudioCaptureEditor (606)
[2019.10.20-23.04.15:068][742]LogModuleManager: Shutting down and abandoning module MatineeToLevelSequence (604)
[2019.10.20-23.04.15:068][742]LogModuleManager: Shutting down and abandoning module LevelSequenceEditor (602)
[2019.10.20-23.04.15:068][742]LogModuleManager: Shutting down and abandoning module PlacementMode (601)
[2019.10.20-23.04.15:068][742]LogModuleManager: Shutting down and abandoning module MaterialEditor (600)
[2019.10.20-23.04.15:068][742]LogModuleManager: Shutting down and abandoning module ActorSequenceEditor (596)
[2019.10.20-23.04.15:068][742]LogModuleManager: Shutting down and abandoning module WmfMediaFactory (594)
[2019.10.20-23.04.15:068][742]LogModuleManager: Shutting down and abandoning module WmfMediaEditor (592)
[2019.10.20-23.04.15:068][742]LogModuleManager: Shutting down and abandoning module WebMMediaFactory (590)
[2019.10.20-23.04.15:068][742]LogModuleManager: Shutting down and abandoning module WebMMediaEditor (588)
[2019.10.20-23.04.15:068][742]LogModuleManager: Shutting down and abandoning module WebMMedia (586)
[2019.10.20-23.04.15:068][742]LogModuleManager: Shutting down and abandoning module MediaPlayerEditor (584)
[2019.10.20-23.04.15:068][742]LogModuleManager: Shutting down and abandoning module MediaCompositingEditor (582)
[2019.10.20-23.04.15:068][742]LogModuleManager: Shutting down and abandoning module SequenceRecorder (581)
[2019.10.20-23.04.15:068][742]LogModuleManager: Shutting down and abandoning module OpenExrWrapper (578)
[2019.10.20-23.04.15:068][742]LogModuleManager: Shutting down and abandoning module ImgMediaFactory (576)
[2019.10.20-23.04.15:068][742]LogModuleManager: Shutting down and abandoning module ImgMediaEditor (574)
[2019.10.20-23.04.15:068][742]LogModuleManager: Shutting down and abandoning module AvfMediaFactory (572)
[2019.10.20-23.04.15:068][742]LogModuleManager: Shutting down and abandoning module AvfMediaEditor (570)
[2019.10.20-23.04.15:068][742]LogModuleManager: Shutting down and abandoning module AndroidMediaFactory (568)
[2019.10.20-23.04.15:068][742]LogModuleManager: Shutting down and abandoning module AndroidMediaEditor (566)
[2019.10.20-23.04.15:068][742]LogModuleManager: Shutting down and abandoning module MagicLeapCameraPreviewFactory (564)
[2019.10.20-23.04.15:068][742]LogModuleManager: Shutting down and abandoning module MagicLeapMediaCodecFactory (562)
[2019.10.20-23.04.15:068][742]LogModuleManager: Shutting down and abandoning module MagicLeapMediaFactory (560)
[2019.10.20-23.04.15:068][742]LogModuleManager: Shutting down and abandoning module MagicLeapMediaEditor (558)
[2019.10.20-23.04.15:068][742]LogModuleManager: Shutting down and abandoning module CharacterAI (556)
[2019.10.20-23.04.15:068][742]LogModuleManager: Shutting down and abandoning module SmartSnapping (554)
[2019.10.20-23.04.15:069][742]LogModuleManager: Shutting down and abandoning module SessionServices (552)
[2019.10.20-23.04.15:069][742]LogModuleManager: Shutting down and abandoning module MeshPaint (550)
[2019.10.20-23.04.15:069][742]LogModuleManager: Shutting down and abandoning module ViewportSnapping (548)
[2019.10.20-23.04.15:069][742]LogModuleManager: Shutting down and abandoning module ViewportInteraction (546)
[2019.10.20-23.04.15:069][742]LogModuleManager: Shutting down and abandoning module ClothPainter (544)
[2019.10.20-23.04.15:069][742]LogModuleManager: Shutting down and abandoning module SkeletalMeshEditor (543)
[2019.10.20-23.04.15:069][742]LogModuleManager: Shutting down and abandoning module LogVisualizer (540)
[2019.10.20-23.04.15:069][742]LogModuleManager: Shutting down and abandoning module IntroTutorials (538)
[2019.10.20-23.04.15:069][742]LogModuleManager: Shutting down and abandoning module GameProjectGeneration (537)
[2019.10.20-23.04.15:069][742]LogModuleManager: Shutting down and abandoning module LuminPlatformEditor (534)
[2019.10.20-23.04.15:069][742]LogModuleManager: Shutting down and abandoning module IOSPlatformEditor (532)
[2019.10.20-23.04.15:069][742]LogModuleManager: Shutting down and abandoning module HTML5PlatformEditor (530)
[2019.10.20-23.04.15:069][742]LogModuleManager: Shutting down and abandoning module AndroidPlatformEditor (528)
[2019.10.20-23.04.15:069][742]LogModuleManager: Shutting down and abandoning module AndroidDeviceDetection (527)
[2019.10.20-23.04.15:371][742]LogModuleManager: Shutting down and abandoning module WindowsPlatformEditor (524)
[2019.10.20-23.04.15:371][742]LogModuleManager: Shutting down and abandoning module LuminRuntimeSettings (522)
[2019.10.20-23.04.15:371][742]LogModuleManager: Shutting down and abandoning module IOSRuntimeSettings (520)
[2019.10.20-23.04.15:371][742]LogModuleManager: Shutting down and abandoning module AndroidRuntimeSettings (518)
[2019.10.20-23.04.15:371][742]LogModuleManager: Shutting down and abandoning module TimeManagementEditor (516)
[2019.10.20-23.04.15:371][742]LogModuleManager: Shutting down and abandoning module InputBindingEditor (514)
[2019.10.20-23.04.15:371][742]LogModuleManager: Shutting down and abandoning module MergeActors (512)
[2019.10.20-23.04.15:371][742]LogModuleManager: Shutting down and abandoning module LocalizationDashboard (510)
[2019.10.20-23.04.15:371][742]LogModuleManager: Shutting down and abandoning module LocalizationService (509)
[2019.10.20-23.04.15:371][742]LogModuleManager: Shutting down and abandoning module HardwareTargeting (506)
[2019.10.20-23.04.15:371][742]LogModuleManager: Shutting down and abandoning module DeviceProfileEditor (504)
[2019.10.20-23.04.15:371][742]LogModuleManager: Shutting down and abandoning module UndoHistory (502)
[2019.10.20-23.04.15:371][742]LogModuleManager: Shutting down and abandoning module XmlParser (500)
[2019.10.20-23.04.15:371][742]LogModuleManager: Shutting down and abandoning module Blutility (498)
[2019.10.20-23.04.15:371][742]LogModuleManager: Shutting down and abandoning module ProjectSettingsViewer (496)
[2019.10.20-23.04.15:372][742]LogModuleManager: Shutting down and abandoning module ProjectTargetPlatformEditor (495)
[2019.10.20-23.04.15:372][742]LogModuleManager: Shutting down and abandoning module EditorSettingsViewer (492)
[2019.10.20-23.04.15:372][742]LogModuleManager: Shutting down and abandoning module SettingsEditor (490)
[2019.10.20-23.04.15:372][742]LogModuleManager: Shutting down and abandoning module ProjectLauncher (488)
[2019.10.20-23.04.15:372][742]LogModuleManager: Shutting down and abandoning module SessionFrontend (486)
[2019.10.20-23.04.15:372][742]LogModuleManager: Shutting down and abandoning module ProfilerClient (484)
[2019.10.20-23.04.15:372][742]LogModuleManager: Shutting down and abandoning module DeviceManager (482)
[2019.10.20-23.04.15:372][742]LogModuleManager: Shutting down and abandoning module TargetDeviceServices (481)
[2019.10.20-23.04.15:415][742]LogModuleManager: Shutting down and abandoning module AutomationController (478)
[2019.10.20-23.04.15:415][742]LogModuleManager: Shutting down and abandoning module AutomationWindow (476)
[2019.10.20-23.04.15:415][742]LogModuleManager: Shutting down and abandoning module Layers (474)
[2019.10.20-23.04.15:415][742]LogModuleManager: Shutting down and abandoning module ComponentVisualizers (472)
[2019.10.20-23.04.15:415][742]LogModuleManager: Shutting down and abandoning module DetailCustomizations (470)
[2019.10.20-23.04.15:415][742]LogModuleManager: Shutting down and abandoning module PackagesDialog (468)
[2019.10.20-23.04.15:415][742]LogModuleManager: Shutting down and abandoning module AnimationBlueprintEditor (466)
[2019.10.20-23.04.15:415][742]LogModuleManager: Shutting down and abandoning module Persona (464)
[2019.10.20-23.04.15:415][742]LogModuleManager: Shutting down and abandoning module AdvancedPreviewScene (463)
[2019.10.20-23.04.15:415][742]LogModuleManager: Shutting down and abandoning module AnimGraph (461)
[2019.10.20-23.04.15:415][742]LogModuleManager: Shutting down and abandoning module Kismet (458)
[2019.10.20-23.04.15:420][742]LogModuleManager: Shutting down and abandoning module GraphEditor (456)
[2019.10.20-23.04.15:420][742]LogModuleManager: Shutting down and abandoning module ClassViewer (454)
[2019.10.20-23.04.15:420][742]LogModuleManager: Shutting down and abandoning module Toolbox (452)
[2019.10.20-23.04.15:420][742]LogModuleManager: Shutting down and abandoning module ModuleUI (450)
[2019.10.20-23.04.15:420][742]LogModuleManager: Shutting down and abandoning module MovieSceneTools (448)
[2019.10.20-23.04.15:420][742]LogModuleManager: Shutting down and abandoning module OutputLog (446)
[2019.10.20-23.04.15:420][742]LogModuleManager: Shutting down and abandoning module GammaUI (444)
[2019.10.20-23.04.15:420][742]LogModuleManager: Shutting down and abandoning module Documentation (442)
[2019.10.20-23.04.15:420][742]LogModuleManager: Shutting down and abandoning module LiveCoding (440)
[2019.10.20-23.04.15:420][742]LogModuleManager: Shutting down and abandoning module LevelSequence (438)
[2019.10.20-23.04.15:420][742]LogModuleManager: Shutting down and abandoning module MovieSceneTracks (436)
[2019.10.20-23.04.15:420][742]LogModuleManager: Shutting down and abandoning module MovieScene (434)
[2019.10.20-23.04.15:420][742]LogModuleManager: Shutting down and abandoning module StreamingPauseRendering (432)
[2019.10.20-23.04.15:420][742]LogModuleManager: Shutting down and abandoning module LauncherPlatform (430)
[2019.10.20-23.04.15:420][742]LogModuleManager: Shutting down and abandoning module AnalyticsET (428)
[2019.10.20-23.04.15:420][742]LogModuleManager: Shutting down and abandoning module PortalServices (426)
[2019.10.20-23.04.15:420][742]LogModuleManager: Shutting down and abandoning module PortalRpc (424)
[2019.10.20-23.04.15:420][742]LogModuleManager: Shutting down and abandoning module MessagingRpc (422)
[2019.10.20-23.04.15:420][742]LogModuleManager: Shutting down and abandoning module AIModule (420)
[2019.10.20-23.04.15:420][742]LogModuleManager: Shutting down and abandoning module GameplayDebugger (419)
[2019.10.20-23.04.15:420][742]LogModuleManager: Shutting down and abandoning module AITestSuite (417)
[2019.10.20-23.04.15:420][742]LogModuleManager: Shutting down and abandoning module NavigationSystem (415)
[2019.10.20-23.04.15:420][742]LogModuleManager: Shutting down and abandoning module DesktopPlatform (412)
[2019.10.20-23.04.15:420][742]LogModuleManager: Shutting down and abandoning module ImageWriteQueue (410)
[2019.10.20-23.04.15:423][742]LogModuleManager: Shutting down and abandoning module ProfilerService (408)
[2019.10.20-23.04.15:489][742]LogModuleManager: Shutting down and abandoning module TaskGraph (406)
[2019.10.20-23.04.15:489][742]LogModuleManager: Shutting down and abandoning module SteamVRController (404)
[2019.10.20-23.04.15:489][742]LogModuleManager: Shutting down and abandoning module SoundVisualizations (402)
[2019.10.20-23.04.15:489][742]LogModuleManager: Shutting down and abandoning module ProceduralMeshComponentEditor (400)
[2019.10.20-23.04.15:489][742]LogModuleManager: Shutting down and abandoning module ProceduralMeshComponent (398)
[2019.10.20-23.04.15:489][742]LogModuleManager: Shutting down and abandoning module OculusEditor (396)
[2019.10.20-23.04.15:489][742]LogModuleManager: Shutting down and abandoning module OculusInput (394)
[2019.10.20-23.04.15:489][742]LogModuleManager: Shutting down and abandoning module MobilePatchingUtils (392)
[2019.10.20-23.04.15:489][742]LogModuleManager: Shutting down and abandoning module EditableMesh (390)
[2019.10.20-23.04.15:489][742]LogModuleManager: Shutting down and abandoning module CustomMeshComponent (388)
[2019.10.20-23.04.15:489][742]LogModuleManager: Shutting down and abandoning module CableComponent (386)
[2019.10.20-23.04.15:489][742]LogModuleManager: Shutting down and abandoning module AudioCapture (384)
[2019.10.20-23.04.15:489][742]LogModuleManager: Shutting down and abandoning module ArchVisCharacter (382)
[2019.10.20-23.04.15:489][742]LogModuleManager: Shutting down and abandoning module AndroidPermission (380)
[2019.10.20-23.04.15:490][742]LogModuleManager: Shutting down and abandoning module NUTUnrealEngine4 (378)
[2019.10.20-23.04.15:490][742]LogModuleManager: Shutting down and abandoning module NetcodeUnitTest (376)
[2019.10.20-23.04.15:490][742]LogModuleManager: Shutting down and abandoning module MediaCompositing (374)
[2019.10.20-23.04.15:490][742]LogModuleManager: Shutting down and abandoning module LinearTimecode (372)
[2019.10.20-23.04.15:490][742]LogModuleManager: Shutting down and abandoning module ImgMedia (370)
[2019.10.20-23.04.15:490][742]LogModuleManager: Shutting down and abandoning module MagicLeapHelperVulkan (368)
[2019.10.20-23.04.15:490][742]LogModuleManager: Shutting down and abandoning module MagicLeapHelperOpenGL (366)
[2019.10.20-23.04.15:490][742]LogModuleManager: Shutting down and abandoning module MagicLeapAudio (364)
[2019.10.20-23.04.15:490][742]LogModuleManager: Shutting down and abandoning module HTML5Networking (362)
[2019.10.20-23.04.15:490][742]LogModuleManager: Shutting down and abandoning module GeometryCacheTracks (360)
[2019.10.20-23.04.15:490][742]LogModuleManager: Shutting down and abandoning module GeometryCacheSequencer (358)
[2019.10.20-23.04.15:490][742]LogModuleManager: Shutting down and abandoning module BackChannel (356)
[2019.10.20-23.04.15:490][742]LogModuleManager: Shutting down and abandoning module AppleVision (354)
[2019.10.20-23.04.15:490][742]LogModuleManager: Shutting down and abandoning module AppleImageUtilsBlueprintSupport (352)
[2019.10.20-23.04.15:490][742]LogModuleManager: Shutting down and abandoning module AppleImageUtils (350)
[2019.10.20-23.04.15:490][742]LogModuleManager: Shutting down and abandoning module AlembicImporter (348)
[2019.10.20-23.04.15:490][742]LogModuleManager: Shutting down and abandoning module AlembicLibrary (347)
[2019.10.20-23.04.15:490][742]LogModuleManager: Shutting down and abandoning module GeometryCache (346)
[2019.10.20-23.04.15:490][742]LogModuleManager: Shutting down and abandoning module GeometryCacheEd (345)
[2019.10.20-23.04.15:490][742]LogModuleManager: Shutting down and abandoning module VariantManagerContent (340)
[2019.10.20-23.04.15:490][742]LogModuleManager: Shutting down and abandoning module DatasmithContentEditor (338)
[2019.10.20-23.04.15:490][742]LogModuleManager: Shutting down and abandoning module SpeedTreeImporter (336)
[2019.10.20-23.04.15:490][742]LogModuleManager: Shutting down and abandoning module PluginBrowser (334)
[2019.10.20-23.04.15:490][742]LogModuleManager: Shutting down and abandoning module MobileLauncherProfileWizard (332)
[2019.10.20-23.04.15:490][742]LogModuleManager: Shutting down and abandoning module MaterialAnalyzer (330)
[2019.10.20-23.04.15:490][742]LogModuleManager: Shutting down and abandoning module CryptoKeysOpenSSL (328)
[2019.10.20-23.04.15:490][742]LogModuleManager: Shutting down and abandoning module CryptoKeys (326)
[2019.10.20-23.04.15:490][742]LogModuleManager: Shutting down and abandoning module VisualStudioSourceCodeAccess (324)
[2019.10.20-23.04.15:490][742]LogModuleManager: Shutting down and abandoning module VisualStudioCodeSourceCodeAccess (322)
[2019.10.20-23.04.15:490][742]LogModuleManager: Shutting down and abandoning module UObjectPlugin (320)
[2019.10.20-23.04.15:490][742]LogModuleManager: Shutting down and abandoning module SubversionSourceControl (318)
[2019.10.20-23.04.15:490][742]LogModuleManager: Shutting down and abandoning module PerforceSourceControl (316)
[2019.10.20-23.04.15:490][742]LogModuleManager: Shutting down and abandoning module GitSourceControl (314)
[2019.10.20-23.04.15:490][742]LogModuleManager: Shutting down and abandoning module SourceControl (313)
[2019.10.20-23.04.15:490][742]LogModuleManager: Shutting down and abandoning module CLionSourceCodeAccess (310)
[2019.10.20-23.04.15:490][742]LogModuleManager: Shutting down and abandoning module AnimationSharingEd (308)
[2019.10.20-23.04.15:490][742]LogModuleManager: Shutting down and abandoning module ActorLayerUtilitiesEditor (306)
[2019.10.20-23.04.15:490][742]LogModuleManager: Shutting down and abandoning module ActorLayerUtilities (304)
[2019.10.20-23.04.15:490][742]LogModuleManager: Shutting down and abandoning module LightPropagationVolumeEditor (302)
[2019.10.20-23.04.15:490][742]LogModuleManager: Shutting down and abandoning module PaperTiledImporter (300)
[2019.10.20-23.04.15:490][742]LogModuleManager: Shutting down and abandoning module PaperSpriteSheetImporter (298)
[2019.10.20-23.04.15:490][742]LogModuleManager: Shutting down and abandoning module Paper2DEditor (296)
[2019.10.20-23.04.15:490][742]LogModuleManager: Shutting down and abandoning module SignificanceManager (294)
[2019.10.20-23.04.15:490][742]LogModuleManager: Shutting down and abandoning module RuntimePhysXCooking (292)
[2019.10.20-23.04.15:490][742]LogModuleManager: Shutting down and abandoning module PhysXVehiclesEditor (290)
[2019.10.20-23.04.15:490][742]LogModuleManager: Shutting down and abandoning module PhysXVehicles (288)
[2019.10.20-23.04.15:490][742]LogModuleManager: Shutting down and abandoning module LocationServicesBPLibrary (286)
[2019.10.20-23.04.15:490][742]LogModuleManager: Shutting down and abandoning module ActorSequence (284)
[2019.10.20-23.04.15:490][742]LogModuleManager: Shutting down and abandoning module UdpMessaging (282)
[2019.10.20-23.04.15:591][742]LogModuleManager: Shutting down and abandoning module TcpMessaging (280)
[2019.10.20-23.04.15:692][742]LogModuleManager: Shutting down and abandoning module MagicLeapIdentity (278)
[2019.10.20-23.04.15:692][742]LogModuleManager: Shutting down and abandoning module MagicLeapSecureStorage (276)
[2019.10.20-23.04.15:692][742]LogModuleManager: Shutting down and abandoning module MagicLeapHandTracking (274)
[2019.10.20-23.04.15:692][742]LogModuleManager: Shutting down and abandoning module MagicLeapEyeTracker (272)
[2019.10.20-23.04.15:692][742]LogModuleManager: Shutting down and abandoning module MagicLeapController (270)
[2019.10.20-23.04.15:692][742]LogSlate: Slate User Destroyed.  User Index 0, Is Virtual User: 0
[2019.10.20-23.04.15:692][742]LogModuleManager: Shutting down and abandoning module MagicLeapAR (268)
[2019.10.20-23.04.15:692][742]LogModuleManager: Shutting down and abandoning module AugmentedReality (267)
[2019.10.20-23.04.15:692][742]LogModuleManager: Shutting down and abandoning module GameplayTagsEditor (264)
[2019.10.20-23.04.15:692][742]LogModuleManager: Shutting down and abandoning module FacialAnimationEditor (262)
[2019.10.20-23.04.15:692][742]LogModuleManager: Shutting down and abandoning module FacialAnimation (260)
[2019.10.20-23.04.15:692][742]LogModuleManager: Shutting down and abandoning module DataValidation (258)
[2019.10.20-23.04.15:692][742]LogModuleManager: Shutting down and abandoning module AssetManagerEditor (256)
[2019.10.20-23.04.15:692][742]LogModuleManager: Shutting down and abandoning module LevelEditor (255)
[2019.10.20-23.04.15:692][742]LogModuleManager: Shutting down and abandoning module PixelInspectorModule (254)
[2019.10.20-23.04.15:692][742]LogModuleManager: Shutting down and abandoning module CommonMenuExtensions (252)
[2019.10.20-23.04.15:693][742]LogModuleManager: Shutting down and abandoning module MainFrame (250)
[2019.10.20-23.04.15:693][742]LogModuleManager: Shutting down and abandoning module HotReload (249)
[2019.10.20-23.04.15:693][742]LogModuleManager: Shutting down and abandoning module ContentBrowser (245)
[2019.10.20-23.04.15:694][742]LogModuleManager: Shutting down and abandoning module TreeMap (243)
[2019.10.20-23.04.15:694][742]LogModuleManager: Shutting down and abandoning module AnimationSharing (240)
[2019.10.20-23.04.15:694][742]LogModuleManager: Shutting down and abandoning module LightPropagationVolumeRuntime (238)
[2019.10.20-23.04.15:694][742]LogModuleManager: Shutting down and abandoning module AISupportModule (236)
[2019.10.20-23.04.15:694][742]LogModuleManager: Shutting down and abandoning module Paper2D (234)
[2019.10.20-23.04.15:694][742]LogModuleManager: Shutting down and abandoning module WindowsMoviePlayer (232)
[2019.10.20-23.04.15:694][742]LogModuleManager: Shutting down and abandoning module WebMMoviePlayer (230)
[2019.10.20-23.04.15:694][742]LogModuleManager: Shutting down and abandoning module PacketHandler (228)
[2019.10.20-23.04.15:694][742]LogModuleManager: Shutting down and abandoning module ClothingSystemEditor (226)
[2019.10.20-23.04.15:694][742]LogModuleManager: Shutting down and abandoning module ClothingSystemRuntime (224)
[2019.10.20-23.04.15:694][742]LogModuleManager: Shutting down and abandoning module MediaAssets (222)
[2019.10.20-23.04.15:694][742]LogModuleManager: Shutting down and abandoning module Overlay (220)
[2019.10.20-23.04.15:694][742]LogModuleManager: Shutting down and abandoning module OverlayEditor (219)
[2019.10.20-23.04.15:694][742]LogModuleManager: Shutting down and abandoning module VREditor (216)
[2019.10.20-23.04.15:694][742]LogModuleManager: Shutting down and abandoning module StringTableEditor (214)
[2019.10.20-23.04.15:694][742]LogModuleManager: Shutting down and abandoning module GameplayTasksEditor (212)
[2019.10.20-23.04.15:694][742]LogModuleManager: Shutting down and abandoning module BehaviorTreeEditor (210)
[2019.10.20-23.04.15:694][742]LogModuleManager: Shutting down and abandoning module FunctionalTesting (208)
[2019.10.20-23.04.15:694][742]LogModuleManager: Shutting down and abandoning module CollisionAnalyzer (206)
[2019.10.20-23.04.15:694][742]LogModuleManager: Shutting down and abandoning module WorkspaceMenuStructure (205)
[2019.10.20-23.04.15:694][742]LogModuleManager: Shutting down and abandoning module UMG (202)
[2019.10.20-23.04.15:694][742]LogModuleManager: Shutting down and abandoning module UMGEditor (201)
[2019.10.20-23.04.15:694][742]LogModuleManager: Shutting down and abandoning module Sequencer (200)
[2019.10.20-23.04.15:694][742]LogModuleManager: Shutting down and abandoning module MessageLog (197)
[2019.10.20-23.04.15:694][742]LogModuleManager: Shutting down and abandoning module SlateReflector (192)
[2019.10.20-23.04.15:694][742]LogModuleManager: Shutting down and abandoning module Slate (190)
[2019.10.20-23.04.15:694][742]LogModuleManager: Shutting down and abandoning module EditorStyle (188)
[2019.10.20-23.04.15:695][742]LogModuleManager: Shutting down and abandoning module UnrealEd (186)
[2019.10.20-23.04.15:695][742]LogModuleManager: Shutting down and abandoning module MRMesh (184)
[2019.10.20-23.04.15:695][742]LogModuleManager: Shutting down and abandoning module SourceCodeAccess (182)
[2019.10.20-23.04.15:695][742]LogModuleManager: Shutting down and abandoning module HeadMountedDisplay (180)
[2019.10.20-23.04.15:695][742]LogModuleManager: Shutting down and abandoning module XAudio2 (178)
[2019.10.20-23.04.15:695][742]LogModuleManager: Shutting down and abandoning module Networking (176)
[2019.10.20-23.04.15:695][742]LogModuleManager: Shutting down and abandoning module Core (174)
[2019.10.20-23.04.15:695][742]LogModuleManager: Shutting down and abandoning module KismetCompiler (172)
[2019.10.20-23.04.15:695][742]LogModuleManager: Shutting down and abandoning module MeshUtilities (170)
[2019.10.20-23.04.15:695][742]LogModuleManager: Shutting down and abandoning module MeshMergeUtilities (169)
[2019.10.20-23.04.15:695][742]LogModuleManager: Shutting down and abandoning module MeshReductionInterface (168)
[2019.10.20-23.04.15:695][742]LogModuleManager: Shutting down and abandoning module SkeletalMeshReduction (167)
[2019.10.20-23.04.15:695][742]LogModuleManager: Shutting down and abandoning module ProxyLODMeshReduction (165)
[2019.10.20-23.04.15:695][742]LogModuleManager: Shutting down and abandoning module QuadricMeshReduction (163)
[2019.10.20-23.04.15:695][742]LogModuleManager: Shutting down and abandoning module MaterialBaking (159)
[2019.10.20-23.04.15:695][742]LogModuleManager: Shutting down and abandoning module DerivedDataCache (154)
[2019.10.20-23.04.15:726][742]LogDerivedDataCache: Shutdown
[2019.10.20-23.04.15:726][742]LogModuleManager: Shutting down and abandoning module XGEController (152)
[2019.10.20-23.04.15:726][742]LogXGEController: Cleaning working directory: C:/Users/ASUS Z170-k/AppData/Local/Temp/UnrealXGEWorkingDir/
[2019.10.20-23.04.15:726][742]LogModuleManager: Shutting down and abandoning module TargetPlatform (150)
[2019.10.20-23.04.15:726][742]LogModuleManager: Shutting down and abandoning module VulkanShaderFormat (149)
[2019.10.20-23.04.15:726][742]LogModuleManager: Shutting down and abandoning module ShaderFormatVectorVM (147)
[2019.10.20-23.04.15:726][742]LogModuleManager: Shutting down and abandoning module ShaderFormatOpenGL (145)
[2019.10.20-23.04.15:727][742]LogModuleManager: Shutting down and abandoning module ShaderFormatD3D (143)
[2019.10.20-23.04.15:727][742]LogModuleManager: Shutting down and abandoning module MetalShaderFormat (141)
[2019.10.20-23.04.15:727][742]LogModuleManager: Shutting down and abandoning module TextureFormatUncompressed (139)
[2019.10.20-23.04.15:727][742]LogModuleManager: Shutting down and abandoning module TextureFormatPVR (137)
[2019.10.20-23.04.15:727][742]LogModuleManager: Shutting down and abandoning module TextureFormatDXT (135)
[2019.10.20-23.04.15:727][742]LogModuleManager: Shutting down and abandoning module TextureFormatIntelISPCTexComp (133)
[2019.10.20-23.04.15:727][742]LogModuleManager: Shutting down and abandoning module TextureFormatASTC (131)
[2019.10.20-23.04.15:727][742]LogModuleManager: Shutting down and abandoning module ImageWrapper (130)
[2019.10.20-23.04.15:727][742]LogModuleManager: Shutting down and abandoning module TextureFormatAndroid (127)
[2019.10.20-23.04.15:727][742]LogModuleManager: Shutting down and abandoning module AudioFormatOpus (125)
[2019.10.20-23.04.15:727][742]LogModuleManager: Shutting down and abandoning module AudioFormatOgg (123)
[2019.10.20-23.04.15:727][742]LogModuleManager: Shutting down and abandoning module AudioFormatADPCM (121)
[2019.10.20-23.04.15:727][742]LogModuleManager: Shutting down and abandoning module LuminTargetPlatform (119)
[2019.10.20-23.04.15:727][742]LogModuleManager: Shutting down and abandoning module LinuxTargetPlatform (117)
[2019.10.20-23.04.15:727][742]LogModuleManager: Shutting down and abandoning module LinuxServerTargetPlatform (115)
[2019.10.20-23.04.15:727][742]LogModuleManager: Shutting down and abandoning module LinuxNoEditorTargetPlatform (113)
[2019.10.20-23.04.15:727][742]LogModuleManager: Shutting down and abandoning module LinuxClientTargetPlatform (111)
[2019.10.20-23.04.15:727][742]LogModuleManager: Shutting down and abandoning module TVOSTargetPlatform (109)
[2019.10.20-23.04.15:728][742]LogModuleManager: Shutting down and abandoning module Messaging (107)
[2019.10.20-23.04.15:728][742]LogModuleManager: Shutting down and abandoning module IOSTargetPlatform (105)
[2019.10.20-23.04.15:728][742]LogModuleManager: Shutting down and abandoning module HTML5TargetPlatform (103)
[2019.10.20-23.04.15:728][742]LogModuleManager: Shutting down and abandoning module AndroidTargetPlatform (101)
[2019.10.20-23.04.15:732][742]LogModuleManager: Shutting down and abandoning module WindowsTargetPlatform (99)
[2019.10.20-23.04.15:732][742]LogModuleManager: Shutting down and abandoning module WindowsServerTargetPlatform (97)
[2019.10.20-23.04.15:732][742]LogModuleManager: Shutting down and abandoning module WindowsNoEditorTargetPlatform (95)
[2019.10.20-23.04.15:732][742]LogModuleManager: Shutting down and abandoning module WindowsClientTargetPlatform (93)
[2019.10.20-23.04.15:732][742]LogModuleManager: Shutting down and abandoning module MacTargetPlatform (91)
[2019.10.20-23.04.15:732][742]LogModuleManager: Shutting down and abandoning module MacServerTargetPlatform (89)
[2019.10.20-23.04.15:732][742]LogModuleManager: Shutting down and abandoning module MacNoEditorTargetPlatform (87)
[2019.10.20-23.04.15:733][742]LogModuleManager: Shutting down and abandoning module MacClientTargetPlatform (85)
[2019.10.20-23.04.15:733][742]LogModuleManager: Shutting down and abandoning module AllDesktopTargetPlatform (83)
[2019.10.20-23.04.15:733][742]LogModuleManager: Shutting down and abandoning module InputCore (80)
[2019.10.20-23.04.15:733][742]LogModuleManager: Shutting down and abandoning module Settings (78)
[2019.10.20-23.04.15:733][742]LogModuleManager: Shutting down and abandoning module DirectoryWatcher (76)
[2019.10.20-23.04.15:733][742]LogModuleManager: Shutting down and abandoning module PhysXCooking (74)
[2019.10.20-23.04.15:733][742]LogModuleManager: Shutting down and abandoning module SteamVR (72)
[2019.10.20-23.04.15:733][742]LogHMD: Freeing OpenVRDLLHandle.
[2019.10.20-23.04.15:733][742]LogModuleManager: Shutting down and abandoning module OculusHMD (70)
[2019.10.20-23.04.15:733][742]LogModuleManager: Shutting down and abandoning module ExampleDeviceProfileSelector (68)
[2019.10.20-23.04.15:733][742]LogModuleManager: Shutting down and abandoning module LauncherChunkInstaller (66)
[2019.10.20-23.04.15:733][742]LogModuleManager: Shutting down and abandoning module OnlineBlueprintSupport (64)
[2019.10.20-23.04.15:733][742]LogModuleManager: Shutting down and abandoning module OnlineSubsystem (60)
[2019.10.20-23.04.15:734][742]LogModuleManager: Shutting down and abandoning module XMPP (55)
[2019.10.20-23.04.15:734][742]LogModuleManager: Shutting down and abandoning module WebSockets (54)
[2019.10.20-23.04.15:752][742]LogModuleManager: Shutting down and abandoning module HTTP (51)
[2019.10.20-23.04.15:752][742]LogHttp: Display: Http module shutting down, but needs to wait on 1 outstanding Http requests:
[2019.10.20-23.04.15:752][742]LogHttp: Display: 	verb=[POST] url=[https://datarouter.ol.epicgames.com/datarouter/api/v1/public/data?SessionID=%7BBC77A69A-4B4B-3D3F-0BDB-88ACE81617DD%7D&AppID=UEEditor.Rocket.Release&AppVersion=4.22.3-7053642%2B%2B%2BUE4%2BRelease-4.22&UserID=79ff237c4674507afe422db07e45d8ab%7Cb6b0a3a7191a4384906c197d8122a421%7C913a02ed-703d-47d0-9455-a45e8027c450&AppEnvironment=datacollector-binary&UploadType=eteventstream] status=Processing
[2019.10.20-23.04.15:783][742]LogModuleManager: Shutting down and abandoning module SSL (50)
[2019.10.20-23.04.15:783][742]LogModuleManager: Shutting down and abandoning module WmfMedia (46)
[2019.10.20-23.04.15:785][742]LogModuleManager: Shutting down and abandoning module Media (45)
[2019.10.20-23.04.15:791][742]LogModuleManager: Shutting down and abandoning module MagicLeap (42)
[2019.10.20-23.04.15:791][742]LogModuleManager: Shutting down and abandoning module DatasmithContent (40)
[2019.10.20-23.04.15:791][742]LogModuleManager: Shutting down and abandoning module AnimationModifiers (38)
[2019.10.20-23.04.15:791][742]LogModuleManager: Shutting down and abandoning module PropertyEditor (37)
[2019.10.20-23.04.15:791][742]LogModuleManager: Shutting down and abandoning module AudioEditor (34)
[2019.10.20-23.04.15:792][742]LogModuleManager: Shutting down and abandoning module TextureCompressor (32)
[2019.10.20-23.04.15:792][742]LogModuleManager: Shutting down and abandoning module RenderCore (30)
[2019.10.20-23.04.15:792][742]LogModuleManager: Shutting down and abandoning module Landscape (28)
[2019.10.20-23.04.15:792][742]LogModuleManager: Shutting down and abandoning module SlateRHIRenderer (26)
[2019.10.20-23.04.15:792][742]LogModuleManager: Shutting down and abandoning module OpenGLDrv (24)
[2019.10.20-23.04.15:792][742]LogModuleManager: Shutting down and abandoning module D3D11RHI (22)
[2019.10.20-23.04.15:792][742]LogModuleManager: Shutting down and abandoning module AnimGraphRuntime (20)
[2019.10.20-23.04.15:792][742]LogModuleManager: Shutting down and abandoning module Renderer (18)
[2019.10.20-23.04.15:792][742]LogModuleManager: Shutting down and abandoning module Engine (16)
[2019.10.20-23.04.15:792][742]LogModuleManager: Shutting down and abandoning module CoreUObject (14)
[2019.10.20-23.04.15:792][742]LogModuleManager: Shutting down and abandoning module NetworkFile (12)
[2019.10.20-23.04.15:792][742]LogModuleManager: Shutting down and abandoning module CookedIterativeFile (10)
[2019.10.20-23.04.15:792][742]LogModuleManager: Shutting down and abandoning module StreamingFile (8)
[2019.10.20-23.04.15:792][742]LogModuleManager: Shutting down and abandoning module SandboxFile (6)
[2019.10.20-23.04.15:792][742]LogModuleManager: Shutting down and abandoning module PakFile (4)
[2019.10.20-23.04.15:792][742]LogModuleManager: Shutting down and abandoning module RSA (3)
[2019.10.20-23.04.15:798][742]LogExit: Exiting.
[2019.10.20-23.04.15:801][742]Log file closed, 10/21/19 10:04:15
