Log file open, 08/26/19 12:21:43
LogWindows: Failed to load 'aqProf.dll' (GetLastError=126)
LogWindows: File 'aqProf.dll' does not exist
LogWindows: Failed to load 'VtuneApi.dll' (GetLastError=126)
LogWindows: File 'VtuneApi.dll' does not exist
LogWindows: Failed to load 'VtuneApi32e.dll' (GetLastError=126)
LogWindows: File 'VtuneApi32e.dll' does not exist
LogConsoleResponse: Display: Failed to find resolution value strings in scalability ini. Falling back to default.
LogInit: Display: Running engine for game: Risk_of_Rhythm
LogPakFile: Registered encryption key '00000000000000000000000000000000': 0 pak files mounted, 0 remain pending
LogPlatformFile: Not using cached read wrapper
LogTaskGraph: Started task graph with 5 named threads and 23 total threads with 3 sets of task threads.
LogStats: Stats thread started at 0.305709
LogD3D11RHI: Loaded GFSDK_Aftermath_Lib.x64.dll
LogICUInternationalization: ICU TimeZone Detection - Raw Offset: +10:00, Platform Override: ''
LogPluginManager: Mounting plugin Paper2D
LogPluginManager: Mounting plugin AISupport
LogPluginManager: Mounting plugin LightPropagationVolume
LogPluginManager: Mounting plugin ActorLayerUtilities
LogPluginManager: Mounting plugin AnimationSharing
LogPluginManager: Mounting plugin CLionSourceCodeAccess
LogPluginManager: Mounting plugin CodeLiteSourceCodeAccess
LogPluginManager: Mounting plugin GitSourceControl
LogPluginManager: Mounting plugin KDevelopSourceCodeAccess
LogPluginManager: Mounting plugin NullSourceCodeAccess
LogPluginManager: Mounting plugin PerforceSourceControl
LogPluginManager: Mounting plugin SubversionSourceControl
LogPluginManager: Mounting plugin UObjectPlugin
LogPluginManager: Mounting plugin VisualStudioCodeSourceCodeAccess
LogPluginManager: Mounting plugin VisualStudioSourceCodeAccess
LogPluginManager: Mounting plugin XCodeSourceCodeAccess
LogPluginManager: Mounting plugin AssetManagerEditor
LogPluginManager: Mounting plugin CryptoKeys
LogPluginManager: Mounting plugin DataValidation
LogPluginManager: Mounting plugin FacialAnimation
LogPluginManager: Mounting plugin GameplayTagsEditor
LogPluginManager: Mounting plugin MacGraphicsSwitching
LogPluginManager: Mounting plugin MaterialAnalyzer
LogPluginManager: Mounting plugin MobileLauncherProfileWizard
LogPluginManager: Mounting plugin PluginBrowser
LogPluginManager: Mounting plugin SpeedTreeImporter
LogPluginManager: Mounting plugin DatasmithContent
LogPluginManager: Mounting plugin VariantManagerContent
LogPluginManager: Mounting plugin AlembicImporter
LogPluginManager: Mounting plugin AppleImageUtils
LogPluginManager: Mounting plugin AppleVision
LogPluginManager: Mounting plugin BackChannel
LogPluginManager: Mounting plugin CharacterAI
LogPluginManager: Mounting plugin GeometryCache
LogPluginManager: Mounting plugin HTML5Networking
LogPluginManager: Mounting plugin ProxyLODPlugin
LogPluginManager: Mounting plugin SkeletalReduction
LogPluginManager: Mounting plugin MagicLeap
LogPluginManager: Mounting plugin MagicLeapMedia
LogPluginManager: Mounting plugin AndroidMedia
LogPluginManager: Mounting plugin AvfMedia
LogPluginManager: Mounting plugin ImgMedia
LogPluginManager: Mounting plugin LinearTimecode
LogPluginManager: Mounting plugin MediaCompositing
LogPluginManager: Mounting plugin MediaPlayerEditor
LogPluginManager: Mounting plugin WebMMedia
LogPluginManager: Mounting plugin WmfMedia
LogPluginManager: Mounting plugin TcpMessaging
LogPluginManager: Mounting plugin UdpMessaging
LogPluginManager: Mounting plugin ActorSequence
LogPluginManager: Mounting plugin LevelSequenceEditor
LogPluginManager: Mounting plugin MatineeToLevelSequence
LogPluginManager: Mounting plugin NetcodeUnitTest
LogPluginManager: Mounting plugin NUTUnrealEngine4
LogPluginManager: Mounting plugin OnlineSubsystemGooglePlay
LogPluginManager: Mounting plugin OnlineSubsystemIOS
LogPluginManager: Mounting plugin OnlineSubsystem
LogPluginManager: Mounting plugin OnlineSubsystemNull
LogPluginManager: Mounting plugin OnlineSubsystemUtils
LogPluginManager: Mounting plugin LauncherChunkInstaller
LogPluginManager: Mounting plugin AndroidDeviceProfileSelector
LogPluginManager: Mounting plugin AndroidMoviePlayer
LogPluginManager: Mounting plugin AndroidPermission
LogPluginManager: Mounting plugin AppleMoviePlayer
LogPluginManager: Mounting plugin ArchVisCharacter
LogPluginManager: Mounting plugin AudioCapture
LogPluginManager: Mounting plugin CableComponent
LogPluginManager: Mounting plugin CustomMeshComponent
LogPluginManager: Mounting plugin EditableMesh
LogPluginManager: Mounting plugin ExampleDeviceProfileSelector
LogPluginManager: Mounting plugin Firebase
LogPluginManager: Mounting plugin GoogleCloudMessaging
LogPluginManager: Mounting plugin IOSDeviceProfileSelector
LogPluginManager: Mounting plugin LinuxDeviceProfileSelector
LogPluginManager: Mounting plugin LocationServicesBPLibrary
LogPluginManager: Mounting plugin MobilePatchingUtils
LogPluginManager: Mounting plugin OculusVR
LogPluginManager: Mounting plugin PhysXVehicles
LogPluginManager: Mounting plugin ProceduralMeshComponent
LogPluginManager: Mounting plugin RuntimePhysXCooking
LogPluginManager: Mounting plugin SignificanceManager
LogPluginManager: Mounting plugin SoundVisualizations
LogPluginManager: Mounting plugin SteamVR
LogPluginManager: Mounting plugin WebMMoviePlayer
LogPluginManager: Mounting plugin WindowsMoviePlayer
LogInit: Using libcurl 7.55.1-DEV
LogInit:  - built for x86_64-pc-win32
LogInit:  - supports SSL with OpenSSL/1.1.1
LogInit:  - supports HTTP deflate (compression) using libz 1.2.8
LogInit:  - other features:
LogInit:      CURL_VERSION_SSL
LogInit:      CURL_VERSION_LIBZ
LogInit:      CURL_VERSION_IPV6
LogInit:      CURL_VERSION_ASYNCHDNS
LogInit:      CURL_VERSION_LARGEFILE
LogInit:      CURL_VERSION_IDN
LogInit:  CurlRequestOptions (configurable via config and command line):
LogInit:  - bVerifyPeer = true  - Libcurl will verify peer certificate
LogInit:  - bUseHttpProxy = false  - Libcurl will NOT use HTTP proxy
LogInit:  - bDontReuseConnections = false  - Libcurl will reuse connections
LogInit:  - MaxHostConnections = 16  - Libcurl will limit the number of connections to a host
LogInit:  - LocalHostAddr = Default
LogInit:  - BufferSize = 65536
LogInit: WinSock: version 1.1 (2.2), MaxSocks=32767, MaxUdp=65467
LogInit: Build: ++UE4+Release-4.22-CL-7053642
LogInit: Engine Version: 4.22.3-7053642+++UE4+Release-4.22
LogInit: Compatible Engine Version: 4.22.0-5660361+++UE4+Release-4.22
LogInit: Net CL: 5660361
LogInit: OS: Windows 10 (Release 1803) (), CPU: Intel(R) Core(TM) i7-6700HQ CPU @ 2.60GHz, GPU: Intel(R) HD Graphics 530
LogInit: Compiled (64-bit): Jun 18 2019 03:09:11
LogInit: Compiled with Visual C++: 19.16.27025.01
LogInit: Build Configuration: Development
LogInit: Branch Name: ++UE4+Release-4.22
LogInit: Command Line:  -EpicPortal -epicusername=Gozieson -epicuserid=c2c70b2b393b48f5947cbcca21962de3 -epiclocale=en-US
LogInit: Base Directory: F:/Storage/FortNite/UE_4.22/Engine/Binaries/Win64/
LogInit: Installed Engine Build: 1
LogDevObjectVersion: Number of dev versions registered: 23
LogDevObjectVersion:   Dev-Blueprints (B0D832E4-1F89-4F0D-ACCF-7EB736FD4AA2): 10
LogDevObjectVersion:   Dev-Build (E1C64328-A22C-4D53-A36C-8E866417BD8C): 0
LogDevObjectVersion:   Dev-Core (375EC13C-06E4-48FB-B500-84F0262A717E): 3
LogDevObjectVersion:   Dev-Editor (E4B068ED-F494-42E9-A231-DA0B2E46BB41): 30
LogDevObjectVersion:   Dev-Framework (CFFC743F-43B0-4480-9391-14DF171D2073): 35
LogDevObjectVersion:   Dev-Mobile (B02B49B5-BB20-44E9-A304-32B752E40360): 2
LogDevObjectVersion:   Dev-Networking (A4E4105C-59A1-49B5-A7C5-40C4547EDFEE): 0
LogDevObjectVersion:   Dev-Online (39C831C9-5AE6-47DC-9A44-9C173E1C8E7C): 0
LogDevObjectVersion:   Dev-Physics (78F01B33-EBEA-4F98-B9B4-84EACCB95AA2): 0
LogDevObjectVersion:   Dev-Platform (6631380F-2D4D-43E0-8009-CF276956A95A): 0
LogDevObjectVersion:   Dev-Rendering (12F88B9F-8875-4AFC-A67C-D90C383ABD29): 28
LogDevObjectVersion:   Dev-Sequencer (7B5AE74C-D270-4C10-A958-57980B212A5A): 11
LogDevObjectVersion:   Dev-VR (D7296918-1DD6-4BDD-9DE2-64A83CC13884): 2
LogDevObjectVersion:   Dev-LoadTimes (C2A15278-BFE7-4AFE-6C17-90FF531DF755): 1
LogDevObjectVersion:   Private-Geometry (6EACA3D4-40EC-4CC1-B786-8BED09428FC5): 3
LogDevObjectVersion:   Dev-AnimPhys (29E575DD-E0A3-4627-9D10-D276232CDCEA): 17
LogDevObjectVersion:   Dev-Anim (AF43A65D-7FD3-4947-9873-3E8ED9C1BB05): 2
LogDevObjectVersion:   Dev-ReflectionCapture (6B266CEC-1EC7-4B8F-A30B-E4D90942FC07): 1
LogDevObjectVersion:   Dev-Automation (0DF73D61-A23F-47EA-B727-89E90C41499A): 1
LogDevObjectVersion:   FortniteMain (601D1886-AC64-4F84-AA16-D3DE0DEAC7D6): 25
LogDevObjectVersion:   Dev-Enterprise (9DFFBCD6-494F-0158-E221-12823C92A888): 6
LogDevObjectVersion:   Dev-Niagara (F2AED0AC-9AFE-416F-8664-AA7FFA26D6FC): 1
LogDevObjectVersion:   Dev-Destruction (174F1F0B-B4C6-45A5-B13F-2EE8D0FB917D): 2
LogInit: Presizing for max 16777216 objects, including 0 objects not considered by GC, pre-allocating 0 bytes for permanent pool.
LogInit: Object subsystem initialized
LogConfig: Setting CVar [[con.DebugEarlyDefault:1]]
LogConfig: Setting CVar [[r.setres:1280x720]]
[2019.08.26-02.21.44:125][  0]LogConfig: Setting CVar [[r.VSync:0]]
[2019.08.26-02.21.44:125][  0]LogConfig: Setting CVar [[r.RHICmdBypass:0]]
[2019.08.26-02.21.44:125][  0]LogConfig: Applying CVar settings from Section [/Script/Engine.RendererSettings] File [D:/jgohw/Work/CompSci 2017/Year 3/FIT3145/Ror_FinalProject/FIT3145-Risk-of-Rhythm/Risk_of_Rhythm/Saved/Config/Windows/Engine.ini]
[2019.08.26-02.21.44:125][  0]LogConfig: Setting CVar [[r.GPUCrashDebugging:0]]
[2019.08.26-02.21.44:125][  0]LogConfig: Applying CVar settings from Section [/Script/Engine.RendererOverrideSettings] File [D:/jgohw/Work/CompSci 2017/Year 3/FIT3145/Ror_FinalProject/FIT3145-Risk-of-Rhythm/Risk_of_Rhythm/Saved/Config/Windows/Engine.ini]
[2019.08.26-02.21.44:125][  0]LogConfig: Applying CVar settings from Section [/Script/Engine.StreamingSettings] File [D:/jgohw/Work/CompSci 2017/Year 3/FIT3145/Ror_FinalProject/FIT3145-Risk-of-Rhythm/Risk_of_Rhythm/Saved/Config/Windows/Engine.ini]
[2019.08.26-02.21.44:125][  0]LogConfig: Setting CVar [[s.MinBulkDataSizeForAsyncLoading:131072]]
[2019.08.26-02.21.44:125][  0]LogConfig: Setting CVar [[s.AsyncLoadingThreadEnabled:0]]
[2019.08.26-02.21.44:125][  0]LogConfig: Setting CVar [[s.EventDrivenLoaderEnabled:1]]
[2019.08.26-02.21.44:125][  0]LogConfig: Setting CVar [[s.WarnIfTimeLimitExceeded:0]]
[2019.08.26-02.21.44:125][  0]LogConfig: Setting CVar [[s.TimeLimitExceededMultiplier:1.5]]
[2019.08.26-02.21.44:125][  0]LogConfig: Setting CVar [[s.TimeLimitExceededMinTime:0.005]]
[2019.08.26-02.21.44:125][  0]LogConfig: Setting CVar [[s.UseBackgroundLevelStreaming:1]]
[2019.08.26-02.21.44:125][  0]LogConfig: Setting CVar [[s.PriorityAsyncLoadingExtraTime:15.0]]
[2019.08.26-02.21.44:125][  0]LogConfig: Setting CVar [[s.LevelStreamingActorsUpdateTimeLimit:5.0]]
[2019.08.26-02.21.44:125][  0]LogConfig: Setting CVar [[s.PriorityLevelStreamingActorsUpdateExtraTime:5.0]]
[2019.08.26-02.21.44:125][  0]LogConfig: Setting CVar [[s.LevelStreamingComponentsRegistrationGranularity:10]]
[2019.08.26-02.21.44:125][  0]LogConfig: Setting CVar [[s.UnregisterComponentsTimeLimit:1.0]]
[2019.08.26-02.21.44:125][  0]LogConfig: Setting CVar [[s.LevelStreamingComponentsUnregistrationGranularity:5]]
[2019.08.26-02.21.44:125][  0]LogConfig: Applying CVar settings from Section [/Script/Engine.GarbageCollectionSettings] File [D:/jgohw/Work/CompSci 2017/Year 3/FIT3145/Ror_FinalProject/FIT3145-Risk-of-Rhythm/Risk_of_Rhythm/Saved/Config/Windows/Engine.ini]
[2019.08.26-02.21.44:125][  0]LogConfig: Setting CVar [[gc.MaxObjectsNotConsideredByGC:1]]
[2019.08.26-02.21.44:125][  0]LogConfig: Setting CVar [[gc.SizeOfPermanentObjectPool:0]]
[2019.08.26-02.21.44:125][  0]LogConfig: Setting CVar [[gc.FlushStreamingOnGC:0]]
[2019.08.26-02.21.44:125][  0]LogConfig: Setting CVar [[gc.NumRetriesBeforeForcingGC:10]]
[2019.08.26-02.21.44:125][  0]LogConfig: Setting CVar [[gc.AllowParallelGC:1]]
[2019.08.26-02.21.44:125][  0]LogConfig: Setting CVar [[gc.TimeBetweenPurgingPendingKillObjects:61.1]]
[2019.08.26-02.21.44:125][  0]LogConfig: Setting CVar [[gc.MaxObjectsInEditor:16777216]]
[2019.08.26-02.21.44:125][  0]LogConfig: Setting CVar [[gc.IncrementalBeginDestroyEnabled:1]]
[2019.08.26-02.21.44:125][  0]LogConfig: Setting CVar [[gc.CreateGCClusters:1]]
[2019.08.26-02.21.44:125][  0]LogConfig: Setting CVar [[gc.MinGCClusterSize:5]]
[2019.08.26-02.21.44:125][  0]LogConfig: Setting CVar [[gc.ActorClusteringEnabled:0]]
[2019.08.26-02.21.44:125][  0]LogConfig: Setting CVar [[gc.BlueprintClusteringEnabled:0]]
[2019.08.26-02.21.44:125][  0]LogConfig: Setting CVar [[gc.UseDisregardForGCOnDedicatedServers:0]]
[2019.08.26-02.21.44:125][  0]LogConfig: Applying CVar settings from Section [/Script/Engine.NetworkSettings] File [D:/jgohw/Work/CompSci 2017/Year 3/FIT3145/Ror_FinalProject/FIT3145-Risk-of-Rhythm/Risk_of_Rhythm/Saved/Config/Windows/Engine.ini]
[2019.08.26-02.21.44:125][  0]LogConfig: Applying CVar settings from Section [/Script/UnrealEd.CookerSettings] File [D:/jgohw/Work/CompSci 2017/Year 3/FIT3145/Ror_FinalProject/FIT3145-Risk-of-Rhythm/Risk_of_Rhythm/Saved/Config/Windows/Engine.ini]
[2019.08.26-02.21.44:128][  0]LogConfig: Applying CVar settings from Section [ViewDistanceQuality@3] File [D:/jgohw/Work/CompSci 2017/Year 3/FIT3145/Ror_FinalProject/FIT3145-Risk-of-Rhythm/Risk_of_Rhythm/Saved/Config/Windows/Scalability.ini]
[2019.08.26-02.21.44:128][  0]LogConfig: Setting CVar [[r.SkeletalMeshLODBias:0]]
[2019.08.26-02.21.44:128][  0]LogConfig: Setting CVar [[r.ViewDistanceScale:1.0]]
[2019.08.26-02.21.44:128][  0]LogConfig: Applying CVar settings from Section [AntiAliasingQuality@3] File [D:/jgohw/Work/CompSci 2017/Year 3/FIT3145/Ror_FinalProject/FIT3145-Risk-of-Rhythm/Risk_of_Rhythm/Saved/Config/Windows/Scalability.ini]
[2019.08.26-02.21.44:128][  0]LogConfig: Setting CVar [[r.PostProcessAAQuality:4]]
[2019.08.26-02.21.44:128][  0]LogConfig: Applying CVar settings from Section [ShadowQuality@3] File [D:/jgohw/Work/CompSci 2017/Year 3/FIT3145/Ror_FinalProject/FIT3145-Risk-of-Rhythm/Risk_of_Rhythm/Saved/Config/Windows/Scalability.ini]
[2019.08.26-02.21.44:128][  0]LogConfig: Setting CVar [[r.LightFunctionQuality:1]]
[2019.08.26-02.21.44:128][  0]LogConfig: Setting CVar [[r.ShadowQuality:5]]
[2019.08.26-02.21.44:128][  0]LogConfig: Setting CVar [[r.Shadow.CSM.MaxCascades:10]]
[2019.08.26-02.21.44:128][  0]LogConfig: Setting CVar [[r.Shadow.MaxResolution:2048]]
[2019.08.26-02.21.44:128][  0]LogConfig: Setting CVar [[r.Shadow.MaxCSMResolution:2048]]
[2019.08.26-02.21.44:128][  0]LogConfig: Setting CVar [[r.Shadow.RadiusThreshold:0.01]]
[2019.08.26-02.21.44:128][  0]LogConfig: Setting CVar [[r.Shadow.DistanceScale:1.0]]
[2019.08.26-02.21.44:128][  0]LogConfig: Setting CVar [[r.Shadow.CSM.TransitionScale:1.0]]
[2019.08.26-02.21.44:128][  0]LogConfig: Setting CVar [[r.Shadow.PreShadowResolutionFactor:1.0]]
[2019.08.26-02.21.44:128][  0]LogConfig: Setting CVar [[r.DistanceFieldShadowing:1]]
[2019.08.26-02.21.44:128][  0]LogConfig: Setting CVar [[r.DistanceFieldAO:1]]
[2019.08.26-02.21.44:128][  0]LogConfig: Setting CVar [[r.AOQuality:2]]
[2019.08.26-02.21.44:128][  0]LogConfig: Setting CVar [[r.VolumetricFog:1]]
[2019.08.26-02.21.44:128][  0]LogConfig: Setting CVar [[r.VolumetricFog.GridPixelSize:8]]
[2019.08.26-02.21.44:128][  0]LogConfig: Setting CVar [[r.VolumetricFog.GridSizeZ:128]]
[2019.08.26-02.21.44:128][  0]LogConfig: Setting CVar [[r.VolumetricFog.HistoryMissSupersampleCount:4]]
[2019.08.26-02.21.44:128][  0]LogConfig: Setting CVar [[r.LightMaxDrawDistanceScale:1]]
[2019.08.26-02.21.44:128][  0]LogConfig: Setting CVar [[r.CapsuleShadows:1]]
[2019.08.26-02.21.44:128][  0]LogConfig: Applying CVar settings from Section [PostProcessQuality@3] File [D:/jgohw/Work/CompSci 2017/Year 3/FIT3145/Ror_FinalProject/FIT3145-Risk-of-Rhythm/Risk_of_Rhythm/Saved/Config/Windows/Scalability.ini]
[2019.08.26-02.21.44:128][  0]LogConfig: Setting CVar [[r.MotionBlurQuality:4]]
[2019.08.26-02.21.44:128][  0]LogConfig: Setting CVar [[r.AmbientOcclusionMipLevelFactor:0.4]]
[2019.08.26-02.21.44:128][  0]LogConfig: Setting CVar [[r.AmbientOcclusionMaxQuality:100]]
[2019.08.26-02.21.44:128][  0]LogConfig: Setting CVar [[r.AmbientOcclusionLevels:-1]]
[2019.08.26-02.21.44:128][  0]LogConfig: Setting CVar [[r.AmbientOcclusionRadiusScale:1.0]]
[2019.08.26-02.21.44:128][  0]LogConfig: Setting CVar [[r.DepthOfFieldQuality:2]]
[2019.08.26-02.21.44:128][  0]LogConfig: Setting CVar [[r.RenderTargetPoolMin:400]]
[2019.08.26-02.21.44:128][  0]LogConfig: Setting CVar [[r.LensFlareQuality:2]]
[2019.08.26-02.21.44:128][  0]LogConfig: Setting CVar [[r.SceneColorFringeQuality:1]]
[2019.08.26-02.21.44:128][  0]LogConfig: Setting CVar [[r.EyeAdaptationQuality:2]]
[2019.08.26-02.21.44:128][  0]LogConfig: Setting CVar [[r.BloomQuality:5]]
[2019.08.26-02.21.44:128][  0]LogConfig: Setting CVar [[r.FastBlurThreshold:100]]
[2019.08.26-02.21.44:128][  0]LogConfig: Setting CVar [[r.Upscale.Quality:3]]
[2019.08.26-02.21.44:128][  0]LogConfig: Setting CVar [[r.Tonemapper.GrainQuantization:1]]
[2019.08.26-02.21.44:129][  0]LogConfig: Setting CVar [[r.LightShaftQuality:1]]
[2019.08.26-02.21.44:129][  0]LogConfig: Setting CVar [[r.Filter.SizeScale:1]]
[2019.08.26-02.21.44:129][  0]LogConfig: Setting CVar [[r.Tonemapper.Quality:5]]
[2019.08.26-02.21.44:129][  0]LogConfig: Setting CVar [[r.DOF.Gather.AccumulatorQuality:1        ; higher gathering accumulator quality]]
[2019.08.26-02.21.44:129][  0]LogConfig: Setting CVar [[r.DOF.Gather.PostfilterMethod:1          ; Median3x3 postfilering method]]
[2019.08.26-02.21.44:129][  0]LogConfig: Setting CVar [[r.DOF.Gather.EnableBokehSettings:0       ; no bokeh simulation when gathering]]
[2019.08.26-02.21.44:129][  0]LogConfig: Setting CVar [[r.DOF.Gather.RingCount:4                 ; medium number of samples when gathering]]
[2019.08.26-02.21.44:129][  0]LogConfig: Setting CVar [[r.DOF.Scatter.ForegroundCompositing:1    ; additive foreground scattering]]
[2019.08.26-02.21.44:129][  0]LogConfig: Setting CVar [[r.DOF.Scatter.BackgroundCompositing:2    ; additive background scattering]]
[2019.08.26-02.21.44:129][  0]LogConfig: Setting CVar [[r.DOF.Scatter.EnableBokehSettings:1      ; bokeh simulation when scattering]]
[2019.08.26-02.21.44:129][  0]LogConfig: Setting CVar [[r.DOF.Scatter.MaxSpriteRatio:0.1         ; only a maximum of 10% of scattered bokeh]]
[2019.08.26-02.21.44:129][  0]LogConfig: Setting CVar [[r.DOF.Recombine.Quality:1                ; cheap slight out of focus]]
[2019.08.26-02.21.44:129][  0]LogConfig: Setting CVar [[r.DOF.Recombine.EnableBokehSettings:0    ; no bokeh simulation on slight out of focus]]
[2019.08.26-02.21.44:129][  0]LogConfig: Setting CVar [[r.DOF.TemporalAAQuality:1                ; more stable temporal accumulation]]
[2019.08.26-02.21.44:129][  0]LogConfig: Setting CVar [[r.DOF.Kernel.MaxForegroundRadius:0.025]]
[2019.08.26-02.21.44:129][  0]LogConfig: Setting CVar [[r.DOF.Kernel.MaxBackgroundRadius:0.025]]
[2019.08.26-02.21.44:129][  0]LogConfig: Applying CVar settings from Section [TextureQuality@3] File [D:/jgohw/Work/CompSci 2017/Year 3/FIT3145/Ror_FinalProject/FIT3145-Risk-of-Rhythm/Risk_of_Rhythm/Saved/Config/Windows/Scalability.ini]
[2019.08.26-02.21.44:129][  0]LogConfig: Setting CVar [[r.Streaming.MipBias:0]]
[2019.08.26-02.21.44:129][  0]LogConfig: Setting CVar [[r.Streaming.AmortizeCPUToGPUCopy:0]]
[2019.08.26-02.21.44:129][  0]LogConfig: Setting CVar [[r.Streaming.MaxNumTexturesToStreamPerFrame:0]]
[2019.08.26-02.21.44:129][  0]LogConfig: Setting CVar [[r.Streaming.Boost:1]]
[2019.08.26-02.21.44:129][  0]LogConfig: Setting CVar [[r.MaxAnisotropy:8]]
[2019.08.26-02.21.44:129][  0]LogConfig: Setting CVar [[r.Streaming.LimitPoolSizeToVRAM:0]]
[2019.08.26-02.21.44:129][  0]LogConfig: Setting CVar [[r.Streaming.PoolSize:1000]]
[2019.08.26-02.21.44:129][  0]LogConfig: Setting CVar [[r.Streaming.MaxEffectiveScreenSize:0]]
[2019.08.26-02.21.44:129][  0]LogConfig: Applying CVar settings from Section [EffectsQuality@3] File [D:/jgohw/Work/CompSci 2017/Year 3/FIT3145/Ror_FinalProject/FIT3145-Risk-of-Rhythm/Risk_of_Rhythm/Saved/Config/Windows/Scalability.ini]
[2019.08.26-02.21.44:129][  0]LogConfig: Setting CVar [[r.TranslucencyLightingVolumeDim:64]]
[2019.08.26-02.21.44:129][  0]LogConfig: Setting CVar [[r.RefractionQuality:2]]
[2019.08.26-02.21.44:129][  0]LogConfig: Setting CVar [[r.SSR.Quality:3]]
[2019.08.26-02.21.44:129][  0]LogConfig: Setting CVar [[r.SceneColorFormat:4]]
[2019.08.26-02.21.44:129][  0]LogConfig: Setting CVar [[r.DetailMode:2]]
[2019.08.26-02.21.44:129][  0]LogConfig: Setting CVar [[r.TranslucencyVolumeBlur:1]]
[2019.08.26-02.21.44:129][  0]LogConfig: Setting CVar [[r.MaterialQualityLevel:1 ; High quality]]
[2019.08.26-02.21.44:129][  0]LogConfig: Setting CVar [[r.SSS.Scale:1]]
[2019.08.26-02.21.44:129][  0]LogConfig: Setting CVar [[r.SSS.SampleSet:2]]
[2019.08.26-02.21.44:129][  0]LogConfig: Setting CVar [[r.SSS.Quality:1]]
[2019.08.26-02.21.44:129][  0]LogConfig: Setting CVar [[r.SSS.HalfRes:1]]
[2019.08.26-02.21.44:129][  0]LogConfig: Setting CVar [[r.EmitterSpawnRateScale:1.0]]
[2019.08.26-02.21.44:129][  0]LogConfig: Setting CVar [[r.ParticleLightQuality:2]]
[2019.08.26-02.21.44:129][  0]LogConfig: Applying CVar settings from Section [FoliageQuality@3] File [D:/jgohw/Work/CompSci 2017/Year 3/FIT3145/Ror_FinalProject/FIT3145-Risk-of-Rhythm/Risk_of_Rhythm/Saved/Config/Windows/Scalability.ini]
[2019.08.26-02.21.44:129][  0]LogConfig: Setting CVar [[foliage.DensityScale:1.0]]
[2019.08.26-02.21.44:129][  0]LogConfig: Setting CVar [[grass.DensityScale:1.0]]
[2019.08.26-02.21.44:129][  0]LogInit: Selected Device Profile: [Windows]
[2019.08.26-02.21.44:129][  0]LogInit: Applying CVar settings loaded from the selected device profile: [Windows]
[2019.08.26-02.21.44:163][  0]LogHAL: Display: Platform has ~ 16 GB [17035448320 / 17179869184 / 16], which maps to Larger [LargestMinGB=32, LargerMinGB=12, DefaultMinGB=8, SmallerMinGB=6, SmallestMinGB=0)
[2019.08.26-02.21.44:163][  0]LogConfig: Setting CVar [[r.Vulkan.UseRealUBs:0		; Required until we fix HLR fall-out]]
[2019.08.26-02.21.44:163][  0]LogInit: Going up to parent DeviceProfile []
[2019.08.26-02.21.44:163][  0]LogConfig: Applying CVar settings from Section [ViewDistanceQuality@3] File [D:/jgohw/Work/CompSci 2017/Year 3/FIT3145/Ror_FinalProject/FIT3145-Risk-of-Rhythm/Risk_of_Rhythm/Saved/Config/Windows/Scalability.ini]
[2019.08.26-02.21.44:163][  0]LogConfig: Setting CVar [[r.SkeletalMeshLODBias:0]]
[2019.08.26-02.21.44:163][  0]LogConfig: Setting CVar [[r.ViewDistanceScale:1.0]]
[2019.08.26-02.21.44:163][  0]LogConfig: Applying CVar settings from Section [AntiAliasingQuality@3] File [D:/jgohw/Work/CompSci 2017/Year 3/FIT3145/Ror_FinalProject/FIT3145-Risk-of-Rhythm/Risk_of_Rhythm/Saved/Config/Windows/Scalability.ini]
[2019.08.26-02.21.44:163][  0]LogConfig: Setting CVar [[r.PostProcessAAQuality:4]]
[2019.08.26-02.21.44:163][  0]LogConfig: Applying CVar settings from Section [ShadowQuality@3] File [D:/jgohw/Work/CompSci 2017/Year 3/FIT3145/Ror_FinalProject/FIT3145-Risk-of-Rhythm/Risk_of_Rhythm/Saved/Config/Windows/Scalability.ini]
[2019.08.26-02.21.44:163][  0]LogConfig: Setting CVar [[r.LightFunctionQuality:1]]
[2019.08.26-02.21.44:163][  0]LogConfig: Setting CVar [[r.ShadowQuality:5]]
[2019.08.26-02.21.44:163][  0]LogConfig: Setting CVar [[r.Shadow.CSM.MaxCascades:10]]
[2019.08.26-02.21.44:164][  0]LogConfig: Setting CVar [[r.Shadow.MaxResolution:2048]]
[2019.08.26-02.21.44:164][  0]LogConfig: Setting CVar [[r.Shadow.MaxCSMResolution:2048]]
[2019.08.26-02.21.44:164][  0]LogConfig: Setting CVar [[r.Shadow.RadiusThreshold:0.01]]
[2019.08.26-02.21.44:164][  0]LogConfig: Setting CVar [[r.Shadow.DistanceScale:1.0]]
[2019.08.26-02.21.44:164][  0]LogConfig: Setting CVar [[r.Shadow.CSM.TransitionScale:1.0]]
[2019.08.26-02.21.44:164][  0]LogConfig: Setting CVar [[r.Shadow.PreShadowResolutionFactor:1.0]]
[2019.08.26-02.21.44:164][  0]LogConfig: Setting CVar [[r.DistanceFieldShadowing:1]]
[2019.08.26-02.21.44:164][  0]LogConfig: Setting CVar [[r.DistanceFieldAO:1]]
[2019.08.26-02.21.44:164][  0]LogConfig: Setting CVar [[r.AOQuality:2]]
[2019.08.26-02.21.44:164][  0]LogConfig: Setting CVar [[r.VolumetricFog:1]]
[2019.08.26-02.21.44:164][  0]LogConfig: Setting CVar [[r.VolumetricFog.GridPixelSize:8]]
[2019.08.26-02.21.44:164][  0]LogConfig: Setting CVar [[r.VolumetricFog.GridSizeZ:128]]
[2019.08.26-02.21.44:164][  0]LogConfig: Setting CVar [[r.VolumetricFog.HistoryMissSupersampleCount:4]]
[2019.08.26-02.21.44:164][  0]LogConfig: Setting CVar [[r.LightMaxDrawDistanceScale:1]]
[2019.08.26-02.21.44:164][  0]LogConfig: Setting CVar [[r.CapsuleShadows:1]]
[2019.08.26-02.21.44:164][  0]LogConfig: Applying CVar settings from Section [PostProcessQuality@3] File [D:/jgohw/Work/CompSci 2017/Year 3/FIT3145/Ror_FinalProject/FIT3145-Risk-of-Rhythm/Risk_of_Rhythm/Saved/Config/Windows/Scalability.ini]
[2019.08.26-02.21.44:164][  0]LogConfig: Setting CVar [[r.MotionBlurQuality:4]]
[2019.08.26-02.21.44:164][  0]LogConfig: Setting CVar [[r.AmbientOcclusionMipLevelFactor:0.4]]
[2019.08.26-02.21.44:164][  0]LogConfig: Setting CVar [[r.AmbientOcclusionMaxQuality:100]]
[2019.08.26-02.21.44:164][  0]LogConfig: Setting CVar [[r.AmbientOcclusionLevels:-1]]
[2019.08.26-02.21.44:164][  0]LogConfig: Setting CVar [[r.AmbientOcclusionRadiusScale:1.0]]
[2019.08.26-02.21.44:164][  0]LogConfig: Setting CVar [[r.DepthOfFieldQuality:2]]
[2019.08.26-02.21.44:164][  0]LogConfig: Setting CVar [[r.RenderTargetPoolMin:400]]
[2019.08.26-02.21.44:164][  0]LogConfig: Setting CVar [[r.LensFlareQuality:2]]
[2019.08.26-02.21.44:164][  0]LogConfig: Setting CVar [[r.SceneColorFringeQuality:1]]
[2019.08.26-02.21.44:164][  0]LogConfig: Setting CVar [[r.EyeAdaptationQuality:2]]
[2019.08.26-02.21.44:164][  0]LogConfig: Setting CVar [[r.BloomQuality:5]]
[2019.08.26-02.21.44:164][  0]LogConfig: Setting CVar [[r.FastBlurThreshold:100]]
[2019.08.26-02.21.44:164][  0]LogConfig: Setting CVar [[r.Upscale.Quality:3]]
[2019.08.26-02.21.44:164][  0]LogConfig: Setting CVar [[r.Tonemapper.GrainQuantization:1]]
[2019.08.26-02.21.44:164][  0]LogConfig: Setting CVar [[r.LightShaftQuality:1]]
[2019.08.26-02.21.44:164][  0]LogConfig: Setting CVar [[r.Filter.SizeScale:1]]
[2019.08.26-02.21.44:164][  0]LogConfig: Setting CVar [[r.Tonemapper.Quality:5]]
[2019.08.26-02.21.44:164][  0]LogConfig: Setting CVar [[r.DOF.Gather.AccumulatorQuality:1        ; higher gathering accumulator quality]]
[2019.08.26-02.21.44:164][  0]LogConfig: Setting CVar [[r.DOF.Gather.PostfilterMethod:1          ; Median3x3 postfilering method]]
[2019.08.26-02.21.44:164][  0]LogConfig: Setting CVar [[r.DOF.Gather.EnableBokehSettings:0       ; no bokeh simulation when gathering]]
[2019.08.26-02.21.44:164][  0]LogConfig: Setting CVar [[r.DOF.Gather.RingCount:4                 ; medium number of samples when gathering]]
[2019.08.26-02.21.44:164][  0]LogConfig: Setting CVar [[r.DOF.Scatter.ForegroundCompositing:1    ; additive foreground scattering]]
[2019.08.26-02.21.44:164][  0]LogConfig: Setting CVar [[r.DOF.Scatter.BackgroundCompositing:2    ; additive background scattering]]
[2019.08.26-02.21.44:164][  0]LogConfig: Setting CVar [[r.DOF.Scatter.EnableBokehSettings:1      ; bokeh simulation when scattering]]
[2019.08.26-02.21.44:164][  0]LogConfig: Setting CVar [[r.DOF.Scatter.MaxSpriteRatio:0.1         ; only a maximum of 10% of scattered bokeh]]
[2019.08.26-02.21.44:164][  0]LogConfig: Setting CVar [[r.DOF.Recombine.Quality:1                ; cheap slight out of focus]]
[2019.08.26-02.21.44:164][  0]LogConfig: Setting CVar [[r.DOF.Recombine.EnableBokehSettings:0    ; no bokeh simulation on slight out of focus]]
[2019.08.26-02.21.44:164][  0]LogConfig: Setting CVar [[r.DOF.TemporalAAQuality:1                ; more stable temporal accumulation]]
[2019.08.26-02.21.44:164][  0]LogConfig: Setting CVar [[r.DOF.Kernel.MaxForegroundRadius:0.025]]
[2019.08.26-02.21.44:164][  0]LogConfig: Setting CVar [[r.DOF.Kernel.MaxBackgroundRadius:0.025]]
[2019.08.26-02.21.44:164][  0]LogConfig: Applying CVar settings from Section [TextureQuality@3] File [D:/jgohw/Work/CompSci 2017/Year 3/FIT3145/Ror_FinalProject/FIT3145-Risk-of-Rhythm/Risk_of_Rhythm/Saved/Config/Windows/Scalability.ini]
[2019.08.26-02.21.44:164][  0]LogConfig: Setting CVar [[r.Streaming.MipBias:0]]
[2019.08.26-02.21.44:164][  0]LogConfig: Setting CVar [[r.Streaming.AmortizeCPUToGPUCopy:0]]
[2019.08.26-02.21.44:164][  0]LogConfig: Setting CVar [[r.Streaming.MaxNumTexturesToStreamPerFrame:0]]
[2019.08.26-02.21.44:164][  0]LogConfig: Setting CVar [[r.Streaming.Boost:1]]
[2019.08.26-02.21.44:164][  0]LogConfig: Setting CVar [[r.MaxAnisotropy:8]]
[2019.08.26-02.21.44:164][  0]LogConfig: Setting CVar [[r.Streaming.LimitPoolSizeToVRAM:0]]
[2019.08.26-02.21.44:164][  0]LogConfig: Setting CVar [[r.Streaming.PoolSize:1000]]
[2019.08.26-02.21.44:164][  0]LogConfig: Setting CVar [[r.Streaming.MaxEffectiveScreenSize:0]]
[2019.08.26-02.21.44:164][  0]LogConfig: Applying CVar settings from Section [EffectsQuality@3] File [D:/jgohw/Work/CompSci 2017/Year 3/FIT3145/Ror_FinalProject/FIT3145-Risk-of-Rhythm/Risk_of_Rhythm/Saved/Config/Windows/Scalability.ini]
[2019.08.26-02.21.44:164][  0]LogConfig: Setting CVar [[r.TranslucencyLightingVolumeDim:64]]
[2019.08.26-02.21.44:164][  0]LogConfig: Setting CVar [[r.RefractionQuality:2]]
[2019.08.26-02.21.44:164][  0]LogConfig: Setting CVar [[r.SSR.Quality:3]]
[2019.08.26-02.21.44:164][  0]LogConfig: Setting CVar [[r.SceneColorFormat:4]]
[2019.08.26-02.21.44:164][  0]LogConfig: Setting CVar [[r.DetailMode:2]]
[2019.08.26-02.21.44:164][  0]LogConfig: Setting CVar [[r.TranslucencyVolumeBlur:1]]
[2019.08.26-02.21.44:164][  0]LogConfig: Setting CVar [[r.MaterialQualityLevel:1 ; High quality]]
[2019.08.26-02.21.44:164][  0]LogConfig: Setting CVar [[r.SSS.Scale:1]]
[2019.08.26-02.21.44:164][  0]LogConfig: Setting CVar [[r.SSS.SampleSet:2]]
[2019.08.26-02.21.44:164][  0]LogConfig: Setting CVar [[r.SSS.Quality:1]]
[2019.08.26-02.21.44:164][  0]LogConfig: Setting CVar [[r.SSS.HalfRes:1]]
[2019.08.26-02.21.44:164][  0]LogConfig: Setting CVar [[r.EmitterSpawnRateScale:1.0]]
[2019.08.26-02.21.44:165][  0]LogConfig: Setting CVar [[r.ParticleLightQuality:2]]
[2019.08.26-02.21.44:165][  0]LogConfig: Applying CVar settings from Section [FoliageQuality@3] File [D:/jgohw/Work/CompSci 2017/Year 3/FIT3145/Ror_FinalProject/FIT3145-Risk-of-Rhythm/Risk_of_Rhythm/Saved/Config/Windows/Scalability.ini]
[2019.08.26-02.21.44:165][  0]LogConfig: Setting CVar [[foliage.DensityScale:1.0]]
[2019.08.26-02.21.44:165][  0]LogConfig: Setting CVar [[grass.DensityScale:1.0]]
[2019.08.26-02.21.44:165][  0]LogConfig: Applying CVar settings from Section [Startup] File [../../../Engine/Config/ConsoleVariables.ini]
[2019.08.26-02.21.44:165][  0]LogConfig: Setting CVar [[net.UseAdaptiveNetUpdateFrequency:0]]
[2019.08.26-02.21.44:165][  0]LogConfig: Setting CVar [[p.chaos.AllowCreatePhysxBodies:1]]
[2019.08.26-02.21.44:165][  0]LogConfig: Applying CVar settings from Section [ConsoleVariables] File [D:/jgohw/Work/CompSci 2017/Year 3/FIT3145/Ror_FinalProject/FIT3145-Risk-of-Rhythm/Risk_of_Rhythm/Saved/Config/Windows/Engine.ini]
[2019.08.26-02.21.44:165][  0]LogInit: Computer: DESKTOP-C3V55J4
[2019.08.26-02.21.44:165][  0]LogInit: User: jgohw
[2019.08.26-02.21.44:165][  0]LogInit: CPU Page size=4096, Cores=4
[2019.08.26-02.21.44:165][  0]LogInit: High frequency timer resolution =2.531249 MHz
[2019.08.26-02.21.44:165][  0]LogMemory: Memory total: Physical=15.9GB (16GB approx)
[2019.08.26-02.21.44:165][  0]LogMemory: Platform Memory Stats for Windows
[2019.08.26-02.21.44:165][  0]LogMemory: Process Physical Memory: 96.09 MB used, 96.09 MB peak
[2019.08.26-02.21.44:165][  0]LogMemory: Process Virtual Memory: 90.75 MB used, 90.75 MB peak
[2019.08.26-02.21.44:165][  0]LogMemory: Physical Memory: 5644.87 MB used,  10601.40 MB free, 16246.27 MB total
[2019.08.26-02.21.44:165][  0]LogMemory: Virtual Memory: 4661.74 MB used,  134213064.00 MB free, 134217728.00 MB total
[2019.08.26-02.21.44:198][  0]LogInit: Using OS detected language (en-US).
[2019.08.26-02.21.44:198][  0]LogInit: Using OS detected locale (en-US).
[2019.08.26-02.21.44:198][  0]LogTextLocalizationManager: No specific localization for 'en-US' exists, so the 'en' localization will be used.
[2019.08.26-02.21.44:441][  0]LogInit: Setting process to per monitor DPI aware
[2019.08.26-02.21.44:475][  0]LogSlate: New Slate User Created.  User Index 0, Is Virtual User: 0
[2019.08.26-02.21.44:475][  0]LogSlate: Slate User Registered.  User Index 0, Is Virtual User: 0
[2019.08.26-02.21.44:694][  0]LogHMD: Failed to initialize OpenVR with code 110
[2019.08.26-02.21.44:694][  0]LogD3D11RHI: D3D11 adapters:
[2019.08.26-02.21.44:784][  0]LogD3D11RHI:    0. 'NVIDIA GeForce GTX 960M' (Feature Level 11_0)
[2019.08.26-02.21.44:784][  0]LogD3D11RHI:       4055/0/8123 MB DedicatedVideo/DedicatedSystem/SharedSystem, Outputs:1, VendorId:0x10de
[2019.08.26-02.21.44:801][  0]LogD3D11RHI:    1. 'Intel(R) HD Graphics 530' (Feature Level 11_0)
[2019.08.26-02.21.44:801][  0]LogD3D11RHI:       128/0/8123 MB DedicatedVideo/DedicatedSystem/SharedSystem, Outputs:0, VendorId:0x8086
[2019.08.26-02.21.44:804][  0]LogD3D11RHI:    2. 'Microsoft Basic Render Driver' (Feature Level 11_0)
[2019.08.26-02.21.44:804][  0]LogD3D11RHI:       0/0/8123 MB DedicatedVideo/DedicatedSystem/SharedSystem, Outputs:0, VendorId:0x1414
[2019.08.26-02.21.44:804][  0]LogD3D11RHI: Chosen D3D11 Adapter: 0
[2019.08.26-02.21.44:850][  0]LogD3D11RHI: Creating new Direct3DDevice
[2019.08.26-02.21.44:850][  0]LogD3D11RHI:     GPU DeviceId: 0x139b (for the marketing name, search the web for "GPU Device Id")
[2019.08.26-02.21.44:850][  0]LogWindows: EnumDisplayDevices:
[2019.08.26-02.21.44:850][  0]LogWindows:    0. 'Intel(R) HD Graphics 530' (P:1 D:1)
[2019.08.26-02.21.44:850][  0]LogWindows:    1. 'Intel(R) HD Graphics 530' (P:0 D:0)
[2019.08.26-02.21.44:850][  0]LogWindows:    2. 'Intel(R) HD Graphics 530' (P:0 D:0)
[2019.08.26-02.21.44:851][  0]LogWindows: DebugString: PrimaryIsNotTheChoosenAdapter PrimaryIsNotTheChoosenAdapter PrimaryIsNotTheChoosenAdapter FoundDriverCount:0 
[2019.08.26-02.21.44:851][  0]LogD3D11RHI:     Adapter Name: NVIDIA GeForce GTX 960M
[2019.08.26-02.21.44:851][  0]LogD3D11RHI:   Driver Version: Unknown (internal:Unknown, unified:Unknown)
[2019.08.26-02.21.44:851][  0]LogD3D11RHI:      Driver Date: Unknown
[2019.08.26-02.21.44:851][  0]LogRHI: Texture pool is 2839 MB (70% of 4055 MB)
[2019.08.26-02.21.44:904][  0]LogD3D11RHI: Async texture creation enabled
[2019.08.26-02.21.44:914][  0]LogRendererCore: FGlobalReadBuffer::InitRHI
[2019.08.26-02.21.44:914][  0]LogRendererCore: FGlobalReadBuffer::InitRHI
[2019.08.26-02.21.44:914][  0]LogRendererCore: FGlobalReadBuffer::InitRHI
[2019.08.26-02.21.44:928][  0]LogD3D11RHI: GPU Timing Frequency: 1000.000000 (Debug: 2 2)
[2019.08.26-02.21.45:325][  0]LogTemp: Display: Module 'AllDesktopTargetPlatform' loaded TargetPlatform 'AllDesktop'
[2019.08.26-02.21.45:341][  0]LogTemp: Display: Module 'MacClientTargetPlatform' loaded TargetPlatform 'MacClient'
[2019.08.26-02.21.45:357][  0]LogTemp: Display: Module 'MacNoEditorTargetPlatform' loaded TargetPlatform 'MacNoEditor'
[2019.08.26-02.21.45:374][  0]LogTemp: Display: Module 'MacServerTargetPlatform' loaded TargetPlatform 'MacServer'
[2019.08.26-02.21.45:390][  0]LogTemp: Display: Module 'MacTargetPlatform' loaded TargetPlatform 'Mac'
[2019.08.26-02.21.45:407][  0]LogTemp: Display: Module 'WindowsClientTargetPlatform' loaded TargetPlatform 'WindowsClient'
[2019.08.26-02.21.45:422][  0]LogTemp: Display: Module 'WindowsNoEditorTargetPlatform' loaded TargetPlatform 'WindowsNoEditor'
[2019.08.26-02.21.45:438][  0]LogTemp: Display: Module 'WindowsServerTargetPlatform' loaded TargetPlatform 'WindowsServer'
[2019.08.26-02.21.45:445][  0]LogTemp: Display: Module 'WindowsTargetPlatform' loaded TargetPlatform 'Windows'
[2019.08.26-02.21.45:548][  0]LogTemp: Display: Module 'AndroidTargetPlatform' loaded TargetPlatform 'Android'
[2019.08.26-02.21.45:548][  0]LogTemp: Display: Module 'AndroidTargetPlatform' loaded TargetPlatform 'Android_ASTC'
[2019.08.26-02.21.45:548][  0]LogTemp: Display: Module 'AndroidTargetPlatform' loaded TargetPlatform 'Android_ATC'
[2019.08.26-02.21.45:548][  0]LogTemp: Display: Module 'AndroidTargetPlatform' loaded TargetPlatform 'Android_DXT'
[2019.08.26-02.21.45:549][  0]LogTemp: Display: Module 'AndroidTargetPlatform' loaded TargetPlatform 'Android_ETC1'
[2019.08.26-02.21.45:549][  0]LogTemp: Display: Module 'AndroidTargetPlatform' loaded TargetPlatform 'Android_ETC1a'
[2019.08.26-02.21.45:549][  0]LogTemp: Display: Module 'AndroidTargetPlatform' loaded TargetPlatform 'Android_ETC2'
[2019.08.26-02.21.45:549][  0]LogTemp: Display: Module 'AndroidTargetPlatform' loaded TargetPlatform 'Android_PVRTC'
[2019.08.26-02.21.45:549][  0]LogTemp: Display: Module 'AndroidTargetPlatform' loaded TargetPlatform 'AndroidClient'
[2019.08.26-02.21.45:549][  0]LogTemp: Display: Module 'AndroidTargetPlatform' loaded TargetPlatform 'Android_ASTCClient'
[2019.08.26-02.21.45:549][  0]LogTemp: Display: Module 'AndroidTargetPlatform' loaded TargetPlatform 'Android_ATCClient'
[2019.08.26-02.21.45:549][  0]LogTemp: Display: Module 'AndroidTargetPlatform' loaded TargetPlatform 'Android_DXTClient'
[2019.08.26-02.21.45:549][  0]LogTemp: Display: Module 'AndroidTargetPlatform' loaded TargetPlatform 'Android_ETC1Client'
[2019.08.26-02.21.45:549][  0]LogTemp: Display: Module 'AndroidTargetPlatform' loaded TargetPlatform 'Android_ETC1aClient'
[2019.08.26-02.21.45:549][  0]LogTemp: Display: Module 'AndroidTargetPlatform' loaded TargetPlatform 'Android_ETC2Client'
[2019.08.26-02.21.45:549][  0]LogTemp: Display: Module 'AndroidTargetPlatform' loaded TargetPlatform 'Android_PVRTCClient'
[2019.08.26-02.21.45:549][  0]LogTemp: Display: Module 'AndroidTargetPlatform' loaded TargetPlatform 'Android_Multi'
[2019.08.26-02.21.45:549][  0]LogTemp: Display: Module 'AndroidTargetPlatform' loaded TargetPlatform 'Android_MultiClient'
[2019.08.26-02.21.45:550][  0]LogTemp: Display: Module 'HTML5TargetPlatform' loaded TargetPlatform 'HTML5'
[2019.08.26-02.21.45:606][  0]LogTemp: Display: Module 'IOSTargetPlatform' loaded TargetPlatform 'IOSClient'
[2019.08.26-02.21.45:606][  0]LogTemp: Display: Module 'IOSTargetPlatform' loaded TargetPlatform 'IOS'
[2019.08.26-02.21.45:633][  0]LogTemp: Display: Module 'TVOSTargetPlatform' loaded TargetPlatform 'TVOSClient'
[2019.08.26-02.21.45:633][  0]LogTemp: Display: Module 'TVOSTargetPlatform' loaded TargetPlatform 'TVOS'
[2019.08.26-02.21.45:647][  0]LogTemp: Display: Module 'LinuxClientTargetPlatform' loaded TargetPlatform 'LinuxClient'
[2019.08.26-02.21.45:664][  0]LogTemp: Display: Module 'LinuxNoEditorTargetPlatform' loaded TargetPlatform 'LinuxNoEditor'
[2019.08.26-02.21.45:681][  0]LogTemp: Display: Module 'LinuxServerTargetPlatform' loaded TargetPlatform 'LinuxServer'
[2019.08.26-02.21.45:697][  0]LogTemp: Display: Module 'LinuxTargetPlatform' loaded TargetPlatform 'Linux'
[2019.08.26-02.21.45:746][  0]LogTemp: Display: Module 'LuminTargetPlatform' loaded TargetPlatform 'Lumin'
[2019.08.26-02.21.45:746][  0]LogTemp: Display: Module 'LuminTargetPlatform' loaded TargetPlatform 'LuminClient'
[2019.08.26-02.21.45:746][  0]LogTargetPlatformManager: Display: Building Assets For Windows
[2019.08.26-02.21.45:760][  0]LogAudioDebug: Display: Lib vorbis DLL was dynamically loaded.
[2019.08.26-02.21.45:818][  0]LogShaderCompilers: Guid format shader working directory is -51 characters bigger than the processId version (D:/jgohw/Work/CompSci 2017/Year 3/FIT3145/Ror_FinalProject/FIT3145-Risk-of-Rhythm/Risk_of_Rhythm/Intermediate/Shaders/WorkingDirectory/17416/).
[2019.08.26-02.21.45:818][  0]LogShaderCompilers: Cleaned the shader compiler working directory 'C:/Users/jgohw/AppData/Local/Temp/UnrealShaderWorkingDir/E3E06BA444B15FEA6C8A4D849B8AD352/'.
[2019.08.26-02.21.45:820][  0]LogXGEController: Cannot use XGE Controller as Incredibuild is not installed on this machine.
[2019.08.26-02.21.45:820][  0]LogShaderCompilers: Cannot use XGE Shader Compiler as Incredibuild is not installed on this machine.
[2019.08.26-02.21.45:820][  0]LogShaderCompilers: Display: Using Local Shader Compiler.
[2019.08.26-02.21.46:505][  0]LogDerivedDataCache: Display: Max Cache Size: 512 MB
[2019.08.26-02.21.46:569][  0]LogDerivedDataCache: Loaded boot cache 0.06s 73MB C:/Users/jgohw/AppData/Local/UnrealEngine/4.22/DerivedDataCache/Boot.ddc.
[2019.08.26-02.21.46:569][  0]LogDerivedDataCache: Display: Loaded Boot cache: C:/Users/jgohw/AppData/Local/UnrealEngine/4.22/DerivedDataCache/Boot.ddc
[2019.08.26-02.21.46:569][  0]LogDerivedDataCache: FDerivedDataBackendGraph:  Pak pak cache file D:/jgohw/Work/CompSci 2017/Year 3/FIT3145/Ror_FinalProject/FIT3145-Risk-of-Rhythm/Risk_of_Rhythm/DerivedDataCache/DDC.ddp not found, will not use a pak cache.
[2019.08.26-02.21.46:569][  0]LogDerivedDataCache: Unable to find inner node Pak for hierarchical cache Hierarchy.
[2019.08.26-02.21.46:569][  0]LogDerivedDataCache: FDerivedDataBackendGraph:  CompressedPak pak cache file D:/jgohw/Work/CompSci 2017/Year 3/FIT3145/Ror_FinalProject/FIT3145-Risk-of-Rhythm/Risk_of_Rhythm/DerivedDataCache/Compressed.ddp not found, will not use a pak cache.
[2019.08.26-02.21.46:569][  0]LogDerivedDataCache: Unable to find inner node CompressedPak for hierarchical cache Hierarchy.
[2019.08.26-02.21.46:585][  0]LogDerivedDataCache: Display: Pak cache opened for reading ../../../Engine/DerivedDataCache/Compressed.ddp.
[2019.08.26-02.21.46:585][  0]LogDerivedDataCache: FDerivedDataBackendGraph:  EnterprisePak pak cache file ../../../Enterprise/DerivedDataCache/Compressed.ddp not found, will not use a pak cache.
[2019.08.26-02.21.46:585][  0]LogDerivedDataCache: Unable to find inner node EnterprisePak for hierarchical cache Hierarchy.
[2019.08.26-02.21.46:597][  0]LogDerivedDataCache: Using Local data cache path C:/Users/jgohw/AppData/Local/UnrealEngine/Common/DerivedDataCache: Writable
[2019.08.26-02.21.46:597][  0]LogDerivedDataCache: Shared data cache path not found in *engine.ini, will not use an Shared cache.
[2019.08.26-02.21.46:597][  0]LogDerivedDataCache: Unable to find inner node Shared for hierarchical cache Hierarchy.
[2019.08.26-02.21.46:626][  0]LogMaterial: Verifying Global Shaders for PCD3D_SM5
[2019.08.26-02.21.46:627][  0]LogSlate: Using FreeType 2.6.0
[2019.08.26-02.21.46:628][  0]LogSlate: SlateFontServices - WITH_FREETYPE: 1, WITH_HARFBUZZ: 1
[2019.08.26-02.21.46:720][  0]LogAssetRegistry: FAssetRegistry took 0.0351 seconds to start up
[2019.08.26-02.21.47:138][  0]LogInit: Selected Device Profile: [Windows]
[2019.08.26-02.21.47:307][  0]LogMeshReduction: Using QuadricMeshReduction for automatic static mesh reduction
[2019.08.26-02.21.47:307][  0]LogMeshReduction: Using SimplygonMeshReduction for automatic skeletal mesh reduction
[2019.08.26-02.21.47:307][  0]LogMeshReduction: Using ProxyLODMeshReduction for automatic mesh merging
[2019.08.26-02.21.47:307][  0]LogMeshReduction: No distributed automatic mesh merging module available
[2019.08.26-02.21.47:307][  0]LogMeshMerging: No distributed automatic mesh merging module available
[2019.08.26-02.21.47:321][  0]LogNetVersion: Risk_of_Rhythm 1.0.0, NetCL: 5660361, EngineNetVer: 10, GameNetVer: 0 (Checksum: 3536271414)
[2019.08.26-02.21.47:832][  0]LogPackageLocalizationCache: Processed 10 localized package path(s) for 1 prioritized culture(s) in 0.072527 seconds
[2019.08.26-02.21.47:839][  0]LogUObjectArray: 42205 objects as part of root set at end of initial load.
[2019.08.26-02.21.47:839][  0]LogUObjectAllocator: 7325032 out of 0 bytes used by permanent object pool.
[2019.08.26-02.21.47:839][  0]LogUObjectArray: CloseDisregardForGC: 0/0 objects in disregard for GC pool
[2019.08.26-02.21.48:799][  0]LogTcpMessaging: Initializing TcpMessaging bridge
[2019.08.26-02.21.48:815][  0]LogUdpMessaging: Initializing bridge on interface 0.0.0.0:0 to multicast group 230.0.0.1:6666.
[2019.08.26-02.21.48:933][  0]SourceControl: Source control is disabled
[2019.08.26-02.21.48:933][  0]SourceControl: Source control is disabled
[2019.08.26-02.21.48:935][  0]SourceControl: Source control is disabled
[2019.08.26-02.21.48:936][  0]SourceControl: Source control is disabled
[2019.08.26-02.21.48:945][  0]LogVSAccessor: Display: Unable to create Visual Studio setup instance: 80040154
[2019.08.26-02.21.48:946][  0]LogVSAccessor: Display: Unable to create Visual Studio setup instance: 80040154
[2019.08.26-02.21.49:017][  0]LogAndroidPermission: UAndroidPermissionCallbackProxy::GetInstance
[2019.08.26-02.21.49:093][  0]LogOcInput: OculusInput pre-init called
[2019.08.26-02.21.49:899][  0]LogEngine: Initializing Engine...
[2019.08.26-02.21.49:900][  0]LogHMD: Failed to initialize OpenVR with code 110
[2019.08.26-02.21.49:901][  0]LogStats: UGameplayTagsManager::InitializeManager -  0.000 s
[2019.08.26-02.21.50:145][  0]LogInit: Initializing FReadOnlyCVARCache
[2019.08.26-02.21.50:159][  0]LogAIModule: Creating AISystem for world Untitled
[2019.08.26-02.21.50:184][  0]LogInit: XAudio2 using 'Speakers / Headphones (Realtek Audio)' : 2 channels at 48 kHz using 32 bits per sample (channel mask 0x3)
[2019.08.26-02.21.50:284][  0]LogInit: FAudioDevice initialized.
[2019.08.26-02.21.50:284][  0]LogNetVersion: Set ProjectVersion to 1.0.0.0. Version Checksum will be recalculated on next use.
[2019.08.26-02.21.50:523][  0]LogDerivedDataCache: Saved boot cache 0.24s 73MB C:/Users/jgohw/AppData/Local/UnrealEngine/4.22/DerivedDataCache/Boot.ddc.
[2019.08.26-02.21.50:543][  0]LogInit: Texture streaming: Enabled
[2019.08.26-02.21.50:563][  0]LogEngineSessionManager: EngineSessionManager initialized
[2019.08.26-02.21.50:597][  0]LogInit: Transaction tracking system initialized
[2019.08.26-02.21.50:623][  0]BlueprintLog: New page: Editor Load
[2019.08.26-02.21.50:710][  0]LocalizationService: Localization service is disabled
[2019.08.26-02.21.50:835][  0]LogVSAccessor: Display: Unable to create Visual Studio setup instance: 80040154
[2019.08.26-02.21.50:835][  0]LogVSAccessor: Display: Unable to create Visual Studio setup instance: 80040154
[2019.08.26-02.21.51:147][  0]LogCook: Display: Max memory allowance for cook 16384mb min free memory 0mb
[2019.08.26-02.21.51:147][  0]LogCook: Display: Mobile HDR setting 1
[2019.08.26-02.21.51:402][  0]LogFileCache: Scanning file cache for directory 'D:/jgohw/Work/CompSci 2017/Year 3/FIT3145/Ror_FinalProject/FIT3145-Risk-of-Rhythm/Risk_of_Rhythm/Content/' took 0.04s
[2019.08.26-02.21.51:402][  0]SourceControl: Source control is disabled
[2019.08.26-02.21.51:403][  0]Cmd: MAP LOAD FILE="D:/jgohw/Work/CompSci 2017/Year 3/FIT3145/Ror_FinalProject/FIT3145-Risk-of-Rhythm/Risk_of_Rhythm/Content/TopDownBP/Maps/TopDownExampleMap.umap" TEMPLATE=0 SHOWPROGRESS=1 FEATURELEVEL=3
[2019.08.26-02.21.51:435][  0]LightingResults: New page: Lighting Build
[2019.08.26-02.21.51:437][  0]MapCheck: New page: Map Check
[2019.08.26-02.21.51:437][  0]LightingResults: New page: Lighting Build
[2019.08.26-02.21.51:463][  0]LogUObjectHash: Compacting FUObjectHashTables data took   1.78ms
[2019.08.26-02.21.52:318][  0]LogLinker: Warning: Can't find file '/Game/TopDownBP/Maps/TopDownExampleMap_BuiltData'
[2019.08.26-02.21.52:318][  0]LogLinker: Warning: Can't find file for asset '/Game/TopDownBP/Maps/TopDownExampleMap_BuiltData' while loading NULL.
[2019.08.26-02.21.52:322][  0]LogLinker: Warning: Can't find file '/Game/TopDownBP/Maps/TopDownExampleMap_BuiltData'
[2019.08.26-02.21.52:322][  0]LogLinker: Warning: Can't find file for asset '/Game/TopDownBP/Maps/TopDownExampleMap_BuiltData' while loading NULL.
[2019.08.26-02.21.52:352][  0]LogLinker: Warning: Can't find file '/Game/TopDownBP/Maps/TopDownExampleMap_BuiltData'
[2019.08.26-02.21.52:352][  0]LogLinker: Warning: Can't find file for asset '/Game/TopDownBP/Maps/TopDownExampleMap_BuiltData' while loading NULL.
[2019.08.26-02.21.52:352][  0]LogLinker: Warning: Can't find file '/Game/TopDownBP/Maps/TopDownExampleMap_BuiltData'
[2019.08.26-02.21.52:352][  0]LogLinker: Warning: Can't find file for asset '/Game/TopDownBP/Maps/TopDownExampleMap_BuiltData' while loading NULL.
[2019.08.26-02.21.52:797][  0]LogLinker: Warning: Can't find file '/Game/TopDownBP/Maps/TopDownExampleMap_BuiltData'
[2019.08.26-02.21.52:797][  0]LoadErrors: Failed to load /Game/TopDownBP/Maps/TopDownExampleMap_BuiltData.TopDownExampleMap_BuiltData Referenced by PersistentLevel
[2019.08.26-02.21.52:798][  0]LogLinker: Warning: Can't find file for asset '/Game/TopDownBP/Maps/TopDownExampleMap_BuiltData' while loading NULL.
[2019.08.26-02.21.53:331][  0]LogAIModule: Creating AISystem for world TopDownExampleMap
[2019.08.26-02.21.53:426][  0]LogEditorServer: Finished looking for orphan Actors (0.000 secs)
[2019.08.26-02.21.53:457][  0]LogUObjectHash: Compacting FUObjectHashTables data took   2.26ms
[2019.08.26-02.21.53:458][  0]Cmd: MAP CHECKDEP NOCLEARLOG
[2019.08.26-02.21.53:458][  0]MapCheck: Map check complete: 0 Error(s), 0 Warning(s), took 0.091ms to complete.
[2019.08.26-02.21.53:458][  0]LogFileHelpers: Loading map 'TopDownExampleMap' took 2.056
[2019.08.26-02.21.53:872][  0]LogSlate: Updating window title bar state: overlay mode, drag disabled, window buttons hidden, title bar hidden
[2019.08.26-02.21.53:882][  0]LogSlate: Updating window title bar state: overlay mode, drag disabled, window buttons hidden, title bar hidden
[2019.08.26-02.21.53:891][  0]LogSlate: Updating window title bar state: overlay mode, drag disabled, window buttons hidden, title bar hidden
[2019.08.26-02.21.53:901][  0]LogSlate: Updating window title bar state: overlay mode, drag disabled, window buttons hidden, title bar hidden
[2019.08.26-02.21.53:918][  0]LogCollectionManager: Loaded 0 collections in 0.001822 seconds
[2019.08.26-02.21.54:138][  0]LogFileCache: Scanning file cache for directory 'D:/jgohw/Work/CompSci 2017/Year 3/FIT3145/Ror_FinalProject/FIT3145-Risk-of-Rhythm/Risk_of_Rhythm/Saved/Collections/' took 0.01s
[2019.08.26-02.21.54:138][  0]LogFileCache: Scanning file cache for directory 'D:/jgohw/Work/CompSci 2017/Year 3/FIT3145/Ror_FinalProject/FIT3145-Risk-of-Rhythm/Risk_of_Rhythm/Content/Developers/jgohw/Collections/' took 0.01s
[2019.08.26-02.21.54:138][  0]LogFileCache: Scanning file cache for directory 'D:/jgohw/Work/CompSci 2017/Year 3/FIT3145/Ror_FinalProject/FIT3145-Risk-of-Rhythm/Risk_of_Rhythm/Content/Collections/' took 0.01s
[2019.08.26-02.21.54:138][  0]LogCollectionManager: Rebuilt the GUID cache for 0 collections in 0.000000 seconds
[2019.08.26-02.21.54:148][  0]LogContentBrowser: Native class hierarchy populated in 0.0097 seconds. Added 2733 classes and 662 folders.
[2019.08.26-02.21.54:193][  0]LogContentBrowser: Native class hierarchy updated for 'WidgetCarousel' in 0.0003 seconds. Added 0 classes and 0 folders.
[2019.08.26-02.21.54:267][  0]LogPakFile: Registered encryption key '00000000000000000000000000000000': 0 pak files mounted, 0 remain pending
[2019.08.26-02.21.54:298][  0]LogPakFile: Registered encryption key '00000000000000000000000000000000': 0 pak files mounted, 0 remain pending
[2019.08.26-02.21.54:316][  0]LogPakFile: Registered encryption key '00000000000000000000000000000000': 0 pak files mounted, 0 remain pending
[2019.08.26-02.21.54:326][  0]LogPakFile: Registered encryption key '00000000000000000000000000000000': 0 pak files mounted, 0 remain pending
[2019.08.26-02.21.54:334][  0]LogPakFile: Registered encryption key '00000000000000000000000000000000': 0 pak files mounted, 0 remain pending
[2019.08.26-02.21.54:341][  0]LogPakFile: Registered encryption key '00000000000000000000000000000000': 0 pak files mounted, 0 remain pending
[2019.08.26-02.21.54:348][  0]LogPakFile: Registered encryption key '00000000000000000000000000000000': 0 pak files mounted, 0 remain pending
[2019.08.26-02.21.54:356][  0]LogPakFile: Registered encryption key '00000000000000000000000000000000': 0 pak files mounted, 0 remain pending
[2019.08.26-02.21.54:366][  0]LogPakFile: Registered encryption key '00000000000000000000000000000000': 0 pak files mounted, 0 remain pending
[2019.08.26-02.21.54:374][  0]LogPakFile: Registered encryption key '00000000000000000000000000000000': 0 pak files mounted, 0 remain pending
[2019.08.26-02.21.54:381][  0]LogPakFile: Registered encryption key '00000000000000000000000000000000': 0 pak files mounted, 0 remain pending
[2019.08.26-02.21.54:388][  0]LogPakFile: Registered encryption key '00000000000000000000000000000000': 0 pak files mounted, 0 remain pending
[2019.08.26-02.21.54:396][  0]LogPakFile: Registered encryption key '00000000000000000000000000000000': 0 pak files mounted, 0 remain pending
[2019.08.26-02.21.54:404][  0]LogPakFile: Registered encryption key '00000000000000000000000000000000': 0 pak files mounted, 0 remain pending
[2019.08.26-02.21.54:411][  0]LogPakFile: Registered encryption key '00000000000000000000000000000000': 0 pak files mounted, 0 remain pending
[2019.08.26-02.21.54:418][  0]LogPakFile: Registered encryption key '00000000000000000000000000000000': 0 pak files mounted, 0 remain pending
[2019.08.26-02.21.54:453][  0]LogPakFile: Registered encryption key '00000000000000000000000000000000': 0 pak files mounted, 0 remain pending
[2019.08.26-02.21.54:462][  0]LogPakFile: Registered encryption key '00000000000000000000000000000000': 0 pak files mounted, 0 remain pending
[2019.08.26-02.21.54:469][  0]LogPakFile: Registered encryption key '00000000000000000000000000000000': 0 pak files mounted, 0 remain pending
[2019.08.26-02.21.54:476][  0]LogPakFile: Registered encryption key '00000000000000000000000000000000': 0 pak files mounted, 0 remain pending
[2019.08.26-02.21.54:484][  0]LogPakFile: Registered encryption key '00000000000000000000000000000000': 0 pak files mounted, 0 remain pending
[2019.08.26-02.21.54:492][  0]LogPakFile: Registered encryption key '00000000000000000000000000000000': 0 pak files mounted, 0 remain pending
[2019.08.26-02.21.54:501][  0]LogPakFile: Registered encryption key '00000000000000000000000000000000': 0 pak files mounted, 0 remain pending
[2019.08.26-02.21.54:510][  0]LogPakFile: Registered encryption key '00000000000000000000000000000000': 0 pak files mounted, 0 remain pending
[2019.08.26-02.21.54:519][  0]LogPakFile: Registered encryption key '00000000000000000000000000000000': 0 pak files mounted, 0 remain pending
[2019.08.26-02.21.54:528][  0]LogPakFile: Registered encryption key '00000000000000000000000000000000': 0 pak files mounted, 0 remain pending
[2019.08.26-02.21.55:531][  0]LogContentBrowser: Native class hierarchy updated for 'AddContentDialog' in 0.0004 seconds. Added 0 classes and 0 folders.
[2019.08.26-02.21.55:602][  0]LogContentBrowser: Native class hierarchy updated for 'SceneOutliner' in 0.0003 seconds. Added 1 classes and 2 folders.
[2019.08.26-02.21.55:926][  0]LogSlate: Took 0.000191 seconds to synchronously load lazily loaded font '../../../Engine/Content/Slate/Fonts/Roboto-Regular.ttf' (155K)
[2019.08.26-02.21.55:930][  0]LogSlate: Took 0.000274 seconds to synchronously load lazily loaded font '../../../Engine/Content/Slate/Fonts/Roboto-Bold.ttf' (160K)
[2019.08.26-02.21.55:954][  0]LogSlate: Took 0.016232 seconds to synchronously load lazily loaded font '../../../Engine/Content/Editor/Slate/Fonts/FontAwesome.ttf' (139K)
[2019.08.26-02.21.56:177][  0]LogRenderer: Reallocating scene render targets to support 964x436 Format 10 NumSamples 1 (Frame:1).
[2019.08.26-02.21.56:600][  0]LogSlate: FSceneViewport::OnFocusLost() reason 2
[2019.08.26-02.21.56:669][  0]LogSlate: Window 'Tutorials' being destroyed
[2019.08.26-02.21.56:704][  0]LogContentBrowser: Native class hierarchy updated for 'HierarchicalLODOutliner' in 0.0005 seconds. Added 0 classes and 0 folders.
[2019.08.26-02.21.56:704][  0]LogLoad: (Engine Initialization) Total time: 14.86 seconds
[2019.08.26-02.21.56:704][  0]LogLoad: (Engine Initialization) Total Blueprint compile time: 0.00 seconds
[2019.08.26-02.21.56:714][  0]LogWindowsTextInputMethodSystem: Display: IME system now deactivated.
[2019.08.26-02.21.56:762][  0]LogContentStreaming: Texture pool size now 1000 MB
[2019.08.26-02.21.56:764][  0]LogSlate: FSceneViewport::OnFocusLost() reason 2
[2019.08.26-02.21.59:081][  8]LogTexture: Display: Building textures: Empty (AutoDXT, 500X500)
[2019.08.26-02.21.59:082][  8]LogTexture: Display: Building textures: DOWN (AutoDXT, 500X500)
[2019.08.26-02.21.59:082][  8]LogTexture: Display: Building textures: UP (AutoDXT, 500X500)
[2019.08.26-02.21.59:082][  8]LogTexture: Display: Building textures: RIGHT (AutoDXT, 500X500)
[2019.08.26-02.21.59:082][  8]LogTexture: Display: Building textures: LEFT (AutoDXT, 500X500)
[2019.08.26-02.21.59:082][  8]LogAudioDerivedData: Display: Building compressed audio format OGG hash OGG wave Drum...
[2019.08.26-02.21.59:197][  8]LogTexture: Display: Building textures: BattleUI (AutoDXT, 2560X1440)
[2019.08.26-02.21.59:197][  8]LogAudioDerivedData: Display: Updated SoundWave->RawPCMDataSize from 0 to 86756 while cooking SoundWave /Game/ZhengduoZhu/Audio/Drum.Drum.
[2019.08.26-02.21.59:399][  8]LogAudioDerivedData: Display: Building compressed audio format OGG hash OGG wave y2mate_com_-_bofu2015_street_sakura_fubuki_bga_0keUnlH_0IY...
[2019.08.26-02.22.02:442][  8]LogAudioDerivedData: Display: Updated SoundWave->RawPCMDataSize from 0 to 23066892 while cooking SoundWave /Game/ZhengduoZhu/Audio/y2mate_com_-_bofu2015_street_sakura_fubuki_bga_0keUnlH_0IY.y2mate_com_-_bofu2015_street_sakura_fubuki_bga_0keUnlH_0IY.
[2019.08.26-02.22.02:566][  8]LogSlate: Took 0.011829 seconds to synchronously load lazily loaded font '../../../Engine/Content/Slate/Fonts/Roboto-Light.ttf' (167K)
[2019.08.26-02.22.02:594][  8]LogAssetEditorManager: Opening Asset editor for Blueprint /Game/ZhengduoZhu/Character/Zheng_Character.Zheng_Character
[2019.08.26-02.22.03:000][  8]LogContentBrowser: Native class hierarchy updated for 'BlueprintGraph' in 0.0007 seconds. Added 121 classes and 0 folders.
[2019.08.26-02.22.04:320][  8]LogAssetEditorManager: Opening Asset editor for WidgetBlueprint /Game/ZhengduoZhu/UI/EnemyHealthBar.EnemyHealthBar
[2019.08.26-02.22.05:799][  8]LogBlueprintActionDatabase: Requesting refresh due to module change: SequencerWidgets (loaded)
[2019.08.26-02.22.06:066][  8]LogAssetEditorManager: Opening Asset editor for Blueprint /Game/ZhengduoZhu/Blueprint/BP_Monster.BP_Monster
[2019.08.26-02.22.06:479][  8]LogAssetEditorManager: Opening Asset editor for Blueprint /Game/ZhengduoZhu/Blueprint/GM_Zheng.GM_Zheng
[2019.08.26-02.22.06:878][  8]LogAssetEditorManager: Opening Asset editor for Blueprint /Game/ZhengduoZhu/Blueprint/BP_SpawnBeats.BP_SpawnBeats
[2019.08.26-02.22.07:281][  8]LogAssetEditorManager: Opening Asset editor for WidgetBlueprint /Game/ZhengduoZhu/UI/PlayerHealthBar.PlayerHealthBar
[2019.08.26-02.22.07:731][  8]LogAssetEditorManager: Opening Asset editor for LevelSequence /Game/ZhengduoZhu/TestSequencer.TestSequencer
[2019.08.26-02.22.09:155][  8]LogBlueprintUserMessages: [BP_Monster_C_0] CastCharacterFailed!
[2019.08.26-02.22.09:155][  8]LogBlueprintUserMessages: [BP_Monster_C_0] CastCharacterFailed!
[2019.08.26-02.22.09:162][  8]LogScript: Warning: Accessed None trying to read property MyGameMode
	BP_SpawnBeats_C /Engine/Transient.World_5:PersistentLevel.BP_SpawnBeats_C_0
	Function /Game/ZhengduoZhu/Blueprint/BP_SpawnBeats.BP_SpawnBeats_C:ExecuteUbergraph_BP_SpawnBeats:0246
[2019.08.26-02.22.09:162][  8]LogScript: Warning: Accessed None trying to read property MyGameMode
	BP_SpawnBeats_C /Engine/Transient.World_5:PersistentLevel.BP_SpawnBeats_C_0
	Function /Game/ZhengduoZhu/Blueprint/BP_SpawnBeats.BP_SpawnBeats_C:ExecuteUbergraph_BP_SpawnBeats:029F
[2019.08.26-02.22.09:162][  8]LogScript: Warning: Accessed None trying to read property MyGameMode
	BP_SpawnBeats_C /Engine/Transient.World_5:PersistentLevel.BP_SpawnBeats_C_0
	Function /Game/ZhengduoZhu/Blueprint/BP_SpawnBeats.BP_SpawnBeats_C:ExecuteUbergraph_BP_SpawnBeats:017C
[2019.08.26-02.22.09:162][  8]LogScript: Warning: Accessed None trying to read property MyGameMode
	BP_SpawnBeats_C /Engine/Transient.World_5:PersistentLevel.BP_SpawnBeats_C_0
	Function /Game/ZhengduoZhu/Blueprint/BP_SpawnBeats.BP_SpawnBeats_C:ExecuteUbergraph_BP_SpawnBeats:0101
[2019.08.26-02.22.09:162][  8]LogScript: Warning: Accessed None trying to read property MyGameMode
	BP_SpawnBeats_C /Engine/Transient.World_5:PersistentLevel.BP_SpawnBeats_C_0
	Function /Game/ZhengduoZhu/Blueprint/BP_SpawnBeats.BP_SpawnBeats_C:ExecuteUbergraph_BP_SpawnBeats:0246
[2019.08.26-02.22.09:162][  8]LogScript: Warning: Accessed None trying to read property MyGameMode
	BP_SpawnBeats_C /Engine/Transient.World_5:PersistentLevel.BP_SpawnBeats_C_0
	Function /Game/ZhengduoZhu/Blueprint/BP_SpawnBeats.BP_SpawnBeats_C:ExecuteUbergraph_BP_SpawnBeats:029F
[2019.08.26-02.22.09:162][  8]LogScript: Warning: Accessed None trying to read property MyGameMode
	BP_SpawnBeats_C /Engine/Transient.World_5:PersistentLevel.BP_SpawnBeats_C_0
	Function /Game/ZhengduoZhu/Blueprint/BP_SpawnBeats.BP_SpawnBeats_C:ExecuteUbergraph_BP_SpawnBeats:017C
[2019.08.26-02.22.09:162][  8]LogScript: Warning: Accessed None trying to read property MyGameMode
	BP_SpawnBeats_C /Engine/Transient.World_5:PersistentLevel.BP_SpawnBeats_C_0
	Function /Game/ZhengduoZhu/Blueprint/BP_SpawnBeats.BP_SpawnBeats_C:ExecuteUbergraph_BP_SpawnBeats:0101
[2019.08.26-02.22.09:162][  8]LogScript: Warning: Accessed None trying to read property MyGameMode
	BP_SpawnBeats_C /Engine/Transient.World_5:PersistentLevel.BP_SpawnBeats_C_0
	Function /Game/ZhengduoZhu/Blueprint/BP_SpawnBeats.BP_SpawnBeats_C:ExecuteUbergraph_BP_SpawnBeats:0246
[2019.08.26-02.22.09:162][  8]LogScript: Warning: Accessed None trying to read property MyGameMode
	BP_SpawnBeats_C /Engine/Transient.World_5:PersistentLevel.BP_SpawnBeats_C_0
	Function /Game/ZhengduoZhu/Blueprint/BP_SpawnBeats.BP_SpawnBeats_C:ExecuteUbergraph_BP_SpawnBeats:029F
[2019.08.26-02.22.09:163][  8]LogScript: Warning: Accessed None trying to read property MyGameMode
	BP_SpawnBeats_C /Engine/Transient.World_5:PersistentLevel.BP_SpawnBeats_C_0
	Function /Game/ZhengduoZhu/Blueprint/BP_SpawnBeats.BP_SpawnBeats_C:ExecuteUbergraph_BP_SpawnBeats:0246
[2019.08.26-02.22.09:163][  8]LogScript: Warning: Accessed None trying to read property MyGameMode
	BP_SpawnBeats_C /Engine/Transient.World_5:PersistentLevel.BP_SpawnBeats_C_0
	Function /Game/ZhengduoZhu/Blueprint/BP_SpawnBeats.BP_SpawnBeats_C:ExecuteUbergraph_BP_SpawnBeats:017C
[2019.08.26-02.22.09:163][  8]LogScript: Warning: Accessed None trying to read property MyGameMode
	BP_SpawnBeats_C /Engine/Transient.World_5:PersistentLevel.BP_SpawnBeats_C_0
	Function /Game/ZhengduoZhu/Blueprint/BP_SpawnBeats.BP_SpawnBeats_C:ExecuteUbergraph_BP_SpawnBeats:0101
[2019.08.26-02.22.09:163][  8]LogScript: Warning: Accessed None trying to read property MyGameMode
	BP_SpawnBeats_C /Engine/Transient.World_5:PersistentLevel.BP_SpawnBeats_C_0
	Function /Game/ZhengduoZhu/Blueprint/BP_SpawnBeats.BP_SpawnBeats_C:ExecuteUbergraph_BP_SpawnBeats:029F
[2019.08.26-02.22.09:163][  8]LogScript: Warning: Accessed None trying to read property MyGameMode
	BP_SpawnBeats_C /Engine/Transient.World_5:PersistentLevel.BP_SpawnBeats_C_0
	Function /Game/ZhengduoZhu/Blueprint/BP_SpawnBeats.BP_SpawnBeats_C:ExecuteUbergraph_BP_SpawnBeats:017C
[2019.08.26-02.22.09:163][  8]LogScript: Warning: Accessed None trying to read property MyGameMode
	BP_SpawnBeats_C /Engine/Transient.World_5:PersistentLevel.BP_SpawnBeats_C_0
	Function /Game/ZhengduoZhu/Blueprint/BP_SpawnBeats.BP_SpawnBeats_C:ExecuteUbergraph_BP_SpawnBeats:0101
[2019.08.26-02.22.09:195][  8]LogAssetRegistry: Asset discovery search completed in 22.4975 seconds
[2019.08.26-02.22.09:198][  8]LogCollectionManager: Rebuilt the object cache for 0 collections in 0.000000 seconds (found 0 objects)
[2019.08.26-02.22.09:198][  8]LogCollectionManager: Fixed up redirectors for 0 collections in 0.000100 seconds (updated 0 objects)
[2019.08.26-02.22.09:252][  8]LogSlate: Took 0.018172 seconds to synchronously load lazily loaded font '../../../Engine/Content/Slate/Fonts/Roboto-BoldCondensed.ttf' (158K)
[2019.08.26-02.22.09:268][  8]LogSlate: Took 0.000179 seconds to synchronously load lazily loaded font '../../../Engine/Content/Slate/Fonts/Roboto-Light.ttf' (167K)
[2019.08.26-02.22.29:130][221]LogEditorViewport: Clicking on Actor (LMB): StaticMeshActor (Floor)
[2019.08.26-02.22.31:157][239]LogSlate: FSceneViewport::OnFocusLost() reason 0
[2019.08.26-02.22.36:795][371]LogSlate: FSceneViewport::OnFocusLost() reason 2
[2019.08.26-02.22.43:629][501]LogD3D11RHI: Error: Result failed 
 at D:\Build\++UE4\Sync\Engine\Source\Runtime\Windows\D3D11RHI\Private\D3D11Query.cpp:296 
 with error DXGI_ERROR_DEVICE_REMOVED DXGI_ERROR_DEVICE_HUNG
[2019.08.26-02.22.43:629][501]LogD3D11RHI: [Aftermath] GDynamicRHI=0000023C2D3A80C0, GDX11NVAfterMathEnabled=0, Result=0xFFFFFFFF, bDeviceActive=0
[2019.08.26-02.22.43:766][501]LogWindows: Windows GetLastError: The operation completed successfully. (0)
[2019.08.26-02.22.48:790][501]LogOutputDevice: Warning: 

Script Stack (0 frames):

[2019.08.26-02.22.48:790][501]LogWindows: Windows GetLastError: The operation completed successfully. (0)
[2019.08.26-02.22.48:790][501]LogWindows: Error: === Critical error: ===
[2019.08.26-02.22.48:790][501]LogWindows: Error: 
[2019.08.26-02.22.48:790][501]LogWindows: Error: Fatal error: [File:D:\Build\++UE4\Sync\Engine\Source\Runtime\RenderCore\Private\RenderingThread.cpp] [Line: 819] 
[2019.08.26-02.22.48:790][501]LogWindows: Error: Rendering thread exception:
[2019.08.26-02.22.48:790][501]LogWindows: Error: Fatal error: [File:D:\Build\++UE4\Sync\Engine\Source\Runtime\Windows\D3D11RHI\Private\D3D11Util.cpp] [Line: 198] 
[2019.08.26-02.22.48:790][501]LogWindows: Error: Unreal Engine is exiting due to D3D device being lost. (Error: 0x887A0006 - 'HUNG')
[2019.08.26-02.22.48:790][501]LogWindows: Error: 
[2019.08.26-02.22.48:790][501]LogWindows: Error: 
[2019.08.26-02.22.48:790][501]LogWindows: Error: Unhandled Exception: 0x00008000
[2019.08.26-02.22.48:790][501]LogWindows: Error: 
[2019.08.26-02.22.48:790][501]LogWindows: Error: [Callstack] 0x00007ffba9afa388 KERNELBASE.dll!UnknownFunction []
[2019.08.26-02.22.48:790][501]LogWindows: Error: [Callstack] 0x00007ffb4bee3667 UE4Editor-Core.dll!UnknownFunction []
[2019.08.26-02.22.48:790][501]LogWindows: Error: [Callstack] 0x00007ffb4bee46e0 UE4Editor-Core.dll!UnknownFunction []
[2019.08.26-02.22.48:790][501]LogWindows: Error: [Callstack] 0x00007ffb4bcf7d1a UE4Editor-Core.dll!UnknownFunction []
[2019.08.26-02.22.48:790][501]LogWindows: Error: [Callstack] 0x00007ffb4bc7fe33 UE4Editor-Core.dll!UnknownFunction []
[2019.08.26-02.22.48:790][501]LogWindows: Error: [Callstack] 0x00007ffb4bc7fd18 UE4Editor-Core.dll!UnknownFunction []
[2019.08.26-02.22.48:790][501]LogWindows: Error: [Callstack] 0x00007ffb2ae52a23 UE4Editor-D3D11RHI.dll!UnknownFunction []
[2019.08.26-02.22.48:790][501]LogWindows: Error: [Callstack] 0x00007ffb2ae5629e UE4Editor-D3D11RHI.dll!UnknownFunction []
[2019.08.26-02.22.48:790][501]LogWindows: Error: [Callstack] 0x00007ffb2ae31228 UE4Editor-D3D11RHI.dll!UnknownFunction []
[2019.08.26-02.22.48:790][501]LogWindows: Error: [Callstack] 0x00007ffb2ae448ad UE4Editor-D3D11RHI.dll!UnknownFunction []
[2019.08.26-02.22.48:790][501]LogWindows: Error: [Callstack] 0x00007ffb4b93e8e0 UE4Editor-RHI.dll!UnknownFunction []
[2019.08.26-02.22.48:790][501]LogWindows: Error: [Callstack] 0x00007ffb4b93e4c4 UE4Editor-RHI.dll!UnknownFunction []
[2019.08.26-02.22.48:790][501]LogWindows: Error: [Callstack] 0x00007ffb4b93f444 UE4Editor-RHI.dll!UnknownFunction []
[2019.08.26-02.22.48:790][501]LogWindows: Error: [Callstack] 0x00007ffb4b936bb4 UE4Editor-RHI.dll!UnknownFunction []
[2019.08.26-02.22.48:790][501]LogWindows: Error: [Callstack] 0x00007ffb2abd769b UE4Editor-SlateRHIRenderer.dll!UnknownFunction []
[2019.08.26-02.22.48:790][501]LogWindows: Error: [Callstack] 0x00007ffb2abde220 UE4Editor-SlateRHIRenderer.dll!UnknownFunction []
[2019.08.26-02.22.48:790][501]LogWindows: Error: [Callstack] 0x00007ffb4bb022d8 UE4Editor-Core.dll!UnknownFunction []
[2019.08.26-02.22.48:790][501]LogWindows: Error: [Callstack] 0x00007ffb4bb02563 UE4Editor-Core.dll!UnknownFunction []
[2019.08.26-02.22.48:790][501]LogWindows: Error: [Callstack] 0x00007ffb4b8359f1 UE4Editor-RenderCore.dll!UnknownFunction []
[2019.08.26-02.22.48:790][501]LogWindows: Error: [Callstack] 0x00007ffb4b83c184 UE4Editor-RenderCore.dll!UnknownFunction []
[2019.08.26-02.22.48:791][501]LogWindows: Error: [Callstack] 0x00007ffb4bef4b3f UE4Editor-Core.dll!UnknownFunction []
[2019.08.26-02.22.48:791][501]LogWindows: Error: [Callstack] 0x00007ffb4bef08a7 UE4Editor-Core.dll!UnknownFunction []
[2019.08.26-02.22.48:791][501]LogWindows: Error: [Callstack] 0x00007ffbac924034 KERNEL32.DLL!UnknownFunction []
[2019.08.26-02.22.48:791][501]LogWindows: Error: [Callstack] 0x00007ffbacd63691 ntdll.dll!UnknownFunction []
[2019.08.26-02.22.48:791][501]LogWindows: Error: 
[2019.08.26-02.22.48:791][501]LogWindows: Error: 
[2019.08.26-02.22.48:791][501]LogWindows: Error: 
[2019.08.26-02.22.48:791][501]LogWindows: Error: 
[2019.08.26-02.22.48:802][501]LogThreadingWindows: Error: Runnable thread RenderThread 1 crashed.
[2019.08.26-02.22.48:802][501]LogWindows: Error: HandleError re-entered.
[2019.08.26-02.22.48:802][501]LogWindows: FPlatformMisc::RequestExit(1)
[2019.08.26-02.22.48:854][501]Log file closed, 08/26/19 12:22:48
